[0.969s] Invoking command in '/home/ashwin/ros2_ws/src/turtlebot_spawn_follower': PYTHONPATH=/home/ashwin/ros2_ws/build/turtlebot_spawn_follower/prefix_override:/home/ashwin/ros2_ws/install/turtlebot_spawn_follower/lib/python3.10/site-packages:${PYTHONPATH} /usr/bin/python3 setup.py egg_info --egg-base ../../build/turtlebot_spawn_follower build --build-base /home/ashwin/ros2_ws/build/turtlebot_spawn_follower/build install --record /home/ashwin/ros2_ws/build/turtlebot_spawn_follower/install.log --single-version-externally-managed
[1.117s] running egg_info
[1.117s] writing ../../build/turtlebot_spawn_follower/turtlebot_spawn_follower.egg-info/PKG-INFO
[1.118s] writing dependency_links to ../../build/turtlebot_spawn_follower/turtlebot_spawn_follower.egg-info/dependency_links.txt
[1.118s] writing entry points to ../../build/turtlebot_spawn_follower/turtlebot_spawn_follower.egg-info/entry_points.txt
[1.118s] writing requirements to ../../build/turtlebot_spawn_follower/turtlebot_spawn_follower.egg-info/requires.txt
[1.118s] writing top-level names to ../../build/turtlebot_spawn_follower/turtlebot_spawn_follower.egg-info/top_level.txt
[1.119s] reading manifest file '../../build/turtlebot_spawn_follower/turtlebot_spawn_follower.egg-info/SOURCES.txt'
[1.120s] writing manifest file '../../build/turtlebot_spawn_follower/turtlebot_spawn_follower.egg-info/SOURCES.txt'
[1.120s] running build
[1.120s] running build_py
[1.120s] running install
[1.120s] running install_lib
[1.121s] running install_data
[1.121s] running install_egg_info
[1.122s] removing '/home/ashwin/ros2_ws/install/turtlebot_spawn_follower/lib/python3.10/site-packages/turtlebot_spawn_follower-0.0.0-py3.10.egg-info' (and everything under it)
[1.122s] Copying ../../build/turtlebot_spawn_follower/turtlebot_spawn_follower.egg-info to /home/ashwin/ros2_ws/install/turtlebot_spawn_follower/lib/python3.10/site-packages/turtlebot_spawn_follower-0.0.0-py3.10.egg-info
[1.123s] running install_scripts
[1.136s] Installing robot_controller script to /home/ashwin/ros2_ws/install/turtlebot_spawn_follower/lib/turtlebot_spawn_follower
[1.136s] writing list of installed files to '/home/ashwin/ros2_ws/build/turtlebot_spawn_follower/install.log'
[1.183s] Invoked command in '/home/ashwin/ros2_ws/src/turtlebot_spawn_follower' returned '0': PYTHONPATH=/home/ashwin/ros2_ws/build/turtlebot_spawn_follower/prefix_override:/home/ashwin/ros2_ws/install/turtlebot_spawn_follower/lib/python3.10/site-packages:${PYTHONPATH} /usr/bin/python3 setup.py egg_info --egg-base ../../build/turtlebot_spawn_follower build --build-base /home/ashwin/ros2_ws/build/turtlebot_spawn_follower/build install --record /home/ashwin/ros2_ws/build/turtlebot_spawn_follower/install.log --single-version-externally-managed
