[0.512s] Invoking command in '/home/ashwin/ros2_ws/build/my_robot_controller': PYTHONPATH=/home/ashwin/ros2_ws/build/my_robot_controller/prefix_override:/home/ashwin/ros2_ws/install/my_robot_controller/lib/python3.10/site-packages:${PYTHONPATH} /usr/bin/python3 setup.py develop --editable --build-directory /home/ashwin/ros2_ws/build/my_robot_controller/build --no-deps install_data
[0.687s] running develop
[0.782s] running egg_info
[0.782s] writing my_robot_controller.egg-info/PKG-INFO
[0.782s] writing dependency_links to my_robot_controller.egg-info/dependency_links.txt
[0.782s] writing entry points to my_robot_controller.egg-info/entry_points.txt
[0.782s] writing requirements to my_robot_controller.egg-info/requires.txt
[0.782s] writing top-level names to my_robot_controller.egg-info/top_level.txt
[0.783s] reading manifest file 'my_robot_controller.egg-info/SOURCES.txt'
[0.784s] writing manifest file 'my_robot_controller.egg-info/SOURCES.txt'
[0.785s] running build_ext
[0.785s] Creating /home/ashwin/ros2_ws/install/my_robot_controller/lib/python3.10/site-packages/my-robot-controller.egg-link (link to .)
[0.786s] Installing draw_circle script to /home/ashwin/ros2_ws/install/my_robot_controller/lib/my_robot_controller
[0.786s] Installing pose_subscriber script to /home/ashwin/ros2_ws/install/my_robot_controller/lib/my_robot_controller
[0.786s] Installing test_node script to /home/ashwin/ros2_ws/install/my_robot_controller/lib/my_robot_controller
[0.786s] Installing turtle_controller script to /home/ashwin/ros2_ws/install/my_robot_controller/lib/my_robot_controller
[0.786s] 
[0.786s] Installed /home/ashwin/ros2_ws/build/my_robot_controller
[0.786s] running install_data
[0.807s] Invoked command in '/home/ashwin/ros2_ws/build/my_robot_controller' returned '0': PYTHONPATH=/home/ashwin/ros2_ws/build/my_robot_controller/prefix_override:/home/ashwin/ros2_ws/install/my_robot_controller/lib/python3.10/site-packages:${PYTHONPATH} /usr/bin/python3 setup.py develop --editable --build-directory /home/ashwin/ros2_ws/build/my_robot_controller/build --no-deps install_data
