[0.955s] Invoking command in '/home/ashwin/ros2_ws/build/my_robot_controller': PYTHONPATH=/home/ashwin/ros2_ws/build/my_robot_controller/prefix_override:/home/ashwin/ros2_ws/install/my_robot_controller/lib/python3.10/site-packages:${PYTHONPATH} /usr/bin/python3 setup.py develop --editable --build-directory /home/ashwin/ros2_ws/build/my_robot_controller/build --no-deps install_data
[1.195s] running develop
[1.322s] running egg_info
[1.323s] writing my_robot_controller.egg-info/PKG-INFO
[1.323s] writing dependency_links to my_robot_controller.egg-info/dependency_links.txt
[1.323s] writing entry points to my_robot_controller.egg-info/entry_points.txt
[1.323s] writing requirements to my_robot_controller.egg-info/requires.txt
[1.323s] writing top-level names to my_robot_controller.egg-info/top_level.txt
[1.324s] reading manifest file 'my_robot_controller.egg-info/SOURCES.txt'
[1.325s] writing manifest file 'my_robot_controller.egg-info/SOURCES.txt'
[1.327s] running build_ext
[1.327s] Creating /home/ashwin/ros2_ws/install/my_robot_controller/lib/python3.10/site-packages/my-robot-controller.egg-link (link to .)
[1.328s] Installing draw_circle script to /home/ashwin/ros2_ws/install/my_robot_controller/lib/my_robot_controller
[1.328s] Installing pose_subscriber script to /home/ashwin/ros2_ws/install/my_robot_controller/lib/my_robot_controller
[1.328s] Installing test_node script to /home/ashwin/ros2_ws/install/my_robot_controller/lib/my_robot_controller
[1.328s] Installing turtle_controller script to /home/ashwin/ros2_ws/install/my_robot_controller/lib/my_robot_controller
[1.328s] 
[1.328s] Installed /home/ashwin/ros2_ws/build/my_robot_controller
[1.329s] running install_data
[1.425s] Invoked command in '/home/ashwin/ros2_ws/build/my_robot_controller' returned '0': PYTHONPATH=/home/ashwin/ros2_ws/build/my_robot_controller/prefix_override:/home/ashwin/ros2_ws/install/my_robot_controller/lib/python3.10/site-packages:${PYTHONPATH} /usr/bin/python3 setup.py develop --editable --build-directory /home/ashwin/ros2_ws/build/my_robot_controller/build --no-deps install_data
