[0.406s] Invoking command in '/home/ashwin/ros2_ws/src/my_robot_controller': PYTHONPATH=/home/ashwin/ros2_ws/build/my_robot_controller/prefix_override:/home/ashwin/ros2_ws/install/my_robot_controller/lib/python3.10/site-packages:${PYTHONPATH} /usr/bin/python3 setup.py egg_info --egg-base ../../build/my_robot_controller build --build-base /home/ashwin/ros2_ws/build/my_robot_controller/build install --record /home/ashwin/ros2_ws/build/my_robot_controller/install.log --single-version-externally-managed
[0.532s] running egg_info
[0.533s] creating ../../build/my_robot_controller/my_robot_controller.egg-info
[0.533s] writing ../../build/my_robot_controller/my_robot_controller.egg-info/PKG-INFO
[0.533s] writing dependency_links to ../../build/my_robot_controller/my_robot_controller.egg-info/dependency_links.txt
[0.533s] writing entry points to ../../build/my_robot_controller/my_robot_controller.egg-info/entry_points.txt
[0.533s] writing requirements to ../../build/my_robot_controller/my_robot_controller.egg-info/requires.txt
[0.533s] writing top-level names to ../../build/my_robot_controller/my_robot_controller.egg-info/top_level.txt
[0.533s] writing manifest file '../../build/my_robot_controller/my_robot_controller.egg-info/SOURCES.txt'
[0.534s] reading manifest file '../../build/my_robot_controller/my_robot_controller.egg-info/SOURCES.txt'
[0.534s] writing manifest file '../../build/my_robot_controller/my_robot_controller.egg-info/SOURCES.txt'
[0.534s] running build
[0.534s] running build_py
[0.535s] creating /home/ashwin/ros2_ws/build/my_robot_controller/build
[0.535s] creating /home/ashwin/ros2_ws/build/my_robot_controller/build/lib
[0.535s] creating /home/ashwin/ros2_ws/build/my_robot_controller/build/lib/my_robot_controller
[0.535s] copying my_robot_controller/__init__.py -> /home/ashwin/ros2_ws/build/my_robot_controller/build/lib/my_robot_controller
[0.535s] running install
[0.535s] /usr/lib/python3/dist-packages/setuptools/command/install.py:34: SetuptoolsDeprecationWarning: setup.py install is deprecated. Use build and pip and other standards-based tools.
[0.535s]   warnings.warn(
[0.535s] running install_lib
[0.535s] creating /home/ashwin/ros2_ws/install/my_robot_controller/lib/python3.10/site-packages/my_robot_controller
[0.536s] copying /home/ashwin/ros2_ws/build/my_robot_controller/build/lib/my_robot_controller/__init__.py -> /home/ashwin/ros2_ws/install/my_robot_controller/lib/python3.10/site-packages/my_robot_controller
[0.536s] byte-compiling /home/ashwin/ros2_ws/install/my_robot_controller/lib/python3.10/site-packages/my_robot_controller/__init__.py to __init__.cpython-310.pyc
[0.536s] running install_data
[0.536s] creating /home/ashwin/ros2_ws/install/my_robot_controller/share/ament_index
[0.536s] creating /home/ashwin/ros2_ws/install/my_robot_controller/share/ament_index/resource_index
[0.536s] creating /home/ashwin/ros2_ws/install/my_robot_controller/share/ament_index/resource_index/packages
[0.536s] copying resource/my_robot_controller -> /home/ashwin/ros2_ws/install/my_robot_controller/share/ament_index/resource_index/packages
[0.536s] copying package.xml -> /home/ashwin/ros2_ws/install/my_robot_controller/share/my_robot_controller
[0.536s] running install_egg_info
[0.537s] Copying ../../build/my_robot_controller/my_robot_controller.egg-info to /home/ashwin/ros2_ws/install/my_robot_controller/lib/python3.10/site-packages/my_robot_controller-0.0.0-py3.10.egg-info
[0.538s] running install_scripts
[0.550s] writing list of installed files to '/home/ashwin/ros2_ws/build/my_robot_controller/install.log'
[0.565s] Invoked command in '/home/ashwin/ros2_ws/src/my_robot_controller' returned '0': PYTHONPATH=/home/ashwin/ros2_ws/build/my_robot_controller/prefix_override:/home/ashwin/ros2_ws/install/my_robot_controller/lib/python3.10/site-packages:${PYTHONPATH} /usr/bin/python3 setup.py egg_info --egg-base ../../build/my_robot_controller build --build-base /home/ashwin/ros2_ws/build/my_robot_controller/build install --record /home/ashwin/ros2_ws/build/my_robot_controller/install.log --single-version-externally-managed
