[0.522s] DEBUG:colcon:Command line arguments: ['/usr/bin/colcon', 'build']
[0.522s] DEBUG:colcon:Parsed command line arguments: Namespace(log_base=None, log_level=None, verb_name='build', build_base='build', install_base='install', merge_install=False, symlink_install=False, test_result_base=None, continue_on_error=False, executor='parallel', parallel_workers=12, event_handlers=None, ignore_user_meta=False, metas=['./colcon.meta'], base_paths=['.'], packages_ignore=None, packages_ignore_regex=None, paths=None, packages_up_to=None, packages_up_to_regex=None, packages_above=None, packages_above_and_dependencies=None, packages_above_depth=None, packages_select_by_dep=None, packages_skip_by_dep=None, packages_skip_up_to=None, packages_select_build_failed=False, packages_skip_build_finished=False, packages_select_test_failures=False, packages_skip_test_passed=False, packages_select=None, packages_skip=None, packages_select_regex=None, packages_skip_regex=None, packages_start=None, packages_end=None, allow_overriding=[], cmake_args=None, cmake_target=None, cmake_target_skip_unavailable=False, cmake_clean_cache=False, cmake_clean_first=False, cmake_force_configure=False, ament_cmake_args=None, catkin_cmake_args=None, catkin_skip_building_tests=False, verb_parser=<colcon_defaults.argument_parser.defaults.DefaultArgumentsDecorator object at 0x7fbd84166590>, verb_extension=<colcon_core.verb.build.BuildVerb object at 0x7fbd84167190>, main=<bound method BuildVerb.main of <colcon_core.verb.build.BuildVerb object at 0x7fbd84167190>>)
[0.546s] Level 1:colcon.colcon_core.package_discovery:discover_packages(colcon_meta) check parameters
[0.546s] Level 1:colcon.colcon_core.package_discovery:discover_packages(recursive) check parameters
[0.546s] Level 1:colcon.colcon_core.package_discovery:discover_packages(ignore) check parameters
[0.546s] Level 1:colcon.colcon_core.package_discovery:discover_packages(path) check parameters
[0.547s] Level 1:colcon.colcon_core.package_discovery:discover_packages(colcon_meta) discover
[0.547s] Level 1:colcon.colcon_core.package_discovery:discover_packages(recursive) discover
[0.547s] INFO:colcon.colcon_core.package_discovery:Crawling recursively for packages in '/home/ashwin/ros2_ws'
[0.547s] Level 1:colcon.colcon_core.package_identification:_identify(.) by extensions ['ignore', 'ignore_ament_install']
[0.547s] Level 1:colcon.colcon_core.package_identification:_identify(.) by extension 'ignore'
[0.547s] Level 1:colcon.colcon_core.package_identification:_identify(.) by extension 'ignore_ament_install'
[0.547s] Level 1:colcon.colcon_core.package_identification:_identify(.) by extensions ['colcon_pkg']
[0.547s] Level 1:colcon.colcon_core.package_identification:_identify(.) by extension 'colcon_pkg'
[0.547s] Level 1:colcon.colcon_core.package_identification:_identify(.) by extensions ['colcon_meta']
[0.547s] Level 1:colcon.colcon_core.package_identification:_identify(.) by extension 'colcon_meta'
[0.547s] Level 1:colcon.colcon_core.package_identification:_identify(.) by extensions ['ros']
[0.547s] Level 1:colcon.colcon_core.package_identification:_identify(.) by extension 'ros'
[0.553s] Level 1:colcon.colcon_core.package_identification:_identify(.) by extensions ['cmake', 'python']
[0.554s] Level 1:colcon.colcon_core.package_identification:_identify(.) by extension 'cmake'
[0.554s] Level 1:colcon.colcon_core.package_identification:_identify(.) by extension 'python'
[0.554s] Level 1:colcon.colcon_core.package_identification:_identify(.) by extensions ['python_setup_py']
[0.554s] Level 1:colcon.colcon_core.package_identification:_identify(.) by extension 'python_setup_py'
[0.554s] Level 1:colcon.colcon_core.package_identification:_identify(build) by extensions ['ignore', 'ignore_ament_install']
[0.554s] Level 1:colcon.colcon_core.package_identification:_identify(build) by extension 'ignore'
[0.554s] Level 1:colcon.colcon_core.package_identification:_identify(build) ignored
[0.554s] Level 1:colcon.colcon_core.package_identification:_identify(install) by extensions ['ignore', 'ignore_ament_install']
[0.554s] Level 1:colcon.colcon_core.package_identification:_identify(install) by extension 'ignore'
[0.554s] Level 1:colcon.colcon_core.package_identification:_identify(install) ignored
[0.554s] Level 1:colcon.colcon_core.package_identification:_identify(log) by extensions ['ignore', 'ignore_ament_install']
[0.554s] Level 1:colcon.colcon_core.package_identification:_identify(log) by extension 'ignore'
[0.554s] Level 1:colcon.colcon_core.package_identification:_identify(log) ignored
[0.554s] Level 1:colcon.colcon_core.package_identification:_identify(src) by extensions ['ignore', 'ignore_ament_install']
[0.554s] Level 1:colcon.colcon_core.package_identification:_identify(src) by extension 'ignore'
[0.554s] Level 1:colcon.colcon_core.package_identification:_identify(src) by extension 'ignore_ament_install'
[0.554s] Level 1:colcon.colcon_core.package_identification:_identify(src) by extensions ['colcon_pkg']
[0.554s] Level 1:colcon.colcon_core.package_identification:_identify(src) by extension 'colcon_pkg'
[0.554s] Level 1:colcon.colcon_core.package_identification:_identify(src) by extensions ['colcon_meta']
[0.554s] Level 1:colcon.colcon_core.package_identification:_identify(src) by extension 'colcon_meta'
[0.554s] Level 1:colcon.colcon_core.package_identification:_identify(src) by extensions ['ros']
[0.554s] Level 1:colcon.colcon_core.package_identification:_identify(src) by extension 'ros'
[0.554s] Level 1:colcon.colcon_core.package_identification:_identify(src) by extensions ['cmake', 'python']
[0.554s] Level 1:colcon.colcon_core.package_identification:_identify(src) by extension 'cmake'
[0.554s] Level 1:colcon.colcon_core.package_identification:_identify(src) by extension 'python'
[0.554s] Level 1:colcon.colcon_core.package_identification:_identify(src) by extensions ['python_setup_py']
[0.554s] Level 1:colcon.colcon_core.package_identification:_identify(src) by extension 'python_setup_py'
[0.554s] Level 1:colcon.colcon_core.package_identification:_identify(src/build) by extensions ['ignore', 'ignore_ament_install']
[0.554s] Level 1:colcon.colcon_core.package_identification:_identify(src/build) by extension 'ignore'
[0.555s] Level 1:colcon.colcon_core.package_identification:_identify(src/build) ignored
[0.555s] Level 1:colcon.colcon_core.package_identification:_identify(src/install) by extensions ['ignore', 'ignore_ament_install']
[0.555s] Level 1:colcon.colcon_core.package_identification:_identify(src/install) by extension 'ignore'
[0.555s] Level 1:colcon.colcon_core.package_identification:_identify(src/install) ignored
[0.555s] Level 1:colcon.colcon_core.package_identification:_identify(src/log) by extensions ['ignore', 'ignore_ament_install']
[0.555s] Level 1:colcon.colcon_core.package_identification:_identify(src/log) by extension 'ignore'
[0.555s] Level 1:colcon.colcon_core.package_identification:_identify(src/log) ignored
[0.555s] Level 1:colcon.colcon_core.package_identification:_identify(src/my_robot_controller) by extensions ['ignore', 'ignore_ament_install']
[0.555s] Level 1:colcon.colcon_core.package_identification:_identify(src/my_robot_controller) by extension 'ignore'
[0.555s] Level 1:colcon.colcon_core.package_identification:_identify(src/my_robot_controller) by extension 'ignore_ament_install'
[0.555s] Level 1:colcon.colcon_core.package_identification:_identify(src/my_robot_controller) by extensions ['colcon_pkg']
[0.555s] Level 1:colcon.colcon_core.package_identification:_identify(src/my_robot_controller) by extension 'colcon_pkg'
[0.555s] Level 1:colcon.colcon_core.package_identification:_identify(src/my_robot_controller) by extensions ['colcon_meta']
[0.555s] Level 1:colcon.colcon_core.package_identification:_identify(src/my_robot_controller) by extension 'colcon_meta'
[0.555s] Level 1:colcon.colcon_core.package_identification:_identify(src/my_robot_controller) by extensions ['ros']
[0.555s] Level 1:colcon.colcon_core.package_identification:_identify(src/my_robot_controller) by extension 'ros'
[0.556s] DEBUG:colcon.colcon_core.package_identification:Package 'src/my_robot_controller' with type 'ros.ament_python' and name 'my_robot_controller'
[0.557s] Level 1:colcon.colcon_core.package_identification:_identify(src/my_robot_interfaces) by extensions ['ignore', 'ignore_ament_install']
[0.557s] Level 1:colcon.colcon_core.package_identification:_identify(src/my_robot_interfaces) by extension 'ignore'
[0.557s] Level 1:colcon.colcon_core.package_identification:_identify(src/my_robot_interfaces) by extension 'ignore_ament_install'
[0.557s] Level 1:colcon.colcon_core.package_identification:_identify(src/my_robot_interfaces) by extensions ['colcon_pkg']
[0.557s] Level 1:colcon.colcon_core.package_identification:_identify(src/my_robot_interfaces) by extension 'colcon_pkg'
[0.557s] Level 1:colcon.colcon_core.package_identification:_identify(src/my_robot_interfaces) by extensions ['colcon_meta']
[0.557s] Level 1:colcon.colcon_core.package_identification:_identify(src/my_robot_interfaces) by extension 'colcon_meta'
[0.557s] Level 1:colcon.colcon_core.package_identification:_identify(src/my_robot_interfaces) by extensions ['ros']
[0.557s] Level 1:colcon.colcon_core.package_identification:_identify(src/my_robot_interfaces) by extension 'ros'
[0.557s] DEBUG:colcon.colcon_core.package_identification:Package 'src/my_robot_interfaces' with type 'ros.ament_cmake' and name 'my_robot_interfaces'
[0.557s] Level 1:colcon.colcon_core.package_identification:_identify(src/template_files) by extensions ['ignore', 'ignore_ament_install']
[0.557s] Level 1:colcon.colcon_core.package_identification:_identify(src/template_files) by extension 'ignore'
[0.557s] Level 1:colcon.colcon_core.package_identification:_identify(src/template_files) by extension 'ignore_ament_install'
[0.557s] Level 1:colcon.colcon_core.package_identification:_identify(src/template_files) by extensions ['colcon_pkg']
[0.557s] Level 1:colcon.colcon_core.package_identification:_identify(src/template_files) by extension 'colcon_pkg'
[0.557s] Level 1:colcon.colcon_core.package_identification:_identify(src/template_files) by extensions ['colcon_meta']
[0.557s] Level 1:colcon.colcon_core.package_identification:_identify(src/template_files) by extension 'colcon_meta'
[0.557s] Level 1:colcon.colcon_core.package_identification:_identify(src/template_files) by extensions ['ros']
[0.557s] Level 1:colcon.colcon_core.package_identification:_identify(src/template_files) by extension 'ros'
[0.558s] DEBUG:colcon.colcon_core.package_identification:Package 'src/template_files' with type 'ros.ament_python' and name 'template_files'
[0.558s] Level 1:colcon.colcon_core.package_identification:_identify(src/turtlebot_spawn_follower) by extensions ['ignore', 'ignore_ament_install']
[0.558s] Level 1:colcon.colcon_core.package_identification:_identify(src/turtlebot_spawn_follower) by extension 'ignore'
[0.558s] Level 1:colcon.colcon_core.package_identification:_identify(src/turtlebot_spawn_follower) by extension 'ignore_ament_install'
[0.558s] Level 1:colcon.colcon_core.package_identification:_identify(src/turtlebot_spawn_follower) by extensions ['colcon_pkg']
[0.558s] Level 1:colcon.colcon_core.package_identification:_identify(src/turtlebot_spawn_follower) by extension 'colcon_pkg'
[0.558s] Level 1:colcon.colcon_core.package_identification:_identify(src/turtlebot_spawn_follower) by extensions ['colcon_meta']
[0.558s] Level 1:colcon.colcon_core.package_identification:_identify(src/turtlebot_spawn_follower) by extension 'colcon_meta'
[0.558s] Level 1:colcon.colcon_core.package_identification:_identify(src/turtlebot_spawn_follower) by extensions ['ros']
[0.558s] Level 1:colcon.colcon_core.package_identification:_identify(src/turtlebot_spawn_follower) by extension 'ros'
[0.559s] DEBUG:colcon.colcon_core.package_identification:Package 'src/turtlebot_spawn_follower' with type 'ros.ament_python' and name 'turtlebot_spawn_follower'
[0.559s] Level 1:colcon.colcon_core.package_discovery:discover_packages(recursive) using defaults
[0.559s] Level 1:colcon.colcon_core.package_discovery:discover_packages(ignore) discover
[0.559s] Level 1:colcon.colcon_core.package_discovery:discover_packages(ignore) using defaults
[0.559s] Level 1:colcon.colcon_core.package_discovery:discover_packages(path) discover
[0.559s] Level 1:colcon.colcon_core.package_discovery:discover_packages(path) using defaults
[0.608s] Level 1:colcon.colcon_core.package_discovery:discover_packages(prefix_path) check parameters
[0.608s] Level 1:colcon.colcon_core.package_discovery:discover_packages(prefix_path) discover
[0.622s] DEBUG:colcon.colcon_installed_package_information.package_discovery:Found 4 installed packages in /home/ashwin/ros2_ws/install
[0.630s] DEBUG:colcon.colcon_installed_package_information.package_discovery:Found 270 installed packages in /opt/ros/humble
[0.631s] Level 1:colcon.colcon_core.package_discovery:discover_packages(prefix_path) using defaults
[0.680s] Level 5:colcon.colcon_core.verb:set package 'my_robot_controller' build argument 'cmake_args' from command line to 'None'
[0.680s] Level 5:colcon.colcon_core.verb:set package 'my_robot_controller' build argument 'cmake_target' from command line to 'None'
[0.680s] Level 5:colcon.colcon_core.verb:set package 'my_robot_controller' build argument 'cmake_target_skip_unavailable' from command line to 'False'
[0.680s] Level 5:colcon.colcon_core.verb:set package 'my_robot_controller' build argument 'cmake_clean_cache' from command line to 'False'
[0.680s] Level 5:colcon.colcon_core.verb:set package 'my_robot_controller' build argument 'cmake_clean_first' from command line to 'False'
[0.680s] Level 5:colcon.colcon_core.verb:set package 'my_robot_controller' build argument 'cmake_force_configure' from command line to 'False'
[0.680s] Level 5:colcon.colcon_core.verb:set package 'my_robot_controller' build argument 'ament_cmake_args' from command line to 'None'
[0.680s] Level 5:colcon.colcon_core.verb:set package 'my_robot_controller' build argument 'catkin_cmake_args' from command line to 'None'
[0.680s] Level 5:colcon.colcon_core.verb:set package 'my_robot_controller' build argument 'catkin_skip_building_tests' from command line to 'False'
[0.680s] DEBUG:colcon.colcon_core.verb:Building package 'my_robot_controller' with the following arguments: {'ament_cmake_args': None, 'build_base': '/home/ashwin/ros2_ws/build/my_robot_controller', 'catkin_cmake_args': None, 'catkin_skip_building_tests': False, 'cmake_args': None, 'cmake_clean_cache': False, 'cmake_clean_first': False, 'cmake_force_configure': False, 'cmake_target': None, 'cmake_target_skip_unavailable': False, 'install_base': '/home/ashwin/ros2_ws/install/my_robot_controller', 'merge_install': False, 'path': '/home/ashwin/ros2_ws/src/my_robot_controller', 'symlink_install': False, 'test_result_base': None}
[0.687s] Level 5:colcon.colcon_core.verb:set package 'my_robot_interfaces' build argument 'cmake_args' from command line to 'None'
[0.687s] Level 5:colcon.colcon_core.verb:set package 'my_robot_interfaces' build argument 'cmake_target' from command line to 'None'
[0.687s] Level 5:colcon.colcon_core.verb:set package 'my_robot_interfaces' build argument 'cmake_target_skip_unavailable' from command line to 'False'
[0.687s] Level 5:colcon.colcon_core.verb:set package 'my_robot_interfaces' build argument 'cmake_clean_cache' from command line to 'False'
[0.687s] Level 5:colcon.colcon_core.verb:set package 'my_robot_interfaces' build argument 'cmake_clean_first' from command line to 'False'
[0.687s] Level 5:colcon.colcon_core.verb:set package 'my_robot_interfaces' build argument 'cmake_force_configure' from command line to 'False'
[0.687s] Level 5:colcon.colcon_core.verb:set package 'my_robot_interfaces' build argument 'ament_cmake_args' from command line to 'None'
[0.687s] Level 5:colcon.colcon_core.verb:set package 'my_robot_interfaces' build argument 'catkin_cmake_args' from command line to 'None'
[0.687s] Level 5:colcon.colcon_core.verb:set package 'my_robot_interfaces' build argument 'catkin_skip_building_tests' from command line to 'False'
[0.687s] DEBUG:colcon.colcon_core.verb:Building package 'my_robot_interfaces' with the following arguments: {'ament_cmake_args': None, 'build_base': '/home/ashwin/ros2_ws/build/my_robot_interfaces', 'catkin_cmake_args': None, 'catkin_skip_building_tests': False, 'cmake_args': None, 'cmake_clean_cache': False, 'cmake_clean_first': False, 'cmake_force_configure': False, 'cmake_target': None, 'cmake_target_skip_unavailable': False, 'install_base': '/home/ashwin/ros2_ws/install/my_robot_interfaces', 'merge_install': False, 'path': '/home/ashwin/ros2_ws/src/my_robot_interfaces', 'symlink_install': False, 'test_result_base': None}
[0.695s] Level 5:colcon.colcon_core.verb:set package 'template_files' build argument 'cmake_args' from command line to 'None'
[0.695s] Level 5:colcon.colcon_core.verb:set package 'template_files' build argument 'cmake_target' from command line to 'None'
[0.695s] Level 5:colcon.colcon_core.verb:set package 'template_files' build argument 'cmake_target_skip_unavailable' from command line to 'False'
[0.695s] Level 5:colcon.colcon_core.verb:set package 'template_files' build argument 'cmake_clean_cache' from command line to 'False'
[0.695s] Level 5:colcon.colcon_core.verb:set package 'template_files' build argument 'cmake_clean_first' from command line to 'False'
[0.695s] Level 5:colcon.colcon_core.verb:set package 'template_files' build argument 'cmake_force_configure' from command line to 'False'
[0.695s] Level 5:colcon.colcon_core.verb:set package 'template_files' build argument 'ament_cmake_args' from command line to 'None'
[0.695s] Level 5:colcon.colcon_core.verb:set package 'template_files' build argument 'catkin_cmake_args' from command line to 'None'
[0.695s] Level 5:colcon.colcon_core.verb:set package 'template_files' build argument 'catkin_skip_building_tests' from command line to 'False'
[0.695s] DEBUG:colcon.colcon_core.verb:Building package 'template_files' with the following arguments: {'ament_cmake_args': None, 'build_base': '/home/ashwin/ros2_ws/build/template_files', 'catkin_cmake_args': None, 'catkin_skip_building_tests': False, 'cmake_args': None, 'cmake_clean_cache': False, 'cmake_clean_first': False, 'cmake_force_configure': False, 'cmake_target': None, 'cmake_target_skip_unavailable': False, 'install_base': '/home/ashwin/ros2_ws/install/template_files', 'merge_install': False, 'path': '/home/ashwin/ros2_ws/src/template_files', 'symlink_install': False, 'test_result_base': None}
[0.702s] Level 5:colcon.colcon_core.verb:set package 'turtlebot_spawn_follower' build argument 'cmake_args' from command line to 'None'
[0.702s] Level 5:colcon.colcon_core.verb:set package 'turtlebot_spawn_follower' build argument 'cmake_target' from command line to 'None'
[0.702s] Level 5:colcon.colcon_core.verb:set package 'turtlebot_spawn_follower' build argument 'cmake_target_skip_unavailable' from command line to 'False'
[0.702s] Level 5:colcon.colcon_core.verb:set package 'turtlebot_spawn_follower' build argument 'cmake_clean_cache' from command line to 'False'
[0.702s] Level 5:colcon.colcon_core.verb:set package 'turtlebot_spawn_follower' build argument 'cmake_clean_first' from command line to 'False'
[0.702s] Level 5:colcon.colcon_core.verb:set package 'turtlebot_spawn_follower' build argument 'cmake_force_configure' from command line to 'False'
[0.702s] Level 5:colcon.colcon_core.verb:set package 'turtlebot_spawn_follower' build argument 'ament_cmake_args' from command line to 'None'
[0.702s] Level 5:colcon.colcon_core.verb:set package 'turtlebot_spawn_follower' build argument 'catkin_cmake_args' from command line to 'None'
[0.702s] Level 5:colcon.colcon_core.verb:set package 'turtlebot_spawn_follower' build argument 'catkin_skip_building_tests' from command line to 'False'
[0.702s] DEBUG:colcon.colcon_core.verb:Building package 'turtlebot_spawn_follower' with the following arguments: {'ament_cmake_args': None, 'build_base': '/home/ashwin/ros2_ws/build/turtlebot_spawn_follower', 'catkin_cmake_args': None, 'catkin_skip_building_tests': False, 'cmake_args': None, 'cmake_clean_cache': False, 'cmake_clean_first': False, 'cmake_force_configure': False, 'cmake_target': None, 'cmake_target_skip_unavailable': False, 'install_base': '/home/ashwin/ros2_ws/install/turtlebot_spawn_follower', 'merge_install': False, 'path': '/home/ashwin/ros2_ws/src/turtlebot_spawn_follower', 'symlink_install': False, 'test_result_base': None}
[0.709s] INFO:colcon.colcon_core.executor:Executing jobs using 'parallel' executor
[0.717s] DEBUG:colcon.colcon_parallel_executor.executor.parallel:run_until_complete
[0.717s] INFO:colcon.colcon_ros.task.ament_python.build:Building ROS package in '/home/ashwin/ros2_ws/src/my_robot_controller' with build type 'ament_python'
[0.717s] Level 1:colcon.colcon_core.shell:create_environment_hook('my_robot_controller', 'ament_prefix_path')
[0.726s] INFO:colcon.colcon_core.plugin_system:Skipping extension 'colcon_core.shell.bat': Not used on non-Windows systems
[0.726s] INFO:colcon.colcon_core.shell:Creating environment hook '/home/ashwin/ros2_ws/install/my_robot_controller/share/my_robot_controller/hook/ament_prefix_path.ps1'
[0.726s] INFO:colcon.colcon_core.shell:Creating environment descriptor '/home/ashwin/ros2_ws/install/my_robot_controller/share/my_robot_controller/hook/ament_prefix_path.dsv'
[0.726s] INFO:colcon.colcon_core.shell:Creating environment hook '/home/ashwin/ros2_ws/install/my_robot_controller/share/my_robot_controller/hook/ament_prefix_path.sh'
[0.734s] INFO:colcon.colcon_core.shell:Skip shell extension 'powershell' for command environment: Not usable outside of PowerShell
[0.734s] DEBUG:colcon.colcon_core.shell:Skip shell extension 'dsv' for command environment
[0.758s] INFO:colcon.colcon_ros.task.ament_cmake.build:Building ROS package in '/home/ashwin/ros2_ws/src/my_robot_interfaces' with build type 'ament_cmake'
[0.758s] INFO:colcon.colcon_cmake.task.cmake.build:Building CMake package in '/home/ashwin/ros2_ws/src/my_robot_interfaces'
[0.765s] INFO:colcon.colcon_core.shell:Skip shell extension 'powershell' for command environment: Not usable outside of PowerShell
[0.766s] DEBUG:colcon.colcon_core.shell:Skip shell extension 'dsv' for command environment
[0.791s] INFO:colcon.colcon_ros.task.ament_python.build:Building ROS package in '/home/ashwin/ros2_ws/src/template_files' with build type 'ament_python'
[0.791s] Level 1:colcon.colcon_core.shell:create_environment_hook('template_files', 'ament_prefix_path')
[0.798s] INFO:colcon.colcon_core.shell:Creating environment hook '/home/ashwin/ros2_ws/install/template_files/share/template_files/hook/ament_prefix_path.ps1'
[0.799s] INFO:colcon.colcon_core.shell:Creating environment descriptor '/home/ashwin/ros2_ws/install/template_files/share/template_files/hook/ament_prefix_path.dsv'
[0.799s] INFO:colcon.colcon_core.shell:Creating environment hook '/home/ashwin/ros2_ws/install/template_files/share/template_files/hook/ament_prefix_path.sh'
[0.807s] INFO:colcon.colcon_core.shell:Skip shell extension 'powershell' for command environment: Not usable outside of PowerShell
[0.807s] DEBUG:colcon.colcon_core.shell:Skip shell extension 'dsv' for command environment
[0.831s] INFO:colcon.colcon_ros.task.ament_python.build:Building ROS package in '/home/ashwin/ros2_ws/src/turtlebot_spawn_follower' with build type 'ament_python'
[0.831s] Level 1:colcon.colcon_core.shell:create_environment_hook('turtlebot_spawn_follower', 'ament_prefix_path')
[0.840s] INFO:colcon.colcon_core.shell:Creating environment hook '/home/ashwin/ros2_ws/install/turtlebot_spawn_follower/share/turtlebot_spawn_follower/hook/ament_prefix_path.ps1'
[0.841s] INFO:colcon.colcon_core.shell:Creating environment descriptor '/home/ashwin/ros2_ws/install/turtlebot_spawn_follower/share/turtlebot_spawn_follower/hook/ament_prefix_path.dsv'
[0.841s] INFO:colcon.colcon_core.shell:Creating environment hook '/home/ashwin/ros2_ws/install/turtlebot_spawn_follower/share/turtlebot_spawn_follower/hook/ament_prefix_path.sh'
[0.849s] INFO:colcon.colcon_core.shell:Skip shell extension 'powershell' for command environment: Not usable outside of PowerShell
[0.849s] DEBUG:colcon.colcon_core.shell:Skip shell extension 'dsv' for command environment
[1.026s] INFO:colcon.colcon_core.task.python.build:Building Python package in '/home/ashwin/ros2_ws/src/my_robot_controller'
[1.033s] INFO:colcon.colcon_core.shell:Skip shell extension 'powershell' for command environment: Not usable outside of PowerShell
[1.033s] DEBUG:colcon.colcon_core.shell:Skip shell extension 'dsv' for command environment
[1.066s] DEBUG:colcon.colcon_core.event_handler.log_command:Invoking command in '/home/ashwin/ros2_ws/build/my_robot_interfaces': CMAKE_PREFIX_PATH=${CMAKE_PREFIX_PATH}:/home/ashwin/ros2_ws/install/my_robot_controller:/opt/ros/humble /usr/bin/cmake --build /home/ashwin/ros2_ws/build/my_robot_interfaces -- -j12 -l12
[1.235s] INFO:colcon.colcon_core.task.python.build:Building Python package in '/home/ashwin/ros2_ws/src/template_files'
[1.242s] INFO:colcon.colcon_core.shell:Skip shell extension 'powershell' for command environment: Not usable outside of PowerShell
[1.242s] DEBUG:colcon.colcon_core.shell:Skip shell extension 'dsv' for command environment
[1.422s] INFO:colcon.colcon_core.task.python.build:Building Python package in '/home/ashwin/ros2_ws/src/turtlebot_spawn_follower'
[1.430s] INFO:colcon.colcon_core.shell:Skip shell extension 'powershell' for command environment: Not usable outside of PowerShell
[1.430s] DEBUG:colcon.colcon_core.shell:Skip shell extension 'dsv' for command environment
[1.458s] DEBUG:colcon.colcon_core.event_handler.log_command:Invoked command in '/home/ashwin/ros2_ws/build/my_robot_interfaces' returned '0': CMAKE_PREFIX_PATH=${CMAKE_PREFIX_PATH}:/home/ashwin/ros2_ws/install/my_robot_controller:/opt/ros/humble /usr/bin/cmake --build /home/ashwin/ros2_ws/build/my_robot_interfaces -- -j12 -l12
[1.506s] DEBUG:colcon.colcon_core.event_handler.log_command:Invoking command in '/home/ashwin/ros2_ws/build/my_robot_interfaces': CMAKE_PREFIX_PATH=${CMAKE_PREFIX_PATH}:/home/ashwin/ros2_ws/install/my_robot_controller:/opt/ros/humble /usr/bin/cmake --install /home/ashwin/ros2_ws/build/my_robot_interfaces
[1.540s] Level 1:colcon.colcon_core.environment:create_environment_scripts_only(my_robot_interfaces)
[1.541s] DEBUG:colcon.colcon_core.event_handler.log_command:Invoked command in '/home/ashwin/ros2_ws/build/my_robot_interfaces' returned '0': CMAKE_PREFIX_PATH=${CMAKE_PREFIX_PATH}:/home/ashwin/ros2_ws/install/my_robot_controller:/opt/ros/humble /usr/bin/cmake --install /home/ashwin/ros2_ws/build/my_robot_interfaces
[1.557s] Level 1:colcon.colcon_core.environment:checking '/home/ashwin/ros2_ws/install/my_robot_interfaces' for CMake module files
[1.558s] Level 1:colcon.colcon_core.environment:checking '/home/ashwin/ros2_ws/install/my_robot_interfaces' for CMake config files
[1.559s] Level 1:colcon.colcon_core.shell:create_environment_hook('my_robot_interfaces', 'cmake_prefix_path')
[1.573s] INFO:colcon.colcon_core.shell:Creating environment hook '/home/ashwin/ros2_ws/install/my_robot_interfaces/share/my_robot_interfaces/hook/cmake_prefix_path.ps1'
[1.573s] INFO:colcon.colcon_core.shell:Creating environment descriptor '/home/ashwin/ros2_ws/install/my_robot_interfaces/share/my_robot_interfaces/hook/cmake_prefix_path.dsv'
[1.573s] INFO:colcon.colcon_core.shell:Creating environment hook '/home/ashwin/ros2_ws/install/my_robot_interfaces/share/my_robot_interfaces/hook/cmake_prefix_path.sh'
[1.574s] Level 1:colcon.colcon_core.environment:checking '/home/ashwin/ros2_ws/install/my_robot_interfaces/lib'
[1.574s] Level 1:colcon.colcon_core.shell:create_environment_hook('my_robot_interfaces', 'ld_library_path_lib')
[1.583s] INFO:colcon.colcon_core.shell:Creating environment hook '/home/ashwin/ros2_ws/install/my_robot_interfaces/share/my_robot_interfaces/hook/ld_library_path_lib.ps1'
[1.583s] INFO:colcon.colcon_core.shell:Creating environment descriptor '/home/ashwin/ros2_ws/install/my_robot_interfaces/share/my_robot_interfaces/hook/ld_library_path_lib.dsv'
[1.583s] INFO:colcon.colcon_core.shell:Creating environment hook '/home/ashwin/ros2_ws/install/my_robot_interfaces/share/my_robot_interfaces/hook/ld_library_path_lib.sh'
[1.584s] Level 1:colcon.colcon_core.environment:checking '/home/ashwin/ros2_ws/install/my_robot_interfaces/bin'
[1.584s] Level 1:colcon.colcon_core.environment:checking '/home/ashwin/ros2_ws/install/my_robot_interfaces/lib/pkgconfig/my_robot_interfaces.pc'
[1.584s] Level 1:colcon.colcon_core.environment:checking '/home/ashwin/ros2_ws/install/my_robot_interfaces/lib/python3.10/site-packages'
[1.584s] Level 1:colcon.colcon_core.environment:checking '/home/ashwin/ros2_ws/install/my_robot_interfaces/bin'
[1.592s] INFO:colcon.colcon_core.shell:Creating package script '/home/ashwin/ros2_ws/install/my_robot_interfaces/share/my_robot_interfaces/package.ps1'
[1.592s] INFO:colcon.colcon_core.shell:Creating package descriptor '/home/ashwin/ros2_ws/install/my_robot_interfaces/share/my_robot_interfaces/package.dsv'
[1.593s] INFO:colcon.colcon_core.shell:Creating package script '/home/ashwin/ros2_ws/install/my_robot_interfaces/share/my_robot_interfaces/package.sh'
[1.593s] INFO:colcon.colcon_core.shell:Creating package script '/home/ashwin/ros2_ws/install/my_robot_interfaces/share/my_robot_interfaces/package.bash'
[1.594s] INFO:colcon.colcon_core.shell:Creating package script '/home/ashwin/ros2_ws/install/my_robot_interfaces/share/my_robot_interfaces/package.zsh'
[1.594s] Level 1:colcon.colcon_core.environment:create_file_with_runtime_dependencies(/home/ashwin/ros2_ws/install/my_robot_interfaces/share/colcon-core/packages/my_robot_interfaces)
[1.644s] Level 1:colcon.colcon_core.environment:create_environment_scripts_only(my_robot_interfaces)
[1.652s] Level 1:colcon.colcon_core.environment:checking '/home/ashwin/ros2_ws/install/my_robot_interfaces' for CMake module files
[1.653s] Level 1:colcon.colcon_core.environment:checking '/home/ashwin/ros2_ws/install/my_robot_interfaces' for CMake config files
[1.654s] Level 1:colcon.colcon_core.shell:create_environment_hook('my_robot_interfaces', 'cmake_prefix_path')
[1.663s] INFO:colcon.colcon_core.shell:Creating environment hook '/home/ashwin/ros2_ws/install/my_robot_interfaces/share/my_robot_interfaces/hook/cmake_prefix_path.ps1'
[1.663s] INFO:colcon.colcon_core.shell:Creating environment descriptor '/home/ashwin/ros2_ws/install/my_robot_interfaces/share/my_robot_interfaces/hook/cmake_prefix_path.dsv'
[1.663s] INFO:colcon.colcon_core.shell:Creating environment hook '/home/ashwin/ros2_ws/install/my_robot_interfaces/share/my_robot_interfaces/hook/cmake_prefix_path.sh'
[1.664s] Level 1:colcon.colcon_core.environment:checking '/home/ashwin/ros2_ws/install/my_robot_interfaces/lib'
[1.664s] Level 1:colcon.colcon_core.shell:create_environment_hook('my_robot_interfaces', 'ld_library_path_lib')
[1.673s] INFO:colcon.colcon_core.shell:Creating environment hook '/home/ashwin/ros2_ws/install/my_robot_interfaces/share/my_robot_interfaces/hook/ld_library_path_lib.ps1'
[1.674s] INFO:colcon.colcon_core.shell:Creating environment descriptor '/home/ashwin/ros2_ws/install/my_robot_interfaces/share/my_robot_interfaces/hook/ld_library_path_lib.dsv'
[1.674s] INFO:colcon.colcon_core.shell:Creating environment hook '/home/ashwin/ros2_ws/install/my_robot_interfaces/share/my_robot_interfaces/hook/ld_library_path_lib.sh'
[1.674s] Level 1:colcon.colcon_core.environment:checking '/home/ashwin/ros2_ws/install/my_robot_interfaces/bin'
[1.674s] Level 1:colcon.colcon_core.environment:checking '/home/ashwin/ros2_ws/install/my_robot_interfaces/lib/pkgconfig/my_robot_interfaces.pc'
[1.674s] Level 1:colcon.colcon_core.environment:checking '/home/ashwin/ros2_ws/install/my_robot_interfaces/lib/python3.10/site-packages'
[1.675s] Level 1:colcon.colcon_core.environment:checking '/home/ashwin/ros2_ws/install/my_robot_interfaces/bin'
[1.683s] INFO:colcon.colcon_core.shell:Creating package script '/home/ashwin/ros2_ws/install/my_robot_interfaces/share/my_robot_interfaces/package.ps1'
[1.684s] INFO:colcon.colcon_core.shell:Creating package descriptor '/home/ashwin/ros2_ws/install/my_robot_interfaces/share/my_robot_interfaces/package.dsv'
[1.684s] INFO:colcon.colcon_core.shell:Creating package script '/home/ashwin/ros2_ws/install/my_robot_interfaces/share/my_robot_interfaces/package.sh'
[1.684s] INFO:colcon.colcon_core.shell:Creating package script '/home/ashwin/ros2_ws/install/my_robot_interfaces/share/my_robot_interfaces/package.bash'
[1.684s] INFO:colcon.colcon_core.shell:Creating package script '/home/ashwin/ros2_ws/install/my_robot_interfaces/share/my_robot_interfaces/package.zsh'
[1.685s] Level 1:colcon.colcon_core.environment:create_file_with_runtime_dependencies(/home/ashwin/ros2_ws/install/my_robot_interfaces/share/colcon-core/packages/my_robot_interfaces)
[1.687s] DEBUG:colcon.colcon_core.event_handler.log_command:Invoking command in '/home/ashwin/ros2_ws/src/my_robot_controller': PYTHONPATH=/home/ashwin/ros2_ws/build/my_robot_controller/prefix_override:/home/ashwin/ros2_ws/install/my_robot_controller/lib/python3.10/site-packages:${PYTHONPATH} /usr/bin/python3 setup.py egg_info --egg-base ../../build/my_robot_controller build --build-base /home/ashwin/ros2_ws/build/my_robot_controller/build install --record /home/ashwin/ros2_ws/build/my_robot_controller/install.log --single-version-externally-managed
[1.688s] DEBUG:colcon.colcon_core.event_handler.log_command:Invoking command in '/home/ashwin/ros2_ws/src/template_files': PYTHONPATH=/home/ashwin/ros2_ws/build/template_files/prefix_override:/home/ashwin/ros2_ws/install/template_files/lib/python3.10/site-packages:${PYTHONPATH} /usr/bin/python3 setup.py egg_info --egg-base ../../build/template_files build --build-base /home/ashwin/ros2_ws/build/template_files/build install --record /home/ashwin/ros2_ws/build/template_files/install.log --single-version-externally-managed
[1.701s] DEBUG:colcon.colcon_core.event_handler.log_command:Invoking command in '/home/ashwin/ros2_ws/src/turtlebot_spawn_follower': PYTHONPATH=/home/ashwin/ros2_ws/build/turtlebot_spawn_follower/prefix_override:/home/ashwin/ros2_ws/install/turtlebot_spawn_follower/lib/python3.10/site-packages:${PYTHONPATH} /usr/bin/python3 setup.py egg_info --egg-base ../../build/turtlebot_spawn_follower build --build-base /home/ashwin/ros2_ws/build/turtlebot_spawn_follower/build install --record /home/ashwin/ros2_ws/build/turtlebot_spawn_follower/install.log --single-version-externally-managed
[1.880s] DEBUG:colcon.colcon_core.event_handler.log_command:Invoked command in '/home/ashwin/ros2_ws/src/my_robot_controller' returned '0': PYTHONPATH=/home/ashwin/ros2_ws/build/my_robot_controller/prefix_override:/home/ashwin/ros2_ws/install/my_robot_controller/lib/python3.10/site-packages:${PYTHONPATH} /usr/bin/python3 setup.py egg_info --egg-base ../../build/my_robot_controller build --build-base /home/ashwin/ros2_ws/build/my_robot_controller/build install --record /home/ashwin/ros2_ws/build/my_robot_controller/install.log --single-version-externally-managed
[1.888s] Level 1:colcon.colcon_core.environment:checking '/home/ashwin/ros2_ws/install/my_robot_controller' for CMake module files
[1.888s] Level 1:colcon.colcon_core.environment:checking '/home/ashwin/ros2_ws/install/my_robot_controller' for CMake config files
[1.889s] Level 1:colcon.colcon_core.environment:checking '/home/ashwin/ros2_ws/install/my_robot_controller/lib'
[1.889s] Level 1:colcon.colcon_core.environment:checking '/home/ashwin/ros2_ws/install/my_robot_controller/bin'
[1.889s] Level 1:colcon.colcon_core.environment:checking '/home/ashwin/ros2_ws/install/my_robot_controller/lib/pkgconfig/my_robot_controller.pc'
[1.889s] Level 1:colcon.colcon_core.environment:checking '/home/ashwin/ros2_ws/install/my_robot_controller/lib/python3.10/site-packages'
[1.889s] Level 1:colcon.colcon_core.shell:create_environment_hook('my_robot_controller', 'pythonpath')
[1.897s] INFO:colcon.colcon_core.shell:Creating environment hook '/home/ashwin/ros2_ws/install/my_robot_controller/share/my_robot_controller/hook/pythonpath.ps1'
[1.897s] INFO:colcon.colcon_core.shell:Creating environment descriptor '/home/ashwin/ros2_ws/install/my_robot_controller/share/my_robot_controller/hook/pythonpath.dsv'
[1.897s] INFO:colcon.colcon_core.shell:Creating environment hook '/home/ashwin/ros2_ws/install/my_robot_controller/share/my_robot_controller/hook/pythonpath.sh'
[1.897s] Level 1:colcon.colcon_core.environment:checking '/home/ashwin/ros2_ws/install/my_robot_controller/bin'
[1.897s] Level 1:colcon.colcon_core.environment:create_environment_scripts_only(my_robot_controller)
[1.905s] INFO:colcon.colcon_core.shell:Creating package script '/home/ashwin/ros2_ws/install/my_robot_controller/share/my_robot_controller/package.ps1'
[1.905s] INFO:colcon.colcon_core.shell:Creating package descriptor '/home/ashwin/ros2_ws/install/my_robot_controller/share/my_robot_controller/package.dsv'
[1.905s] INFO:colcon.colcon_core.shell:Creating package script '/home/ashwin/ros2_ws/install/my_robot_controller/share/my_robot_controller/package.sh'
[1.906s] INFO:colcon.colcon_core.shell:Creating package script '/home/ashwin/ros2_ws/install/my_robot_controller/share/my_robot_controller/package.bash'
[1.906s] INFO:colcon.colcon_core.shell:Creating package script '/home/ashwin/ros2_ws/install/my_robot_controller/share/my_robot_controller/package.zsh'
[1.906s] Level 1:colcon.colcon_core.environment:create_file_with_runtime_dependencies(/home/ashwin/ros2_ws/install/my_robot_controller/share/colcon-core/packages/my_robot_controller)
[1.908s] DEBUG:colcon.colcon_core.event_handler.log_command:Invoked command in '/home/ashwin/ros2_ws/src/template_files' returned '0': PYTHONPATH=/home/ashwin/ros2_ws/build/template_files/prefix_override:/home/ashwin/ros2_ws/install/template_files/lib/python3.10/site-packages:${PYTHONPATH} /usr/bin/python3 setup.py egg_info --egg-base ../../build/template_files build --build-base /home/ashwin/ros2_ws/build/template_files/build install --record /home/ashwin/ros2_ws/build/template_files/install.log --single-version-externally-managed
[1.915s] Level 1:colcon.colcon_core.environment:checking '/home/ashwin/ros2_ws/install/template_files' for CMake module files
[1.915s] Level 1:colcon.colcon_core.environment:checking '/home/ashwin/ros2_ws/install/template_files' for CMake config files
[1.915s] Level 1:colcon.colcon_core.shell:create_environment_hook('template_files', 'cmake_prefix_path')
[1.924s] INFO:colcon.colcon_core.shell:Creating environment hook '/home/ashwin/ros2_ws/install/template_files/share/template_files/hook/cmake_prefix_path.ps1'
[1.924s] INFO:colcon.colcon_core.shell:Creating environment descriptor '/home/ashwin/ros2_ws/install/template_files/share/template_files/hook/cmake_prefix_path.dsv'
[1.924s] INFO:colcon.colcon_core.shell:Creating environment hook '/home/ashwin/ros2_ws/install/template_files/share/template_files/hook/cmake_prefix_path.sh'
[1.925s] Level 1:colcon.colcon_core.environment:checking '/home/ashwin/ros2_ws/install/template_files/lib'
[1.925s] Level 1:colcon.colcon_core.environment:checking '/home/ashwin/ros2_ws/install/template_files/bin'
[1.925s] Level 1:colcon.colcon_core.environment:checking '/home/ashwin/ros2_ws/install/template_files/lib/pkgconfig/template_files.pc'
[1.925s] Level 1:colcon.colcon_core.environment:checking '/home/ashwin/ros2_ws/install/template_files/lib/python3.10/site-packages'
[1.925s] Level 1:colcon.colcon_core.shell:create_environment_hook('template_files', 'pythonpath')
[1.932s] INFO:colcon.colcon_core.shell:Creating environment hook '/home/ashwin/ros2_ws/install/template_files/share/template_files/hook/pythonpath.ps1'
[1.933s] INFO:colcon.colcon_core.shell:Creating environment descriptor '/home/ashwin/ros2_ws/install/template_files/share/template_files/hook/pythonpath.dsv'
[1.933s] INFO:colcon.colcon_core.shell:Creating environment hook '/home/ashwin/ros2_ws/install/template_files/share/template_files/hook/pythonpath.sh'
[1.933s] Level 1:colcon.colcon_core.environment:checking '/home/ashwin/ros2_ws/install/template_files/bin'
[1.933s] Level 1:colcon.colcon_core.environment:create_environment_scripts_only(template_files)
[1.941s] INFO:colcon.colcon_core.shell:Creating package script '/home/ashwin/ros2_ws/install/template_files/share/template_files/package.ps1'
[1.942s] INFO:colcon.colcon_core.shell:Creating package descriptor '/home/ashwin/ros2_ws/install/template_files/share/template_files/package.dsv'
[1.942s] INFO:colcon.colcon_core.shell:Creating package script '/home/ashwin/ros2_ws/install/template_files/share/template_files/package.sh'
[1.942s] INFO:colcon.colcon_core.shell:Creating package script '/home/ashwin/ros2_ws/install/template_files/share/template_files/package.bash'
[1.942s] INFO:colcon.colcon_core.shell:Creating package script '/home/ashwin/ros2_ws/install/template_files/share/template_files/package.zsh'
[1.942s] Level 1:colcon.colcon_core.environment:create_file_with_runtime_dependencies(/home/ashwin/ros2_ws/install/template_files/share/colcon-core/packages/template_files)
[1.943s] DEBUG:colcon.colcon_core.event_handler.log_command:Invoked command in '/home/ashwin/ros2_ws/src/turtlebot_spawn_follower' returned '0': PYTHONPATH=/home/ashwin/ros2_ws/build/turtlebot_spawn_follower/prefix_override:/home/ashwin/ros2_ws/install/turtlebot_spawn_follower/lib/python3.10/site-packages:${PYTHONPATH} /usr/bin/python3 setup.py egg_info --egg-base ../../build/turtlebot_spawn_follower build --build-base /home/ashwin/ros2_ws/build/turtlebot_spawn_follower/build install --record /home/ashwin/ros2_ws/build/turtlebot_spawn_follower/install.log --single-version-externally-managed
[1.951s] Level 1:colcon.colcon_core.environment:checking '/home/ashwin/ros2_ws/install/turtlebot_spawn_follower' for CMake module files
[1.951s] Level 1:colcon.colcon_core.environment:checking '/home/ashwin/ros2_ws/install/turtlebot_spawn_follower' for CMake config files
[1.951s] Level 1:colcon.colcon_core.shell:create_environment_hook('turtlebot_spawn_follower', 'cmake_prefix_path')
[1.959s] INFO:colcon.colcon_core.shell:Creating environment hook '/home/ashwin/ros2_ws/install/turtlebot_spawn_follower/share/turtlebot_spawn_follower/hook/cmake_prefix_path.ps1'
[1.959s] INFO:colcon.colcon_core.shell:Creating environment descriptor '/home/ashwin/ros2_ws/install/turtlebot_spawn_follower/share/turtlebot_spawn_follower/hook/cmake_prefix_path.dsv'
[1.959s] INFO:colcon.colcon_core.shell:Creating environment hook '/home/ashwin/ros2_ws/install/turtlebot_spawn_follower/share/turtlebot_spawn_follower/hook/cmake_prefix_path.sh'
[1.959s] Level 1:colcon.colcon_core.environment:checking '/home/ashwin/ros2_ws/install/turtlebot_spawn_follower/lib'
[1.959s] Level 1:colcon.colcon_core.environment:checking '/home/ashwin/ros2_ws/install/turtlebot_spawn_follower/bin'
[1.959s] Level 1:colcon.colcon_core.environment:checking '/home/ashwin/ros2_ws/install/turtlebot_spawn_follower/lib/pkgconfig/turtlebot_spawn_follower.pc'
[1.960s] Level 1:colcon.colcon_core.environment:checking '/home/ashwin/ros2_ws/install/turtlebot_spawn_follower/lib/python3.10/site-packages'
[1.960s] Level 1:colcon.colcon_core.shell:create_environment_hook('turtlebot_spawn_follower', 'pythonpath')
[1.968s] INFO:colcon.colcon_core.shell:Creating environment hook '/home/ashwin/ros2_ws/install/turtlebot_spawn_follower/share/turtlebot_spawn_follower/hook/pythonpath.ps1'
[1.968s] INFO:colcon.colcon_core.shell:Creating environment descriptor '/home/ashwin/ros2_ws/install/turtlebot_spawn_follower/share/turtlebot_spawn_follower/hook/pythonpath.dsv'
[1.968s] INFO:colcon.colcon_core.shell:Creating environment hook '/home/ashwin/ros2_ws/install/turtlebot_spawn_follower/share/turtlebot_spawn_follower/hook/pythonpath.sh'
[1.968s] Level 1:colcon.colcon_core.environment:checking '/home/ashwin/ros2_ws/install/turtlebot_spawn_follower/bin'
[1.968s] Level 1:colcon.colcon_core.environment:create_environment_scripts_only(turtlebot_spawn_follower)
[1.976s] INFO:colcon.colcon_core.shell:Creating package script '/home/ashwin/ros2_ws/install/turtlebot_spawn_follower/share/turtlebot_spawn_follower/package.ps1'
[1.976s] INFO:colcon.colcon_core.shell:Creating package descriptor '/home/ashwin/ros2_ws/install/turtlebot_spawn_follower/share/turtlebot_spawn_follower/package.dsv'
[1.977s] INFO:colcon.colcon_core.shell:Creating package script '/home/ashwin/ros2_ws/install/turtlebot_spawn_follower/share/turtlebot_spawn_follower/package.sh'
[1.977s] INFO:colcon.colcon_core.shell:Creating package script '/home/ashwin/ros2_ws/install/turtlebot_spawn_follower/share/turtlebot_spawn_follower/package.bash'
[1.977s] INFO:colcon.colcon_core.shell:Creating package script '/home/ashwin/ros2_ws/install/turtlebot_spawn_follower/share/turtlebot_spawn_follower/package.zsh'
[1.977s] Level 1:colcon.colcon_core.environment:create_file_with_runtime_dependencies(/home/ashwin/ros2_ws/install/turtlebot_spawn_follower/share/colcon-core/packages/turtlebot_spawn_follower)
[1.977s] DEBUG:colcon.colcon_parallel_executor.executor.parallel:closing loop
[1.978s] DEBUG:colcon.colcon_parallel_executor.executor.parallel:loop closed
[1.978s] DEBUG:colcon.colcon_parallel_executor.executor.parallel:run_until_complete finished with '0'
[1.978s] DEBUG:colcon.colcon_core.event_reactor:joining thread
[1.988s] INFO:colcon.colcon_core.plugin_system:Skipping extension 'colcon_notification.desktop_notification.terminal_notifier': Not used on non-Darwin systems
[1.988s] INFO:colcon.colcon_core.plugin_system:Skipping extension 'colcon_notification.desktop_notification.win32': Not used on non-Windows systems
[1.988s] INFO:colcon.colcon_notification.desktop_notification:Sending desktop notification using 'notify2'
[1.995s] DEBUG:colcon.colcon_core.event_reactor:joined thread
[2.003s] INFO:colcon.colcon_core.shell:Creating prefix script '/home/ashwin/ros2_ws/install/local_setup.ps1'
[2.004s] INFO:colcon.colcon_core.shell:Creating prefix util module '/home/ashwin/ros2_ws/install/_local_setup_util_ps1.py'
[2.005s] INFO:colcon.colcon_core.shell:Creating prefix chain script '/home/ashwin/ros2_ws/install/setup.ps1'
[2.013s] INFO:colcon.colcon_core.shell:Creating prefix script '/home/ashwin/ros2_ws/install/local_setup.sh'
[2.013s] INFO:colcon.colcon_core.shell:Creating prefix util module '/home/ashwin/ros2_ws/install/_local_setup_util_sh.py'
[2.014s] INFO:colcon.colcon_core.shell:Creating prefix chain script '/home/ashwin/ros2_ws/install/setup.sh'
[2.021s] INFO:colcon.colcon_core.shell:Creating prefix script '/home/ashwin/ros2_ws/install/local_setup.bash'
[2.022s] INFO:colcon.colcon_core.shell:Creating prefix chain script '/home/ashwin/ros2_ws/install/setup.bash'
[2.029s] INFO:colcon.colcon_core.shell:Creating prefix script '/home/ashwin/ros2_ws/install/local_setup.zsh'
[2.030s] INFO:colcon.colcon_core.shell:Creating prefix chain script '/home/ashwin/ros2_ws/install/setup.zsh'
