running develop
Removing /home/ashwin/ros2_ws/install/turtlebot_spawn_follower/lib/python3.10/site-packages/turtlebot-spawn-follower.egg-link (link to .)
running egg_info
writing ../../build/turtlebot_spawn_follower/turtlebot_spawn_follower.egg-info/PKG-INFO
writing dependency_links to ../../build/turtlebot_spawn_follower/turtlebot_spawn_follower.egg-info/dependency_links.txt
writing entry points to ../../build/turtlebot_spawn_follower/turtlebot_spawn_follower.egg-info/entry_points.txt
writing requirements to ../../build/turtlebot_spawn_follower/turtlebot_spawn_follower.egg-info/requires.txt
writing top-level names to ../../build/turtlebot_spawn_follower/turtlebot_spawn_follower.egg-info/top_level.txt
reading manifest file '../../build/turtlebot_spawn_follower/turtlebot_spawn_follower.egg-info/SOURCES.txt'
writing manifest file '../../build/turtlebot_spawn_follower/turtlebot_spawn_follower.egg-info/SOURCES.txt'
running build
running build_py
copying turtlebot_spawn_follower/test.py -> /home/ashwin/ros2_ws/build/turtlebot_spawn_follower/build/lib/turtlebot_spawn_follower
copying turtlebot_spawn_follower/robot_controller.py -> /home/ashwin/ros2_ws/build/turtlebot_spawn_follower/build/lib/turtlebot_spawn_follower
running install
running install_lib
creating /home/ashwin/ros2_ws/install/turtlebot_spawn_follower/lib/python3.10/site-packages/turtlebot_spawn_follower
copying /home/ashwin/ros2_ws/build/turtlebot_spawn_follower/build/lib/turtlebot_spawn_follower/__init__.py -> /home/ashwin/ros2_ws/install/turtlebot_spawn_follower/lib/python3.10/site-packages/turtlebot_spawn_follower
copying /home/ashwin/ros2_ws/build/turtlebot_spawn_follower/build/lib/turtlebot_spawn_follower/test.py -> /home/ashwin/ros2_ws/install/turtlebot_spawn_follower/lib/python3.10/site-packages/turtlebot_spawn_follower
copying /home/ashwin/ros2_ws/build/turtlebot_spawn_follower/build/lib/turtlebot_spawn_follower/robot_controller.py -> /home/ashwin/ros2_ws/install/turtlebot_spawn_follower/lib/python3.10/site-packages/turtlebot_spawn_follower
byte-compiling /home/ashwin/ros2_ws/install/turtlebot_spawn_follower/lib/python3.10/site-packages/turtlebot_spawn_follower/__init__.py to __init__.cpython-310.pyc
byte-compiling /home/ashwin/ros2_ws/install/turtlebot_spawn_follower/lib/python3.10/site-packages/turtlebot_spawn_follower/test.py to test.cpython-310.pyc
byte-compiling /home/ashwin/ros2_ws/install/turtlebot_spawn_follower/lib/python3.10/site-packages/turtlebot_spawn_follower/robot_controller.py to robot_controller.cpython-310.pyc
running install_data
running install_egg_info
Copying ../../build/turtlebot_spawn_follower/turtlebot_spawn_follower.egg-info to /home/ashwin/ros2_ws/install/turtlebot_spawn_follower/lib/python3.10/site-packages/turtlebot_spawn_follower-0.0.0-py3.10.egg-info
running install_scripts
Installing robot_controller script to /home/ashwin/ros2_ws/install/turtlebot_spawn_follower/lib/turtlebot_spawn_follower
writing list of installed files to '/home/ashwin/ros2_ws/build/turtlebot_spawn_follower/install.log'
