[0.304s] Invoking command in '/home/ashwin/ros2_ws/build/my_robot_interfaces': CMAKE_PREFIX_PATH=${CMAKE_PREFIX_PATH}:/home/ashwin/ros2_ws/install/my_robot_controller:/opt/ros/humble /usr/bin/cmake --build /home/ashwin/ros2_ws/build/my_robot_interfaces -- -j12 -l12
[0.495s] [  2%] Built target my_robot_interfaces__cpp
[0.495s] [ 12%] Built target my_robot_interfaces__rosidl_generator_c
[0.495s] [ 12%] Built target ament_cmake_python_copy_my_robot_interfaces
[0.495s] [ 23%] Built target my_robot_interfaces__rosidl_typesupport_c
[0.495s] [ 38%] Built target my_robot_interfaces__rosidl_typesupport_introspection_c
[0.495s] [ 46%] Built target my_robot_interfaces__rosidl_typesupport_cpp
[0.495s] [ 53%] Built target my_robot_interfaces__rosidl_typesupport_fastrtps_cpp
[0.495s] [ 64%] Built target my_robot_interfaces__rosidl_typesupport_fastrtps_c
[0.495s] [ 74%] Built target my_robot_interfaces__rosidl_typesupport_introspection_cpp
[0.495s] [ 74%] Built target my_robot_interfaces
[0.495s] [ 76%] Built target my_robot_interfaces__py
[0.495s] [ 84%] Built target my_robot_interfaces__rosidl_generator_py
[0.495s] [100%] Built target my_robot_interfaces__rosidl_typesupport_introspection_c__pyext
[0.495s] [100%] Built target my_robot_interfaces__rosidl_typesupport_fastrtps_c__pyext
[0.495s] [100%] Built target my_robot_interfaces__rosidl_typesupport_c__pyext
[0.496s] running egg_info
[0.497s] writing my_robot_interfaces.egg-info/PKG-INFO
[0.497s] writing dependency_links to my_robot_interfaces.egg-info/dependency_links.txt
[0.497s] writing top-level names to my_robot_interfaces.egg-info/top_level.txt
[0.498s] reading manifest file 'my_robot_interfaces.egg-info/SOURCES.txt'
[0.499s] writing manifest file 'my_robot_interfaces.egg-info/SOURCES.txt'
[0.515s] [100%] Built target ament_cmake_python_build_my_robot_interfaces_egg
