[0.916s] Invoking command in '/home/ashwin/ros2_ws/src/my_robot_controller': PYTHONPATH=/home/ashwin/ros2_ws/build/my_robot_controller/prefix_override:/home/ashwin/ros2_ws/install/my_robot_controller/lib/python3.10/site-packages:${PYTHONPATH} /usr/bin/python3 setup.py egg_info --egg-base ../../build/my_robot_controller build --build-base /home/ashwin/ros2_ws/build/my_robot_controller/build install --record /home/ashwin/ros2_ws/build/my_robot_controller/install.log --single-version-externally-managed
[1.069s] running egg_info
[1.069s] writing ../../build/my_robot_controller/my_robot_controller.egg-info/PKG-INFO
[1.069s] writing dependency_links to ../../build/my_robot_controller/my_robot_controller.egg-info/dependency_links.txt
[1.069s] writing entry points to ../../build/my_robot_controller/my_robot_controller.egg-info/entry_points.txt
[1.069s] writing requirements to ../../build/my_robot_controller/my_robot_controller.egg-info/requires.txt
[1.069s] writing top-level names to ../../build/my_robot_controller/my_robot_controller.egg-info/top_level.txt
[1.071s] reading manifest file '../../build/my_robot_controller/my_robot_controller.egg-info/SOURCES.txt'
[1.072s] writing manifest file '../../build/my_robot_controller/my_robot_controller.egg-info/SOURCES.txt'
[1.072s] running build
[1.072s] running build_py
[1.072s] copying my_robot_controller/turtle_controller.py -> /home/ashwin/ros2_ws/build/my_robot_controller/build/lib/my_robot_controller
[1.072s] running install
[1.072s] running install_lib
[1.073s] copying /home/ashwin/ros2_ws/build/my_robot_controller/build/lib/my_robot_controller/turtle_controller.py -> /home/ashwin/ros2_ws/install/my_robot_controller/lib/python3.10/site-packages/my_robot_controller
[1.073s] byte-compiling /home/ashwin/ros2_ws/install/my_robot_controller/lib/python3.10/site-packages/my_robot_controller/turtle_controller.py to turtle_controller.cpython-310.pyc
[1.074s] running install_data
[1.074s] running install_egg_info
[1.076s] removing '/home/ashwin/ros2_ws/install/my_robot_controller/lib/python3.10/site-packages/my_robot_controller-0.0.0-py3.10.egg-info' (and everything under it)
[1.076s] Copying ../../build/my_robot_controller/my_robot_controller.egg-info to /home/ashwin/ros2_ws/install/my_robot_controller/lib/python3.10/site-packages/my_robot_controller-0.0.0-py3.10.egg-info
[1.077s] running install_scripts
[1.092s] Installing draw_circle script to /home/ashwin/ros2_ws/install/my_robot_controller/lib/my_robot_controller
[1.092s] Installing pose_subscriber script to /home/ashwin/ros2_ws/install/my_robot_controller/lib/my_robot_controller
[1.092s] Installing test_node script to /home/ashwin/ros2_ws/install/my_robot_controller/lib/my_robot_controller
[1.092s] Installing turtle_controller script to /home/ashwin/ros2_ws/install/my_robot_controller/lib/my_robot_controller
[1.093s] writing list of installed files to '/home/ashwin/ros2_ws/build/my_robot_controller/install.log'
