[0.619s] Invoking command in '/home/ashwin/ros2_ws/build/turtlebot_spawn_follower': PYTHONPATH=/home/ashwin/ros2_ws/build/turtlebot_spawn_follower/prefix_override:/home/ashwin/ros2_ws/install/turtlebot_spawn_follower/lib/python3.10/site-packages:${PYTHONPATH} /usr/bin/python3 setup.py develop --editable --build-directory /home/ashwin/ros2_ws/build/turtlebot_spawn_follower/build --no-deps install_data
[0.773s] running develop
[0.857s] running egg_info
[0.857s] creating turtlebot_spawn_follower.egg-info
[0.858s] writing turtlebot_spawn_follower.egg-info/PKG-INFO
[0.858s] writing dependency_links to turtlebot_spawn_follower.egg-info/dependency_links.txt
[0.858s] writing entry points to turtlebot_spawn_follower.egg-info/entry_points.txt
[0.858s] writing requirements to turtlebot_spawn_follower.egg-info/requires.txt
[0.858s] writing top-level names to turtlebot_spawn_follower.egg-info/top_level.txt
[0.858s] writing manifest file 'turtlebot_spawn_follower.egg-info/SOURCES.txt'
[0.859s] reading manifest file 'turtlebot_spawn_follower.egg-info/SOURCES.txt'
[0.859s] writing manifest file 'turtlebot_spawn_follower.egg-info/SOURCES.txt'
[0.860s] running build_ext
[0.860s] Creating /home/ashwin/ros2_ws/install/turtlebot_spawn_follower/lib/python3.10/site-packages/turtlebot-spawn-follower.egg-link (link to .)
[0.861s] Installing robot_controller script to /home/ashwin/ros2_ws/install/turtlebot_spawn_follower/lib/turtlebot_spawn_follower
[0.861s] 
[0.861s] Installed /home/ashwin/ros2_ws/build/turtlebot_spawn_follower
[0.861s] running install_data
[0.861s] copying resource/turtlebot_spawn_follower -> /home/ashwin/ros2_ws/install/turtlebot_spawn_follower/share/ament_index/resource_index/packages
[0.931s] Invoked command in '/home/ashwin/ros2_ws/build/turtlebot_spawn_follower' returned '0': PYTHONPATH=/home/ashwin/ros2_ws/build/turtlebot_spawn_follower/prefix_override:/home/ashwin/ros2_ws/install/turtlebot_spawn_follower/lib/python3.10/site-packages:${PYTHONPATH} /usr/bin/python3 setup.py develop --editable --build-directory /home/ashwin/ros2_ws/build/turtlebot_spawn_follower/build --no-deps install_data
