[0.700s] Invoking command in '/home/ashwin/ros2_ws/build/my_robot_controller': PYTHONPATH=/home/ashwin/ros2_ws/build/my_robot_controller/prefix_override:/home/ashwin/ros2_ws/install/my_robot_controller/lib/python3.10/site-packages:${PYTHONPATH} /usr/bin/python3 setup.py develop --uninstall --editable --build-directory /home/ashwin/ros2_ws/build/my_robot_controller/build
[0.861s] running develop
[0.957s] Removing /home/ashwin/ros2_ws/install/my_robot_controller/lib/python3.10/site-packages/my-robot-controller.egg-link (link to .)
[0.981s] Invoked command in '/home/ashwin/ros2_ws/build/my_robot_controller' returned '0': PYTHONPATH=/home/ashwin/ros2_ws/build/my_robot_controller/prefix_override:/home/ashwin/ros2_ws/install/my_robot_controller/lib/python3.10/site-packages:${PYTHONPATH} /usr/bin/python3 setup.py develop --uninstall --editable --build-directory /home/ashwin/ros2_ws/build/my_robot_controller/build
[0.982s] Invoking command in '/home/ashwin/ros2_ws/src/my_robot_controller': PYTHONPATH=/home/ashwin/ros2_ws/build/my_robot_controller/prefix_override:/home/ashwin/ros2_ws/install/my_robot_controller/lib/python3.10/site-packages:${PYTHONPATH} /usr/bin/python3 setup.py egg_info --egg-base ../../build/my_robot_controller build --build-base /home/ashwin/ros2_ws/build/my_robot_controller/build install --record /home/ashwin/ros2_ws/build/my_robot_controller/install.log --single-version-externally-managed
[1.138s] running egg_info
[1.138s] writing ../../build/my_robot_controller/my_robot_controller.egg-info/PKG-INFO
[1.138s] writing dependency_links to ../../build/my_robot_controller/my_robot_controller.egg-info/dependency_links.txt
[1.138s] writing entry points to ../../build/my_robot_controller/my_robot_controller.egg-info/entry_points.txt
[1.138s] writing requirements to ../../build/my_robot_controller/my_robot_controller.egg-info/requires.txt
[1.138s] writing top-level names to ../../build/my_robot_controller/my_robot_controller.egg-info/top_level.txt
[1.140s] reading manifest file '../../build/my_robot_controller/my_robot_controller.egg-info/SOURCES.txt'
[1.140s] writing manifest file '../../build/my_robot_controller/my_robot_controller.egg-info/SOURCES.txt'
[1.140s] running build
[1.140s] running build_py
[1.140s] running install
[1.141s] running install_lib
[1.141s] creating /home/ashwin/ros2_ws/install/my_robot_controller/lib/python3.10/site-packages/my_robot_controller
[1.141s] copying /home/ashwin/ros2_ws/build/my_robot_controller/build/lib/my_robot_controller/__init__.py -> /home/ashwin/ros2_ws/install/my_robot_controller/lib/python3.10/site-packages/my_robot_controller
[1.141s] copying /home/ashwin/ros2_ws/build/my_robot_controller/build/lib/my_robot_controller/draw_circle.py -> /home/ashwin/ros2_ws/install/my_robot_controller/lib/python3.10/site-packages/my_robot_controller
[1.141s] copying /home/ashwin/ros2_ws/build/my_robot_controller/build/lib/my_robot_controller/turtle_controller.py -> /home/ashwin/ros2_ws/install/my_robot_controller/lib/python3.10/site-packages/my_robot_controller
[1.142s] copying /home/ashwin/ros2_ws/build/my_robot_controller/build/lib/my_robot_controller/pose_subscriber.py -> /home/ashwin/ros2_ws/install/my_robot_controller/lib/python3.10/site-packages/my_robot_controller
[1.142s] copying /home/ashwin/ros2_ws/build/my_robot_controller/build/lib/my_robot_controller/my_first_node.py -> /home/ashwin/ros2_ws/install/my_robot_controller/lib/python3.10/site-packages/my_robot_controller
[1.142s] byte-compiling /home/ashwin/ros2_ws/install/my_robot_controller/lib/python3.10/site-packages/my_robot_controller/__init__.py to __init__.cpython-310.pyc
[1.142s] byte-compiling /home/ashwin/ros2_ws/install/my_robot_controller/lib/python3.10/site-packages/my_robot_controller/draw_circle.py to draw_circle.cpython-310.pyc
[1.143s] byte-compiling /home/ashwin/ros2_ws/install/my_robot_controller/lib/python3.10/site-packages/my_robot_controller/turtle_controller.py to turtle_controller.cpython-310.pyc
[1.143s] byte-compiling /home/ashwin/ros2_ws/install/my_robot_controller/lib/python3.10/site-packages/my_robot_controller/pose_subscriber.py to pose_subscriber.cpython-310.pyc
[1.143s] byte-compiling /home/ashwin/ros2_ws/install/my_robot_controller/lib/python3.10/site-packages/my_robot_controller/my_first_node.py to my_first_node.cpython-310.pyc
[1.144s] running install_data
[1.144s] running install_egg_info
[1.145s] Copying ../../build/my_robot_controller/my_robot_controller.egg-info to /home/ashwin/ros2_ws/install/my_robot_controller/lib/python3.10/site-packages/my_robot_controller-0.0.0-py3.10.egg-info
[1.145s] running install_scripts
[1.159s] Installing draw_circle script to /home/ashwin/ros2_ws/install/my_robot_controller/lib/my_robot_controller
[1.159s] Installing pose_subscriber script to /home/ashwin/ros2_ws/install/my_robot_controller/lib/my_robot_controller
[1.159s] Installing test_node script to /home/ashwin/ros2_ws/install/my_robot_controller/lib/my_robot_controller
[1.159s] Installing turtle_controller script to /home/ashwin/ros2_ws/install/my_robot_controller/lib/my_robot_controller
[1.159s] writing list of installed files to '/home/ashwin/ros2_ws/build/my_robot_controller/install.log'
[1.180s] Invoked command in '/home/ashwin/ros2_ws/src/my_robot_controller' returned '0': PYTHONPATH=/home/ashwin/ros2_ws/build/my_robot_controller/prefix_override:/home/ashwin/ros2_ws/install/my_robot_controller/lib/python3.10/site-packages:${PYTHONPATH} /usr/bin/python3 setup.py egg_info --egg-base ../../build/my_robot_controller build --build-base /home/ashwin/ros2_ws/build/my_robot_controller/build install --record /home/ashwin/ros2_ws/build/my_robot_controller/install.log --single-version-externally-managed
