[0.782s] Invoking command in '/home/ashwin/ros2_ws/src/my_robot_controller': PYTHONPATH=/home/ashwin/ros2_ws/build/my_robot_controller/prefix_override:/home/ashwin/ros2_ws/install/my_robot_controller/lib/python3.10/site-packages:${PYTHONPATH} /usr/bin/python3 setup.py egg_info --egg-base ../../build/my_robot_controller build --build-base /home/ashwin/ros2_ws/build/my_robot_controller/build install --record /home/ashwin/ros2_ws/build/my_robot_controller/install.log --single-version-externally-managed
[0.965s] running egg_info
[0.965s] writing ../../build/my_robot_controller/my_robot_controller.egg-info/PKG-INFO
[0.966s] writing dependency_links to ../../build/my_robot_controller/my_robot_controller.egg-info/dependency_links.txt
[0.966s] writing entry points to ../../build/my_robot_controller/my_robot_controller.egg-info/entry_points.txt
[0.966s] writing requirements to ../../build/my_robot_controller/my_robot_controller.egg-info/requires.txt
[0.966s] writing top-level names to ../../build/my_robot_controller/my_robot_controller.egg-info/top_level.txt
[0.967s] reading manifest file '../../build/my_robot_controller/my_robot_controller.egg-info/SOURCES.txt'
[0.968s] writing manifest file '../../build/my_robot_controller/my_robot_controller.egg-info/SOURCES.txt'
[0.968s] running build
[0.968s] running build_py
[0.969s] running install
[0.969s] running install_lib
[0.970s] running install_data
[0.970s] running install_egg_info
[0.972s] removing '/home/ashwin/ros2_ws/install/my_robot_controller/lib/python3.10/site-packages/my_robot_controller-0.0.0-py3.10.egg-info' (and everything under it)
[0.972s] Copying ../../build/my_robot_controller/my_robot_controller.egg-info to /home/ashwin/ros2_ws/install/my_robot_controller/lib/python3.10/site-packages/my_robot_controller-0.0.0-py3.10.egg-info
[0.973s] running install_scripts
[0.988s] Installing draw_circle script to /home/ashwin/ros2_ws/install/my_robot_controller/lib/my_robot_controller
[0.988s] Installing pose_subscriber script to /home/ashwin/ros2_ws/install/my_robot_controller/lib/my_robot_controller
[0.988s] Installing test_node script to /home/ashwin/ros2_ws/install/my_robot_controller/lib/my_robot_controller
[0.989s] Installing turtle_controller script to /home/ashwin/ros2_ws/install/my_robot_controller/lib/my_robot_controller
[0.989s] writing list of installed files to '/home/ashwin/ros2_ws/build/my_robot_controller/install.log'
[1.067s] Invoked command in '/home/ashwin/ros2_ws/src/my_robot_controller' returned '0': PYTHONPATH=/home/ashwin/ros2_ws/build/my_robot_controller/prefix_override:/home/ashwin/ros2_ws/install/my_robot_controller/lib/python3.10/site-packages:${PYTHONPATH} /usr/bin/python3 setup.py egg_info --egg-base ../../build/my_robot_controller build --build-base /home/ashwin/ros2_ws/build/my_robot_controller/build install --record /home/ashwin/ros2_ws/build/my_robot_controller/install.log --single-version-externally-managed
