[0.955s] Invoking command in '/home/ashwin/ros2_ws/src/template_files': PYTHONPATH=/home/ashwin/ros2_ws/build/PACKAGE_NAME/prefix_override:/home/ashwin/ros2_ws/install/PACKAGE_NAME/lib/python3.10/site-packages:${PYTHONPATH} /usr/bin/python3 setup.py egg_info --egg-base ../../build/PACKAGE_NAME build --build-base /home/ashwin/ros2_ws/build/PACKAGE_NAME/build install --record /home/ashwin/ros2_ws/build/PACKAGE_NAME/install.log --single-version-externally-managed
[1.109s] running egg_info
[1.109s] creating ../../build/PACKAGE_NAME/my_robot_controller.egg-info
[1.109s] writing ../../build/PACKAGE_NAME/my_robot_controller.egg-info/PKG-INFO
[1.109s] writing dependency_links to ../../build/PACKAGE_NAME/my_robot_controller.egg-info/dependency_links.txt
[1.109s] writing entry points to ../../build/PACKAGE_NAME/my_robot_controller.egg-info/entry_points.txt
[1.109s] writing requirements to ../../build/PACKAGE_NAME/my_robot_controller.egg-info/requires.txt
[1.109s] writing top-level names to ../../build/PACKAGE_NAME/my_robot_controller.egg-info/top_level.txt
[1.110s] writing manifest file '../../build/PACKAGE_NAME/my_robot_controller.egg-info/SOURCES.txt'
[1.111s] reading manifest file '../../build/PACKAGE_NAME/my_robot_controller.egg-info/SOURCES.txt'
[1.111s] writing manifest file '../../build/PACKAGE_NAME/my_robot_controller.egg-info/SOURCES.txt'
[1.111s] running build
[1.111s] running build_py
[1.112s] creating /home/ashwin/ros2_ws/build/PACKAGE_NAME/build
[1.112s] creating /home/ashwin/ros2_ws/build/PACKAGE_NAME/build/lib
[1.112s] creating /home/ashwin/ros2_ws/build/PACKAGE_NAME/build/lib/template_files
[1.112s] copying template_files/__init__.py -> /home/ashwin/ros2_ws/build/PACKAGE_NAME/build/lib/template_files
[1.112s] copying template_files/complete_pub_sub_service.py -> /home/ashwin/ros2_ws/build/PACKAGE_NAME/build/lib/template_files
[1.112s] running install
[1.112s] running install_lib
[1.112s] creating /home/ashwin/ros2_ws/install/PACKAGE_NAME/lib/python3.10/site-packages/template_files
[1.112s] copying /home/ashwin/ros2_ws/build/PACKAGE_NAME/build/lib/template_files/__init__.py -> /home/ashwin/ros2_ws/install/PACKAGE_NAME/lib/python3.10/site-packages/template_files
[1.113s] copying /home/ashwin/ros2_ws/build/PACKAGE_NAME/build/lib/template_files/complete_pub_sub_service.py -> /home/ashwin/ros2_ws/install/PACKAGE_NAME/lib/python3.10/site-packages/template_files
[1.113s] byte-compiling /home/ashwin/ros2_ws/install/PACKAGE_NAME/lib/python3.10/site-packages/template_files/__init__.py to __init__.cpython-310.pyc
[1.113s] byte-compiling /home/ashwin/ros2_ws/install/PACKAGE_NAME/lib/python3.10/site-packages/template_files/complete_pub_sub_service.py to complete_pub_sub_service.cpython-310.pyc
[1.114s] running install_data
[1.114s] error: can't copy 'resource/my_robot_controller': doesn't exist or not a regular file
[1.129s] Invoked command in '/home/ashwin/ros2_ws/src/template_files' returned '1': PYTHONPATH=/home/ashwin/ros2_ws/build/PACKAGE_NAME/prefix_override:/home/ashwin/ros2_ws/install/PACKAGE_NAME/lib/python3.10/site-packages:${PYTHONPATH} /usr/bin/python3 setup.py egg_info --egg-base ../../build/PACKAGE_NAME build --build-base /home/ashwin/ros2_ws/build/PACKAGE_NAME/build install --record /home/ashwin/ros2_ws/build/PACKAGE_NAME/install.log --single-version-externally-managed
