[0.522s] DEBUG:colcon:Command line arguments: ['/usr/bin/colcon', 'build']
[0.522s] DEBUG:colcon:Parsed command line arguments: Namespace(log_base=None, log_level=None, verb_name='build', build_base='build', install_base='install', merge_install=False, symlink_install=False, test_result_base=None, continue_on_error=False, executor='parallel', parallel_workers=12, event_handlers=None, ignore_user_meta=False, metas=['./colcon.meta'], base_paths=['.'], packages_ignore=None, packages_ignore_regex=None, paths=None, packages_up_to=None, packages_up_to_regex=None, packages_above=None, packages_above_and_dependencies=None, packages_above_depth=None, packages_select_by_dep=None, packages_skip_by_dep=None, packages_skip_up_to=None, packages_select_build_failed=False, packages_skip_build_finished=False, packages_select_test_failures=False, packages_skip_test_passed=False, packages_select=None, packages_skip=None, packages_select_regex=None, packages_skip_regex=None, packages_start=None, packages_end=None, allow_overriding=[], cmake_args=None, cmake_target=None, cmake_target_skip_unavailable=False, cmake_clean_cache=False, cmake_clean_first=False, cmake_force_configure=False, ament_cmake_args=None, catkin_cmake_args=None, catkin_skip_building_tests=False, verb_parser=<colcon_defaults.argument_parser.defaults.DefaultArgumentsDecorator object at 0x7f7b39570b20>, verb_extension=<colcon_core.verb.build.BuildVerb object at 0x7f7b395706a0>, main=<bound method BuildVerb.main of <colcon_core.verb.build.BuildVerb object at 0x7f7b395706a0>>)
[0.547s] Level 1:colcon.colcon_core.package_discovery:discover_packages(colcon_meta) check parameters
[0.547s] Level 1:colcon.colcon_core.package_discovery:discover_packages(recursive) check parameters
[0.547s] Level 1:colcon.colcon_core.package_discovery:discover_packages(ignore) check parameters
[0.547s] Level 1:colcon.colcon_core.package_discovery:discover_packages(path) check parameters
[0.547s] Level 1:colcon.colcon_core.package_discovery:discover_packages(colcon_meta) discover
[0.547s] Level 1:colcon.colcon_core.package_discovery:discover_packages(recursive) discover
[0.547s] INFO:colcon.colcon_core.package_discovery:Crawling recursively for packages in '/home/ashwin/ros2_ws'
[0.547s] Level 1:colcon.colcon_core.package_identification:_identify(.) by extensions ['ignore', 'ignore_ament_install']
[0.547s] Level 1:colcon.colcon_core.package_identification:_identify(.) by extension 'ignore'
[0.547s] Level 1:colcon.colcon_core.package_identification:_identify(.) by extension 'ignore_ament_install'
[0.547s] Level 1:colcon.colcon_core.package_identification:_identify(.) by extensions ['colcon_pkg']
[0.547s] Level 1:colcon.colcon_core.package_identification:_identify(.) by extension 'colcon_pkg'
[0.547s] Level 1:colcon.colcon_core.package_identification:_identify(.) by extensions ['colcon_meta']
[0.547s] Level 1:colcon.colcon_core.package_identification:_identify(.) by extension 'colcon_meta'
[0.547s] Level 1:colcon.colcon_core.package_identification:_identify(.) by extensions ['ros']
[0.547s] Level 1:colcon.colcon_core.package_identification:_identify(.) by extension 'ros'
[0.554s] Level 1:colcon.colcon_core.package_identification:_identify(.) by extensions ['cmake', 'python']
[0.554s] Level 1:colcon.colcon_core.package_identification:_identify(.) by extension 'cmake'
[0.554s] Level 1:colcon.colcon_core.package_identification:_identify(.) by extension 'python'
[0.554s] Level 1:colcon.colcon_core.package_identification:_identify(.) by extensions ['python_setup_py']
[0.554s] Level 1:colcon.colcon_core.package_identification:_identify(.) by extension 'python_setup_py'
[0.554s] Level 1:colcon.colcon_core.package_identification:_identify(build) by extensions ['ignore', 'ignore_ament_install']
[0.554s] Level 1:colcon.colcon_core.package_identification:_identify(build) by extension 'ignore'
[0.554s] Level 1:colcon.colcon_core.package_identification:_identify(build) ignored
[0.554s] Level 1:colcon.colcon_core.package_identification:_identify(install) by extensions ['ignore', 'ignore_ament_install']
[0.554s] Level 1:colcon.colcon_core.package_identification:_identify(install) by extension 'ignore'
[0.554s] Level 1:colcon.colcon_core.package_identification:_identify(install) ignored
[0.554s] Level 1:colcon.colcon_core.package_identification:_identify(log) by extensions ['ignore', 'ignore_ament_install']
[0.554s] Level 1:colcon.colcon_core.package_identification:_identify(log) by extension 'ignore'
[0.554s] Level 1:colcon.colcon_core.package_identification:_identify(log) ignored
[0.555s] Level 1:colcon.colcon_core.package_identification:_identify(src) by extensions ['ignore', 'ignore_ament_install']
[0.555s] Level 1:colcon.colcon_core.package_identification:_identify(src) by extension 'ignore'
[0.555s] Level 1:colcon.colcon_core.package_identification:_identify(src) by extension 'ignore_ament_install'
[0.555s] Level 1:colcon.colcon_core.package_identification:_identify(src) by extensions ['colcon_pkg']
[0.555s] Level 1:colcon.colcon_core.package_identification:_identify(src) by extension 'colcon_pkg'
[0.555s] Level 1:colcon.colcon_core.package_identification:_identify(src) by extensions ['colcon_meta']
[0.555s] Level 1:colcon.colcon_core.package_identification:_identify(src) by extension 'colcon_meta'
[0.555s] Level 1:colcon.colcon_core.package_identification:_identify(src) by extensions ['ros']
[0.555s] Level 1:colcon.colcon_core.package_identification:_identify(src) by extension 'ros'
[0.555s] Level 1:colcon.colcon_core.package_identification:_identify(src) by extensions ['cmake', 'python']
[0.555s] Level 1:colcon.colcon_core.package_identification:_identify(src) by extension 'cmake'
[0.555s] Level 1:colcon.colcon_core.package_identification:_identify(src) by extension 'python'
[0.555s] Level 1:colcon.colcon_core.package_identification:_identify(src) by extensions ['python_setup_py']
[0.555s] Level 1:colcon.colcon_core.package_identification:_identify(src) by extension 'python_setup_py'
[0.555s] Level 1:colcon.colcon_core.package_identification:_identify(src/build) by extensions ['ignore', 'ignore_ament_install']
[0.555s] Level 1:colcon.colcon_core.package_identification:_identify(src/build) by extension 'ignore'
[0.555s] Level 1:colcon.colcon_core.package_identification:_identify(src/build) ignored
[0.555s] Level 1:colcon.colcon_core.package_identification:_identify(src/install) by extensions ['ignore', 'ignore_ament_install']
[0.555s] Level 1:colcon.colcon_core.package_identification:_identify(src/install) by extension 'ignore'
[0.555s] Level 1:colcon.colcon_core.package_identification:_identify(src/install) ignored
[0.555s] Level 1:colcon.colcon_core.package_identification:_identify(src/log) by extensions ['ignore', 'ignore_ament_install']
[0.555s] Level 1:colcon.colcon_core.package_identification:_identify(src/log) by extension 'ignore'
[0.555s] Level 1:colcon.colcon_core.package_identification:_identify(src/log) ignored
[0.555s] Level 1:colcon.colcon_core.package_identification:_identify(src/my_robot_controller) by extensions ['ignore', 'ignore_ament_install']
[0.555s] Level 1:colcon.colcon_core.package_identification:_identify(src/my_robot_controller) by extension 'ignore'
[0.555s] Level 1:colcon.colcon_core.package_identification:_identify(src/my_robot_controller) by extension 'ignore_ament_install'
[0.555s] Level 1:colcon.colcon_core.package_identification:_identify(src/my_robot_controller) by extensions ['colcon_pkg']
[0.555s] Level 1:colcon.colcon_core.package_identification:_identify(src/my_robot_controller) by extension 'colcon_pkg'
[0.555s] Level 1:colcon.colcon_core.package_identification:_identify(src/my_robot_controller) by extensions ['colcon_meta']
[0.555s] Level 1:colcon.colcon_core.package_identification:_identify(src/my_robot_controller) by extension 'colcon_meta'
[0.555s] Level 1:colcon.colcon_core.package_identification:_identify(src/my_robot_controller) by extensions ['ros']
[0.555s] Level 1:colcon.colcon_core.package_identification:_identify(src/my_robot_controller) by extension 'ros'
[0.557s] DEBUG:colcon.colcon_core.package_identification:Package 'src/my_robot_controller' with type 'ros.ament_python' and name 'my_robot_controller'
[0.557s] Level 1:colcon.colcon_core.package_identification:_identify(src/turtlebot_spawn_follower) by extensions ['ignore', 'ignore_ament_install']
[0.557s] Level 1:colcon.colcon_core.package_identification:_identify(src/turtlebot_spawn_follower) by extension 'ignore'
[0.557s] Level 1:colcon.colcon_core.package_identification:_identify(src/turtlebot_spawn_follower) by extension 'ignore_ament_install'
[0.557s] Level 1:colcon.colcon_core.package_identification:_identify(src/turtlebot_spawn_follower) by extensions ['colcon_pkg']
[0.557s] Level 1:colcon.colcon_core.package_identification:_identify(src/turtlebot_spawn_follower) by extension 'colcon_pkg'
[0.557s] Level 1:colcon.colcon_core.package_identification:_identify(src/turtlebot_spawn_follower) by extensions ['colcon_meta']
[0.557s] Level 1:colcon.colcon_core.package_identification:_identify(src/turtlebot_spawn_follower) by extension 'colcon_meta'
[0.557s] Level 1:colcon.colcon_core.package_identification:_identify(src/turtlebot_spawn_follower) by extensions ['ros']
[0.557s] Level 1:colcon.colcon_core.package_identification:_identify(src/turtlebot_spawn_follower) by extension 'ros'
[0.558s] DEBUG:colcon.colcon_core.package_identification:Package 'src/turtlebot_spawn_follower' with type 'ros.ament_cmake' and name 'turtlebot_spawn_follower'
[0.558s] Level 1:colcon.colcon_core.package_discovery:discover_packages(recursive) using defaults
[0.558s] Level 1:colcon.colcon_core.package_discovery:discover_packages(ignore) discover
[0.558s] Level 1:colcon.colcon_core.package_discovery:discover_packages(ignore) using defaults
[0.558s] Level 1:colcon.colcon_core.package_discovery:discover_packages(path) discover
[0.558s] Level 1:colcon.colcon_core.package_discovery:discover_packages(path) using defaults
[0.606s] Level 1:colcon.colcon_core.package_discovery:discover_packages(prefix_path) check parameters
[0.606s] Level 1:colcon.colcon_core.package_discovery:discover_packages(prefix_path) discover
[0.621s] DEBUG:colcon.colcon_installed_package_information.package_discovery:Found 2 installed packages in /home/ashwin/ros2_ws/install
[0.629s] DEBUG:colcon.colcon_installed_package_information.package_discovery:Found 270 installed packages in /opt/ros/humble
[0.629s] Level 1:colcon.colcon_core.package_discovery:discover_packages(prefix_path) using defaults
[0.678s] Level 5:colcon.colcon_core.verb:set package 'my_robot_controller' build argument 'cmake_args' from command line to 'None'
[0.679s] Level 5:colcon.colcon_core.verb:set package 'my_robot_controller' build argument 'cmake_target' from command line to 'None'
[0.679s] Level 5:colcon.colcon_core.verb:set package 'my_robot_controller' build argument 'cmake_target_skip_unavailable' from command line to 'False'
[0.679s] Level 5:colcon.colcon_core.verb:set package 'my_robot_controller' build argument 'cmake_clean_cache' from command line to 'False'
[0.679s] Level 5:colcon.colcon_core.verb:set package 'my_robot_controller' build argument 'cmake_clean_first' from command line to 'False'
[0.679s] Level 5:colcon.colcon_core.verb:set package 'my_robot_controller' build argument 'cmake_force_configure' from command line to 'False'
[0.679s] Level 5:colcon.colcon_core.verb:set package 'my_robot_controller' build argument 'ament_cmake_args' from command line to 'None'
[0.679s] Level 5:colcon.colcon_core.verb:set package 'my_robot_controller' build argument 'catkin_cmake_args' from command line to 'None'
[0.679s] Level 5:colcon.colcon_core.verb:set package 'my_robot_controller' build argument 'catkin_skip_building_tests' from command line to 'False'
[0.679s] DEBUG:colcon.colcon_core.verb:Building package 'my_robot_controller' with the following arguments: {'ament_cmake_args': None, 'build_base': '/home/ashwin/ros2_ws/build/my_robot_controller', 'catkin_cmake_args': None, 'catkin_skip_building_tests': False, 'cmake_args': None, 'cmake_clean_cache': False, 'cmake_clean_first': False, 'cmake_force_configure': False, 'cmake_target': None, 'cmake_target_skip_unavailable': False, 'install_base': '/home/ashwin/ros2_ws/install/my_robot_controller', 'merge_install': False, 'path': '/home/ashwin/ros2_ws/src/my_robot_controller', 'symlink_install': False, 'test_result_base': None}
[0.686s] Level 5:colcon.colcon_core.verb:set package 'turtlebot_spawn_follower' build argument 'cmake_args' from command line to 'None'
[0.686s] Level 5:colcon.colcon_core.verb:set package 'turtlebot_spawn_follower' build argument 'cmake_target' from command line to 'None'
[0.686s] Level 5:colcon.colcon_core.verb:set package 'turtlebot_spawn_follower' build argument 'cmake_target_skip_unavailable' from command line to 'False'
[0.686s] Level 5:colcon.colcon_core.verb:set package 'turtlebot_spawn_follower' build argument 'cmake_clean_cache' from command line to 'False'
[0.686s] Level 5:colcon.colcon_core.verb:set package 'turtlebot_spawn_follower' build argument 'cmake_clean_first' from command line to 'False'
[0.686s] Level 5:colcon.colcon_core.verb:set package 'turtlebot_spawn_follower' build argument 'cmake_force_configure' from command line to 'False'
[0.686s] Level 5:colcon.colcon_core.verb:set package 'turtlebot_spawn_follower' build argument 'ament_cmake_args' from command line to 'None'
[0.686s] Level 5:colcon.colcon_core.verb:set package 'turtlebot_spawn_follower' build argument 'catkin_cmake_args' from command line to 'None'
[0.686s] Level 5:colcon.colcon_core.verb:set package 'turtlebot_spawn_follower' build argument 'catkin_skip_building_tests' from command line to 'False'
[0.687s] DEBUG:colcon.colcon_core.verb:Building package 'turtlebot_spawn_follower' with the following arguments: {'ament_cmake_args': None, 'build_base': '/home/ashwin/ros2_ws/build/turtlebot_spawn_follower', 'catkin_cmake_args': None, 'catkin_skip_building_tests': False, 'cmake_args': None, 'cmake_clean_cache': False, 'cmake_clean_first': False, 'cmake_force_configure': False, 'cmake_target': None, 'cmake_target_skip_unavailable': False, 'install_base': '/home/ashwin/ros2_ws/install/turtlebot_spawn_follower', 'merge_install': False, 'path': '/home/ashwin/ros2_ws/src/turtlebot_spawn_follower', 'symlink_install': False, 'test_result_base': None}
[0.695s] INFO:colcon.colcon_core.executor:Executing jobs using 'parallel' executor
[0.703s] DEBUG:colcon.colcon_parallel_executor.executor.parallel:run_until_complete
[0.703s] INFO:colcon.colcon_ros.task.ament_python.build:Building ROS package in '/home/ashwin/ros2_ws/src/my_robot_controller' with build type 'ament_python'
[0.704s] Level 1:colcon.colcon_core.shell:create_environment_hook('my_robot_controller', 'ament_prefix_path')
[0.712s] INFO:colcon.colcon_core.plugin_system:Skipping extension 'colcon_core.shell.bat': Not used on non-Windows systems
[0.712s] INFO:colcon.colcon_core.shell:Creating environment hook '/home/ashwin/ros2_ws/install/my_robot_controller/share/my_robot_controller/hook/ament_prefix_path.ps1'
[0.713s] INFO:colcon.colcon_core.shell:Creating environment descriptor '/home/ashwin/ros2_ws/install/my_robot_controller/share/my_robot_controller/hook/ament_prefix_path.dsv'
[0.713s] INFO:colcon.colcon_core.shell:Creating environment hook '/home/ashwin/ros2_ws/install/my_robot_controller/share/my_robot_controller/hook/ament_prefix_path.sh'
[0.721s] INFO:colcon.colcon_core.shell:Skip shell extension 'powershell' for command environment: Not usable outside of PowerShell
[0.721s] DEBUG:colcon.colcon_core.shell:Skip shell extension 'dsv' for command environment
[0.744s] INFO:colcon.colcon_ros.task.ament_cmake.build:Building ROS package in '/home/ashwin/ros2_ws/src/turtlebot_spawn_follower' with build type 'ament_cmake'
[0.745s] INFO:colcon.colcon_cmake.task.cmake.build:Building CMake package in '/home/ashwin/ros2_ws/src/turtlebot_spawn_follower'
[0.752s] INFO:colcon.colcon_core.shell:Skip shell extension 'powershell' for command environment: Not usable outside of PowerShell
[0.752s] DEBUG:colcon.colcon_core.shell:Skip shell extension 'dsv' for command environment
[0.930s] INFO:colcon.colcon_core.task.python.build:Building Python package in '/home/ashwin/ros2_ws/src/my_robot_controller'
[0.938s] INFO:colcon.colcon_core.shell:Skip shell extension 'powershell' for command environment: Not usable outside of PowerShell
[0.938s] DEBUG:colcon.colcon_core.shell:Skip shell extension 'dsv' for command environment
[0.964s] DEBUG:colcon.colcon_core.event_handler.log_command:Invoking command in '/home/ashwin/ros2_ws/build/turtlebot_spawn_follower': CMAKE_PREFIX_PATH=${CMAKE_PREFIX_PATH}:/home/ashwin/ros2_ws/install/my_robot_controller:/opt/ros/humble /usr/bin/cmake /home/ashwin/ros2_ws/src/turtlebot_spawn_follower -DCMAKE_INSTALL_PREFIX=/home/ashwin/ros2_ws/install/turtlebot_spawn_follower
[1.108s] DEBUG:colcon.colcon_core.event_handler.log_command:Invoked command in '/home/ashwin/ros2_ws/build/turtlebot_spawn_follower' returned '0': CMAKE_PREFIX_PATH=${CMAKE_PREFIX_PATH}:/home/ashwin/ros2_ws/install/my_robot_controller:/opt/ros/humble /usr/bin/cmake /home/ashwin/ros2_ws/src/turtlebot_spawn_follower -DCMAKE_INSTALL_PREFIX=/home/ashwin/ros2_ws/install/turtlebot_spawn_follower
[1.109s] DEBUG:colcon.colcon_core.event_handler.log_command:Invoking command in '/home/ashwin/ros2_ws/build/turtlebot_spawn_follower': CMAKE_PREFIX_PATH=${CMAKE_PREFIX_PATH}:/home/ashwin/ros2_ws/install/my_robot_controller:/opt/ros/humble /usr/bin/cmake --build /home/ashwin/ros2_ws/build/turtlebot_spawn_follower -- -j12 -l12
[1.132s] DEBUG:colcon.colcon_core.event_handler.log_command:Invoked command in '/home/ashwin/ros2_ws/build/turtlebot_spawn_follower' returned '0': CMAKE_PREFIX_PATH=${CMAKE_PREFIX_PATH}:/home/ashwin/ros2_ws/install/my_robot_controller:/opt/ros/humble /usr/bin/cmake --build /home/ashwin/ros2_ws/build/turtlebot_spawn_follower -- -j12 -l12
[1.152s] DEBUG:colcon.colcon_core.event_handler.log_command:Invoking command in '/home/ashwin/ros2_ws/build/turtlebot_spawn_follower': CMAKE_PREFIX_PATH=${CMAKE_PREFIX_PATH}:/home/ashwin/ros2_ws/install/my_robot_controller:/opt/ros/humble /usr/bin/cmake --install /home/ashwin/ros2_ws/build/turtlebot_spawn_follower
[1.166s] Level 1:colcon.colcon_core.environment:create_environment_scripts_only(turtlebot_spawn_follower)
[1.166s] DEBUG:colcon.colcon_core.event_handler.log_command:Invoked command in '/home/ashwin/ros2_ws/build/turtlebot_spawn_follower' returned '0': CMAKE_PREFIX_PATH=${CMAKE_PREFIX_PATH}:/home/ashwin/ros2_ws/install/my_robot_controller:/opt/ros/humble /usr/bin/cmake --install /home/ashwin/ros2_ws/build/turtlebot_spawn_follower
[1.175s] Level 1:colcon.colcon_core.environment:checking '/home/ashwin/ros2_ws/install/turtlebot_spawn_follower' for CMake module files
[1.175s] Level 1:colcon.colcon_core.environment:checking '/home/ashwin/ros2_ws/install/turtlebot_spawn_follower' for CMake config files
[1.175s] Level 1:colcon.colcon_core.shell:create_environment_hook('turtlebot_spawn_follower', 'cmake_prefix_path')
[1.183s] INFO:colcon.colcon_core.shell:Creating environment hook '/home/ashwin/ros2_ws/install/turtlebot_spawn_follower/share/turtlebot_spawn_follower/hook/cmake_prefix_path.ps1'
[1.183s] INFO:colcon.colcon_core.shell:Creating environment descriptor '/home/ashwin/ros2_ws/install/turtlebot_spawn_follower/share/turtlebot_spawn_follower/hook/cmake_prefix_path.dsv'
[1.183s] INFO:colcon.colcon_core.shell:Creating environment hook '/home/ashwin/ros2_ws/install/turtlebot_spawn_follower/share/turtlebot_spawn_follower/hook/cmake_prefix_path.sh'
[1.184s] Level 1:colcon.colcon_core.environment:checking '/home/ashwin/ros2_ws/install/turtlebot_spawn_follower/bin'
[1.184s] Level 1:colcon.colcon_core.environment:checking '/home/ashwin/ros2_ws/install/turtlebot_spawn_follower/lib/pkgconfig/turtlebot_spawn_follower.pc'
[1.184s] Level 1:colcon.colcon_core.environment:checking '/home/ashwin/ros2_ws/install/turtlebot_spawn_follower/lib/python3.10/site-packages'
[1.184s] Level 1:colcon.colcon_core.environment:checking '/home/ashwin/ros2_ws/install/turtlebot_spawn_follower/bin'
[1.191s] INFO:colcon.colcon_core.shell:Creating package script '/home/ashwin/ros2_ws/install/turtlebot_spawn_follower/share/turtlebot_spawn_follower/package.ps1'
[1.192s] INFO:colcon.colcon_core.shell:Creating package descriptor '/home/ashwin/ros2_ws/install/turtlebot_spawn_follower/share/turtlebot_spawn_follower/package.dsv'
[1.192s] INFO:colcon.colcon_core.shell:Creating package script '/home/ashwin/ros2_ws/install/turtlebot_spawn_follower/share/turtlebot_spawn_follower/package.sh'
[1.192s] INFO:colcon.colcon_core.shell:Creating package script '/home/ashwin/ros2_ws/install/turtlebot_spawn_follower/share/turtlebot_spawn_follower/package.bash'
[1.193s] INFO:colcon.colcon_core.shell:Creating package script '/home/ashwin/ros2_ws/install/turtlebot_spawn_follower/share/turtlebot_spawn_follower/package.zsh'
[1.193s] Level 1:colcon.colcon_core.environment:create_file_with_runtime_dependencies(/home/ashwin/ros2_ws/install/turtlebot_spawn_follower/share/colcon-core/packages/turtlebot_spawn_follower)
[1.195s] DEBUG:colcon.colcon_core.event_handler.log_command:Invoking command in '/home/ashwin/ros2_ws/build/my_robot_controller': PYTHONPATH=/home/ashwin/ros2_ws/build/my_robot_controller/prefix_override:/home/ashwin/ros2_ws/install/my_robot_controller/lib/python3.10/site-packages:${PYTHONPATH} /usr/bin/python3 setup.py develop --uninstall --editable --build-directory /home/ashwin/ros2_ws/build/my_robot_controller/build
[1.213s] Level 1:colcon.colcon_core.environment:create_environment_scripts_only(turtlebot_spawn_follower)
[1.221s] Level 1:colcon.colcon_core.environment:checking '/home/ashwin/ros2_ws/install/turtlebot_spawn_follower' for CMake module files
[1.221s] Level 1:colcon.colcon_core.environment:checking '/home/ashwin/ros2_ws/install/turtlebot_spawn_follower' for CMake config files
[1.221s] Level 1:colcon.colcon_core.shell:create_environment_hook('turtlebot_spawn_follower', 'cmake_prefix_path')
[1.228s] INFO:colcon.colcon_core.shell:Creating environment hook '/home/ashwin/ros2_ws/install/turtlebot_spawn_follower/share/turtlebot_spawn_follower/hook/cmake_prefix_path.ps1'
[1.229s] INFO:colcon.colcon_core.shell:Creating environment descriptor '/home/ashwin/ros2_ws/install/turtlebot_spawn_follower/share/turtlebot_spawn_follower/hook/cmake_prefix_path.dsv'
[1.229s] INFO:colcon.colcon_core.shell:Creating environment hook '/home/ashwin/ros2_ws/install/turtlebot_spawn_follower/share/turtlebot_spawn_follower/hook/cmake_prefix_path.sh'
[1.229s] Level 1:colcon.colcon_core.environment:checking '/home/ashwin/ros2_ws/install/turtlebot_spawn_follower/bin'
[1.229s] Level 1:colcon.colcon_core.environment:checking '/home/ashwin/ros2_ws/install/turtlebot_spawn_follower/lib/pkgconfig/turtlebot_spawn_follower.pc'
[1.229s] Level 1:colcon.colcon_core.environment:checking '/home/ashwin/ros2_ws/install/turtlebot_spawn_follower/lib/python3.10/site-packages'
[1.229s] Level 1:colcon.colcon_core.environment:checking '/home/ashwin/ros2_ws/install/turtlebot_spawn_follower/bin'
[1.238s] INFO:colcon.colcon_core.shell:Creating package script '/home/ashwin/ros2_ws/install/turtlebot_spawn_follower/share/turtlebot_spawn_follower/package.ps1'
[1.238s] INFO:colcon.colcon_core.shell:Creating package descriptor '/home/ashwin/ros2_ws/install/turtlebot_spawn_follower/share/turtlebot_spawn_follower/package.dsv'
[1.238s] INFO:colcon.colcon_core.shell:Creating package script '/home/ashwin/ros2_ws/install/turtlebot_spawn_follower/share/turtlebot_spawn_follower/package.sh'
[1.239s] INFO:colcon.colcon_core.shell:Creating package script '/home/ashwin/ros2_ws/install/turtlebot_spawn_follower/share/turtlebot_spawn_follower/package.bash'
[1.239s] INFO:colcon.colcon_core.shell:Creating package script '/home/ashwin/ros2_ws/install/turtlebot_spawn_follower/share/turtlebot_spawn_follower/package.zsh'
[1.239s] Level 1:colcon.colcon_core.environment:create_file_with_runtime_dependencies(/home/ashwin/ros2_ws/install/turtlebot_spawn_follower/share/colcon-core/packages/turtlebot_spawn_follower)
[1.455s] DEBUG:colcon.colcon_core.event_handler.log_command:Invoked command in '/home/ashwin/ros2_ws/build/my_robot_controller' returned '0': PYTHONPATH=/home/ashwin/ros2_ws/build/my_robot_controller/prefix_override:/home/ashwin/ros2_ws/install/my_robot_controller/lib/python3.10/site-packages:${PYTHONPATH} /usr/bin/python3 setup.py develop --uninstall --editable --build-directory /home/ashwin/ros2_ws/build/my_robot_controller/build
[1.456s] DEBUG:colcon.colcon_core.event_handler.log_command:Invoking command in '/home/ashwin/ros2_ws/src/my_robot_controller': PYTHONPATH=/home/ashwin/ros2_ws/build/my_robot_controller/prefix_override:/home/ashwin/ros2_ws/install/my_robot_controller/lib/python3.10/site-packages:${PYTHONPATH} /usr/bin/python3 setup.py egg_info --egg-base ../../build/my_robot_controller build --build-base /home/ashwin/ros2_ws/build/my_robot_controller/build install --record /home/ashwin/ros2_ws/build/my_robot_controller/install.log --single-version-externally-managed
[1.634s] DEBUG:colcon.colcon_core.event_handler.log_command:Invoked command in '/home/ashwin/ros2_ws/src/my_robot_controller' returned '0': PYTHONPATH=/home/ashwin/ros2_ws/build/my_robot_controller/prefix_override:/home/ashwin/ros2_ws/install/my_robot_controller/lib/python3.10/site-packages:${PYTHONPATH} /usr/bin/python3 setup.py egg_info --egg-base ../../build/my_robot_controller build --build-base /home/ashwin/ros2_ws/build/my_robot_controller/build install --record /home/ashwin/ros2_ws/build/my_robot_controller/install.log --single-version-externally-managed
[1.649s] Level 1:colcon.colcon_core.environment:checking '/home/ashwin/ros2_ws/install/my_robot_controller' for CMake module files
[1.649s] Level 1:colcon.colcon_core.environment:checking '/home/ashwin/ros2_ws/install/my_robot_controller' for CMake config files
[1.649s] Level 1:colcon.colcon_core.environment:checking '/home/ashwin/ros2_ws/install/my_robot_controller/lib'
[1.650s] Level 1:colcon.colcon_core.environment:checking '/home/ashwin/ros2_ws/install/my_robot_controller/bin'
[1.650s] Level 1:colcon.colcon_core.environment:checking '/home/ashwin/ros2_ws/install/my_robot_controller/lib/pkgconfig/my_robot_controller.pc'
[1.650s] Level 1:colcon.colcon_core.environment:checking '/home/ashwin/ros2_ws/install/my_robot_controller/lib/python3.10/site-packages'
[1.650s] Level 1:colcon.colcon_core.shell:create_environment_hook('my_robot_controller', 'pythonpath')
[1.658s] INFO:colcon.colcon_core.shell:Creating environment hook '/home/ashwin/ros2_ws/install/my_robot_controller/share/my_robot_controller/hook/pythonpath.ps1'
[1.658s] INFO:colcon.colcon_core.shell:Creating environment descriptor '/home/ashwin/ros2_ws/install/my_robot_controller/share/my_robot_controller/hook/pythonpath.dsv'
[1.658s] INFO:colcon.colcon_core.shell:Creating environment hook '/home/ashwin/ros2_ws/install/my_robot_controller/share/my_robot_controller/hook/pythonpath.sh'
[1.658s] Level 1:colcon.colcon_core.environment:checking '/home/ashwin/ros2_ws/install/my_robot_controller/bin'
[1.658s] Level 1:colcon.colcon_core.environment:create_environment_scripts_only(my_robot_controller)
[1.666s] INFO:colcon.colcon_core.shell:Creating package script '/home/ashwin/ros2_ws/install/my_robot_controller/share/my_robot_controller/package.ps1'
[1.667s] INFO:colcon.colcon_core.shell:Creating package descriptor '/home/ashwin/ros2_ws/install/my_robot_controller/share/my_robot_controller/package.dsv'
[1.667s] INFO:colcon.colcon_core.shell:Creating package script '/home/ashwin/ros2_ws/install/my_robot_controller/share/my_robot_controller/package.sh'
[1.667s] INFO:colcon.colcon_core.shell:Creating package script '/home/ashwin/ros2_ws/install/my_robot_controller/share/my_robot_controller/package.bash'
[1.667s] INFO:colcon.colcon_core.shell:Creating package script '/home/ashwin/ros2_ws/install/my_robot_controller/share/my_robot_controller/package.zsh'
[1.667s] Level 1:colcon.colcon_core.environment:create_file_with_runtime_dependencies(/home/ashwin/ros2_ws/install/my_robot_controller/share/colcon-core/packages/my_robot_controller)
[1.668s] DEBUG:colcon.colcon_parallel_executor.executor.parallel:closing loop
[1.668s] DEBUG:colcon.colcon_parallel_executor.executor.parallel:loop closed
[1.668s] DEBUG:colcon.colcon_parallel_executor.executor.parallel:run_until_complete finished with '0'
[1.668s] DEBUG:colcon.colcon_core.event_reactor:joining thread
[1.679s] INFO:colcon.colcon_core.plugin_system:Skipping extension 'colcon_notification.desktop_notification.terminal_notifier': Not used on non-Darwin systems
[1.679s] INFO:colcon.colcon_core.plugin_system:Skipping extension 'colcon_notification.desktop_notification.win32': Not used on non-Windows systems
[1.679s] INFO:colcon.colcon_notification.desktop_notification:Sending desktop notification using 'notify2'
[1.688s] DEBUG:colcon.colcon_core.event_reactor:joined thread
[1.698s] INFO:colcon.colcon_core.shell:Creating prefix script '/home/ashwin/ros2_ws/install/local_setup.ps1'
[1.698s] INFO:colcon.colcon_core.shell:Creating prefix util module '/home/ashwin/ros2_ws/install/_local_setup_util_ps1.py'
[1.699s] INFO:colcon.colcon_core.shell:Creating prefix chain script '/home/ashwin/ros2_ws/install/setup.ps1'
[1.707s] INFO:colcon.colcon_core.shell:Creating prefix script '/home/ashwin/ros2_ws/install/local_setup.sh'
[1.708s] INFO:colcon.colcon_core.shell:Creating prefix util module '/home/ashwin/ros2_ws/install/_local_setup_util_sh.py'
[1.708s] INFO:colcon.colcon_core.shell:Creating prefix chain script '/home/ashwin/ros2_ws/install/setup.sh'
[1.716s] INFO:colcon.colcon_core.shell:Creating prefix script '/home/ashwin/ros2_ws/install/local_setup.bash'
[1.716s] INFO:colcon.colcon_core.shell:Creating prefix chain script '/home/ashwin/ros2_ws/install/setup.bash'
[1.724s] INFO:colcon.colcon_core.shell:Creating prefix script '/home/ashwin/ros2_ws/install/local_setup.zsh'
[1.724s] INFO:colcon.colcon_core.shell:Creating prefix chain script '/home/ashwin/ros2_ws/install/setup.zsh'
