[0.219s] Invoking command in '/home/ashwin/ros2_ws/build/turtlebot_spawn_follower': CMAKE_PREFIX_PATH=${CMAKE_PREFIX_PATH}:/home/ashwin/ros2_ws/install/my_robot_controller:/opt/ros/humble /usr/bin/cmake /home/ashwin/ros2_ws/src/turtlebot_spawn_follower -DCMAKE_INSTALL_PREFIX=/home/ashwin/ros2_ws/install/turtlebot_spawn_follower
[0.227s] -- Found ament_cmake: 1.3.6 (/opt/ros/humble/share/ament_cmake/cmake)
[0.312s] -- Override CMake install command with custom implementation using symlinks instead of copying resources
[0.315s] -- Found ament_lint_auto: 0.12.9 (/opt/ros/humble/share/ament_lint_auto/cmake)
[0.357s] -- Added test 'flake8' to check Python code syntax and style conventions
[0.358s] -- Added test 'lint_cmake' to check CMake code style
[0.358s] -- Added test 'pep257' to check Python code against some of the docstring style conventions in PEP 257
[0.358s] -- Added test 'xmllint' to check XML markup files
[0.359s] -- Configuring done
[0.360s] -- Generating done
[0.361s] -- Build files have been written to: /home/ashwin/ros2_ws/build/turtlebot_spawn_follower
[0.363s] Invoked command in '/home/ashwin/ros2_ws/build/turtlebot_spawn_follower' returned '0': CMAKE_PREFIX_PATH=${CMAKE_PREFIX_PATH}:/home/ashwin/ros2_ws/install/my_robot_controller:/opt/ros/humble /usr/bin/cmake /home/ashwin/ros2_ws/src/turtlebot_spawn_follower -DCMAKE_INSTALL_PREFIX=/home/ashwin/ros2_ws/install/turtlebot_spawn_follower
[0.364s] Invoking command in '/home/ashwin/ros2_ws/build/turtlebot_spawn_follower': CMAKE_PREFIX_PATH=${CMAKE_PREFIX_PATH}:/home/ashwin/ros2_ws/install/my_robot_controller:/opt/ros/humble /usr/bin/cmake --build /home/ashwin/ros2_ws/build/turtlebot_spawn_follower -- -j12 -l12
[0.388s] Invoked command in '/home/ashwin/ros2_ws/build/turtlebot_spawn_follower' returned '0': CMAKE_PREFIX_PATH=${CMAKE_PREFIX_PATH}:/home/ashwin/ros2_ws/install/my_robot_controller:/opt/ros/humble /usr/bin/cmake --build /home/ashwin/ros2_ws/build/turtlebot_spawn_follower -- -j12 -l12
[0.407s] Invoking command in '/home/ashwin/ros2_ws/build/turtlebot_spawn_follower': CMAKE_PREFIX_PATH=${CMAKE_PREFIX_PATH}:/home/ashwin/ros2_ws/install/my_robot_controller:/opt/ros/humble /usr/bin/cmake --install /home/ashwin/ros2_ws/build/turtlebot_spawn_follower
[0.412s] -- Install configuration: ""
[0.412s] -- Execute custom install script
[0.412s] -- Up-to-date symlink: /home/ashwin/ros2_ws/install/turtlebot_spawn_follower/share/ament_index/resource_index/package_run_dependencies/turtlebot_spawn_follower
[0.412s] -- Up-to-date symlink: /home/ashwin/ros2_ws/install/turtlebot_spawn_follower/share/ament_index/resource_index/parent_prefix_path/turtlebot_spawn_follower
[0.412s] -- Up-to-date symlink: /home/ashwin/ros2_ws/install/turtlebot_spawn_follower/share/turtlebot_spawn_follower/environment/ament_prefix_path.sh
[0.413s] -- Up-to-date symlink: /home/ashwin/ros2_ws/install/turtlebot_spawn_follower/share/turtlebot_spawn_follower/environment/ament_prefix_path.dsv
[0.413s] -- Up-to-date symlink: /home/ashwin/ros2_ws/install/turtlebot_spawn_follower/share/turtlebot_spawn_follower/environment/path.sh
[0.413s] -- Up-to-date symlink: /home/ashwin/ros2_ws/install/turtlebot_spawn_follower/share/turtlebot_spawn_follower/environment/path.dsv
[0.413s] -- Up-to-date symlink: /home/ashwin/ros2_ws/install/turtlebot_spawn_follower/share/turtlebot_spawn_follower/local_setup.bash
[0.413s] -- Up-to-date symlink: /home/ashwin/ros2_ws/install/turtlebot_spawn_follower/share/turtlebot_spawn_follower/local_setup.sh
[0.413s] -- Up-to-date symlink: /home/ashwin/ros2_ws/install/turtlebot_spawn_follower/share/turtlebot_spawn_follower/local_setup.zsh
[0.413s] -- Up-to-date symlink: /home/ashwin/ros2_ws/install/turtlebot_spawn_follower/share/turtlebot_spawn_follower/local_setup.dsv
[0.413s] -- Symlinking: /home/ashwin/ros2_ws/install/turtlebot_spawn_follower/share/turtlebot_spawn_follower/package.dsv
[0.419s] -- Up-to-date symlink: /home/ashwin/ros2_ws/install/turtlebot_spawn_follower/share/ament_index/resource_index/packages/turtlebot_spawn_follower
[0.419s] -- Up-to-date symlink: /home/ashwin/ros2_ws/install/turtlebot_spawn_follower/share/turtlebot_spawn_follower/cmake/turtlebot_spawn_followerConfig.cmake
[0.419s] -- Up-to-date symlink: /home/ashwin/ros2_ws/install/turtlebot_spawn_follower/share/turtlebot_spawn_follower/cmake/turtlebot_spawn_followerConfig-version.cmake
[0.419s] -- Up-to-date symlink: /home/ashwin/ros2_ws/install/turtlebot_spawn_follower/share/turtlebot_spawn_follower/package.xml
[0.421s] Invoked command in '/home/ashwin/ros2_ws/build/turtlebot_spawn_follower' returned '0': CMAKE_PREFIX_PATH=${CMAKE_PREFIX_PATH}:/home/ashwin/ros2_ws/install/my_robot_controller:/opt/ros/humble /usr/bin/cmake --install /home/ashwin/ros2_ws/build/turtlebot_spawn_follower
