[0.632s] Invoking command in '/home/ashwin/ros2_ws/src/build/turtlebot_spawn_follower': PYTHONPATH=/home/ashwin/ros2_ws/src/build/turtlebot_spawn_follower/prefix_override:/home/ashwin/ros2_ws/src/install/turtlebot_spawn_follower/lib/python3.10/site-packages:${PYTHONPATH} /usr/bin/python3 setup.py develop --editable --build-directory /home/ashwin/ros2_ws/src/build/turtlebot_spawn_follower/build --no-deps install_data
[0.789s] running develop
[0.874s] running egg_info
[0.874s] creating turtlebot_spawn_follower.egg-info
[0.874s] writing turtlebot_spawn_follower.egg-info/PKG-INFO
[0.874s] writing dependency_links to turtlebot_spawn_follower.egg-info/dependency_links.txt
[0.874s] writing entry points to turtlebot_spawn_follower.egg-info/entry_points.txt
[0.874s] writing requirements to turtlebot_spawn_follower.egg-info/requires.txt
[0.875s] writing top-level names to turtlebot_spawn_follower.egg-info/top_level.txt
[0.875s] writing manifest file 'turtlebot_spawn_follower.egg-info/SOURCES.txt'
[0.876s] reading manifest file 'turtlebot_spawn_follower.egg-info/SOURCES.txt'
[0.876s] writing manifest file 'turtlebot_spawn_follower.egg-info/SOURCES.txt'
[0.877s] running build_ext
[0.877s] Creating /home/ashwin/ros2_ws/src/install/turtlebot_spawn_follower/lib/python3.10/site-packages/turtlebot-spawn-follower.egg-link (link to .)
[0.878s] Installing robot_controller script to /home/ashwin/ros2_ws/src/install/turtlebot_spawn_follower/lib/turtlebot_spawn_follower
[0.878s] 
[0.878s] Installed /home/ashwin/ros2_ws/src/build/turtlebot_spawn_follower
[0.878s] running install_data
[0.878s] creating /home/ashwin/ros2_ws/src/install/turtlebot_spawn_follower/share/ament_index
[0.878s] creating /home/ashwin/ros2_ws/src/install/turtlebot_spawn_follower/share/ament_index/resource_index
[0.878s] creating /home/ashwin/ros2_ws/src/install/turtlebot_spawn_follower/share/ament_index/resource_index/packages
[0.878s] copying resource/turtlebot_spawn_follower -> /home/ashwin/ros2_ws/src/install/turtlebot_spawn_follower/share/ament_index/resource_index/packages
[0.878s] copying package.xml -> /home/ashwin/ros2_ws/src/install/turtlebot_spawn_follower/share/turtlebot_spawn_follower
[0.904s] Invoked command in '/home/ashwin/ros2_ws/src/build/turtlebot_spawn_follower' returned '0': PYTHONPATH=/home/ashwin/ros2_ws/src/build/turtlebot_spawn_follower/prefix_override:/home/ashwin/ros2_ws/src/install/turtlebot_spawn_follower/lib/python3.10/site-packages:${PYTHONPATH} /usr/bin/python3 setup.py develop --editable --build-directory /home/ashwin/ros2_ws/src/build/turtlebot_spawn_follower/build --no-deps install_data
