[0.269s] Invoking command in '/home/ashwin/ros2_ws/build/template_files': CMAKE_PREFIX_PATH=${CMAKE_PREFIX_PATH}:/home/ashwin/ros2_ws/install/my_robot_controller:/opt/ros/humble /usr/bin/cmake /home/ashwin/ros2_ws/src/template_files -DCMAKE_INSTALL_PREFIX=/home/ashwin/ros2_ws/install/template_files
[0.300s] -- The C compiler identification is GNU 11.4.0
[0.334s] -- The CXX compiler identification is GNU 11.4.0
[0.338s] -- Detecting C compiler ABI info
[0.380s] -- Detecting C compiler ABI info - done
[0.385s] -- Check for working C compiler: /usr/bin/cc - skipped
[0.385s] -- Detecting C compile features
[0.385s] -- Detecting C compile features - done
[0.387s] -- Detecting CXX compiler ABI info
[0.437s] -- Detecting CXX compiler ABI info - done
[0.442s] -- Check for working CXX compiler: /usr/bin/c++ - skipped
[0.442s] -- Detecting CXX compile features
[0.442s] -- Detecting CXX compile features - done
[0.443s] -- Found ament_cmake: 1.3.6 (/opt/ros/humble/share/ament_cmake/cmake)
[0.560s] -- Found Python3: /usr/bin/python3.10 (found version "3.10.12") found components: Interpreter 
[0.616s] -- Found ament_lint_auto: 0.12.9 (/opt/ros/humble/share/ament_lint_auto/cmake)
[0.670s] -- Added test 'flake8' to check Python code syntax and style conventions
[0.670s] -- Added test 'lint_cmake' to check CMake code style
[0.671s] -- Added test 'pep257' to check Python code against some of the docstring style conventions in PEP 257
[0.671s] -- Added test 'xmllint' to check XML markup files
[0.672s] -- Configuring done
[0.674s] -- Generating done
[0.674s] -- Build files have been written to: /home/ashwin/ros2_ws/build/template_files
[0.678s] Invoked command in '/home/ashwin/ros2_ws/build/template_files' returned '0': CMAKE_PREFIX_PATH=${CMAKE_PREFIX_PATH}:/home/ashwin/ros2_ws/install/my_robot_controller:/opt/ros/humble /usr/bin/cmake /home/ashwin/ros2_ws/src/template_files -DCMAKE_INSTALL_PREFIX=/home/ashwin/ros2_ws/install/template_files
[0.679s] Invoking command in '/home/ashwin/ros2_ws/build/template_files': CMAKE_PREFIX_PATH=${CMAKE_PREFIX_PATH}:/home/ashwin/ros2_ws/install/my_robot_controller:/opt/ros/humble /usr/bin/cmake --build /home/ashwin/ros2_ws/build/template_files -- -j12 -l12
[0.706s] Invoked command in '/home/ashwin/ros2_ws/build/template_files' returned '0': CMAKE_PREFIX_PATH=${CMAKE_PREFIX_PATH}:/home/ashwin/ros2_ws/install/my_robot_controller:/opt/ros/humble /usr/bin/cmake --build /home/ashwin/ros2_ws/build/template_files -- -j12 -l12
[0.726s] Invoking command in '/home/ashwin/ros2_ws/build/template_files': CMAKE_PREFIX_PATH=${CMAKE_PREFIX_PATH}:/home/ashwin/ros2_ws/install/my_robot_controller:/opt/ros/humble /usr/bin/cmake --install /home/ashwin/ros2_ws/build/template_files
[0.730s] -- Install configuration: ""
[0.730s] -- Installing: /home/ashwin/ros2_ws/install/template_files/share/ament_index/resource_index/package_run_dependencies/template_files
[0.730s] -- Installing: /home/ashwin/ros2_ws/install/template_files/share/ament_index/resource_index/parent_prefix_path/template_files
[0.730s] -- Installing: /home/ashwin/ros2_ws/install/template_files/share/template_files/environment/ament_prefix_path.sh
[0.730s] -- Installing: /home/ashwin/ros2_ws/install/template_files/share/template_files/environment/ament_prefix_path.dsv
[0.730s] -- Installing: /home/ashwin/ros2_ws/install/template_files/share/template_files/environment/path.sh
[0.730s] -- Installing: /home/ashwin/ros2_ws/install/template_files/share/template_files/environment/path.dsv
[0.730s] -- Installing: /home/ashwin/ros2_ws/install/template_files/share/template_files/local_setup.bash
[0.731s] -- Installing: /home/ashwin/ros2_ws/install/template_files/share/template_files/local_setup.sh
[0.731s] -- Installing: /home/ashwin/ros2_ws/install/template_files/share/template_files/local_setup.zsh
[0.731s] -- Installing: /home/ashwin/ros2_ws/install/template_files/share/template_files/local_setup.dsv
[0.731s] -- Installing: /home/ashwin/ros2_ws/install/template_files/share/template_files/package.dsv
[0.731s] -- Installing: /home/ashwin/ros2_ws/install/template_files/share/ament_index/resource_index/packages/template_files
[0.731s] -- Installing: /home/ashwin/ros2_ws/install/template_files/share/template_files/cmake/template_filesConfig.cmake
[0.731s] -- Installing: /home/ashwin/ros2_ws/install/template_files/share/template_files/cmake/template_filesConfig-version.cmake
[0.731s] -- Installing: /home/ashwin/ros2_ws/install/template_files/share/template_files/package.xml
[0.732s] Invoked command in '/home/ashwin/ros2_ws/build/template_files' returned '0': CMAKE_PREFIX_PATH=${CMAKE_PREFIX_PATH}:/home/ashwin/ros2_ws/install/my_robot_controller:/opt/ros/humble /usr/bin/cmake --install /home/ashwin/ros2_ws/build/template_files
