[0.872s] Invoking command in '/home/ashwin/ros2_ws/build/my_robot_controller': PYTHONPATH=/home/ashwin/ros2_ws/build/my_robot_controller/prefix_override:/home/ashwin/ros2_ws/install/my_robot_controller/lib/python3.10/site-packages:${PYTHONPATH} /usr/bin/python3 setup.py develop --editable --build-directory /home/ashwin/ros2_ws/build/my_robot_controller/build --no-deps install_data
[1.093s] running develop
[1.212s] running egg_info
[1.212s] writing my_robot_controller.egg-info/PKG-INFO
[1.212s] writing dependency_links to my_robot_controller.egg-info/dependency_links.txt
[1.212s] writing entry points to my_robot_controller.egg-info/entry_points.txt
[1.212s] writing requirements to my_robot_controller.egg-info/requires.txt
[1.212s] writing top-level names to my_robot_controller.egg-info/top_level.txt
[1.214s] reading manifest file 'my_robot_controller.egg-info/SOURCES.txt'
[1.214s] writing manifest file 'my_robot_controller.egg-info/SOURCES.txt'
[1.215s] running build_ext
[1.216s] Creating /home/ashwin/ros2_ws/install/my_robot_controller/lib/python3.10/site-packages/my-robot-controller.egg-link (link to .)
[1.216s] Installing draw_circle script to /home/ashwin/ros2_ws/install/my_robot_controller/lib/my_robot_controller
[1.216s] Installing pose_subscriber script to /home/ashwin/ros2_ws/install/my_robot_controller/lib/my_robot_controller
[1.217s] Installing test_node script to /home/ashwin/ros2_ws/install/my_robot_controller/lib/my_robot_controller
[1.217s] Installing turtle_controller script to /home/ashwin/ros2_ws/install/my_robot_controller/lib/my_robot_controller
[1.217s] 
[1.217s] Installed /home/ashwin/ros2_ws/build/my_robot_controller
[1.217s] running install_data
[1.248s] Invoked command in '/home/ashwin/ros2_ws/build/my_robot_controller' returned '0': PYTHONPATH=/home/ashwin/ros2_ws/build/my_robot_controller/prefix_override:/home/ashwin/ros2_ws/install/my_robot_controller/lib/python3.10/site-packages:${PYTHONPATH} /usr/bin/python3 setup.py develop --editable --build-directory /home/ashwin/ros2_ws/build/my_robot_controller/build --no-deps install_data
