[0.491s] Invoking command in '/home/ashwin/ros2_ws/build/my_robot_controller': PYTHONPATH=/home/ashwin/ros2_ws/build/my_robot_controller/prefix_override:/home/ashwin/ros2_ws/install/my_robot_controller/lib/python3.10/site-packages:${PYTHONPATH} /usr/bin/python3 setup.py develop --uninstall --editable --build-directory /home/ashwin/ros2_ws/build/my_robot_controller/build
[0.647s] running develop
[0.732s] Removing /home/ashwin/ros2_ws/install/my_robot_controller/lib/python3.10/site-packages/my-robot-controller.egg-link (link to .)
[0.751s] Invoked command in '/home/ashwin/ros2_ws/build/my_robot_controller' returned '0': PYTHONPATH=/home/ashwin/ros2_ws/build/my_robot_controller/prefix_override:/home/ashwin/ros2_ws/install/my_robot_controller/lib/python3.10/site-packages:${PYTHONPATH} /usr/bin/python3 setup.py develop --uninstall --editable --build-directory /home/ashwin/ros2_ws/build/my_robot_controller/build
[0.752s] Invoking command in '/home/ashwin/ros2_ws/src/my_robot_controller': PYTHONPATH=/home/ashwin/ros2_ws/build/my_robot_controller/prefix_override:/home/ashwin/ros2_ws/install/my_robot_controller/lib/python3.10/site-packages:${PYTHONPATH} /usr/bin/python3 setup.py egg_info --egg-base ../../build/my_robot_controller build --build-base /home/ashwin/ros2_ws/build/my_robot_controller/build install --record /home/ashwin/ros2_ws/build/my_robot_controller/install.log --single-version-externally-managed
[0.893s] running egg_info
[0.893s] writing ../../build/my_robot_controller/my_robot_controller.egg-info/PKG-INFO
[0.893s] writing dependency_links to ../../build/my_robot_controller/my_robot_controller.egg-info/dependency_links.txt
[0.893s] writing entry points to ../../build/my_robot_controller/my_robot_controller.egg-info/entry_points.txt
[0.893s] writing requirements to ../../build/my_robot_controller/my_robot_controller.egg-info/requires.txt
[0.894s] writing top-level names to ../../build/my_robot_controller/my_robot_controller.egg-info/top_level.txt
[0.895s] reading manifest file '../../build/my_robot_controller/my_robot_controller.egg-info/SOURCES.txt'
[0.896s] writing manifest file '../../build/my_robot_controller/my_robot_controller.egg-info/SOURCES.txt'
[0.896s] running build
[0.896s] running build_py
[0.896s] copying my_robot_controller/draw_circle.py -> /home/ashwin/ros2_ws/build/my_robot_controller/build/lib/my_robot_controller
[0.896s] copying my_robot_controller/turtle_controller.py -> /home/ashwin/ros2_ws/build/my_robot_controller/build/lib/my_robot_controller
[0.896s] copying my_robot_controller/pose_subscriber.py -> /home/ashwin/ros2_ws/build/my_robot_controller/build/lib/my_robot_controller
[0.896s] copying my_robot_controller/my_first_node.py -> /home/ashwin/ros2_ws/build/my_robot_controller/build/lib/my_robot_controller
[0.896s] running install
[0.896s] running install_lib
[0.897s] creating /home/ashwin/ros2_ws/install/my_robot_controller/lib/python3.10/site-packages/my_robot_controller
[0.897s] copying /home/ashwin/ros2_ws/build/my_robot_controller/build/lib/my_robot_controller/__init__.py -> /home/ashwin/ros2_ws/install/my_robot_controller/lib/python3.10/site-packages/my_robot_controller
[0.897s] copying /home/ashwin/ros2_ws/build/my_robot_controller/build/lib/my_robot_controller/draw_circle.py -> /home/ashwin/ros2_ws/install/my_robot_controller/lib/python3.10/site-packages/my_robot_controller
[0.897s] copying /home/ashwin/ros2_ws/build/my_robot_controller/build/lib/my_robot_controller/turtle_controller.py -> /home/ashwin/ros2_ws/install/my_robot_controller/lib/python3.10/site-packages/my_robot_controller
[0.897s] copying /home/ashwin/ros2_ws/build/my_robot_controller/build/lib/my_robot_controller/pose_subscriber.py -> /home/ashwin/ros2_ws/install/my_robot_controller/lib/python3.10/site-packages/my_robot_controller
[0.897s] copying /home/ashwin/ros2_ws/build/my_robot_controller/build/lib/my_robot_controller/my_first_node.py -> /home/ashwin/ros2_ws/install/my_robot_controller/lib/python3.10/site-packages/my_robot_controller
[0.897s] byte-compiling /home/ashwin/ros2_ws/install/my_robot_controller/lib/python3.10/site-packages/my_robot_controller/__init__.py to __init__.cpython-310.pyc
[0.898s] byte-compiling /home/ashwin/ros2_ws/install/my_robot_controller/lib/python3.10/site-packages/my_robot_controller/draw_circle.py to draw_circle.cpython-310.pyc
[0.898s] byte-compiling /home/ashwin/ros2_ws/install/my_robot_controller/lib/python3.10/site-packages/my_robot_controller/turtle_controller.py to turtle_controller.cpython-310.pyc
[0.898s] byte-compiling /home/ashwin/ros2_ws/install/my_robot_controller/lib/python3.10/site-packages/my_robot_controller/pose_subscriber.py to pose_subscriber.cpython-310.pyc
[0.899s] byte-compiling /home/ashwin/ros2_ws/install/my_robot_controller/lib/python3.10/site-packages/my_robot_controller/my_first_node.py to my_first_node.cpython-310.pyc
[0.899s] running install_data
[0.899s] running install_egg_info
[0.900s] Copying ../../build/my_robot_controller/my_robot_controller.egg-info to /home/ashwin/ros2_ws/install/my_robot_controller/lib/python3.10/site-packages/my_robot_controller-0.0.0-py3.10.egg-info
[0.901s] running install_scripts
[0.913s] Installing draw_circle script to /home/ashwin/ros2_ws/install/my_robot_controller/lib/my_robot_controller
[0.913s] Installing pose_subscriber script to /home/ashwin/ros2_ws/install/my_robot_controller/lib/my_robot_controller
[0.914s] Installing test_node script to /home/ashwin/ros2_ws/install/my_robot_controller/lib/my_robot_controller
[0.914s] Installing turtle_controller script to /home/ashwin/ros2_ws/install/my_robot_controller/lib/my_robot_controller
[0.914s] writing list of installed files to '/home/ashwin/ros2_ws/build/my_robot_controller/install.log'
[0.930s] Invoked command in '/home/ashwin/ros2_ws/src/my_robot_controller' returned '0': PYTHONPATH=/home/ashwin/ros2_ws/build/my_robot_controller/prefix_override:/home/ashwin/ros2_ws/install/my_robot_controller/lib/python3.10/site-packages:${PYTHONPATH} /usr/bin/python3 setup.py egg_info --egg-base ../../build/my_robot_controller build --build-base /home/ashwin/ros2_ws/build/my_robot_controller/build install --record /home/ashwin/ros2_ws/build/my_robot_controller/install.log --single-version-externally-managed
