[0.526s] DEBUG:colcon:Command line arguments: ['/usr/bin/colcon', 'build']
[0.526s] DEBUG:colcon:Parsed command line arguments: Namespace(log_base=None, log_level=None, verb_name='build', build_base='build', install_base='install', merge_install=False, symlink_install=False, test_result_base=None, continue_on_error=False, executor='parallel', parallel_workers=12, event_handlers=None, ignore_user_meta=False, metas=['./colcon.meta'], base_paths=['.'], packages_ignore=None, packages_ignore_regex=None, paths=None, packages_up_to=None, packages_up_to_regex=None, packages_above=None, packages_above_and_dependencies=None, packages_above_depth=None, packages_select_by_dep=None, packages_skip_by_dep=None, packages_skip_up_to=None, packages_select_build_failed=False, packages_skip_build_finished=False, packages_select_test_failures=False, packages_skip_test_passed=False, packages_select=None, packages_skip=None, packages_select_regex=None, packages_skip_regex=None, packages_start=None, packages_end=None, allow_overriding=[], cmake_args=None, cmake_target=None, cmake_target_skip_unavailable=False, cmake_clean_cache=False, cmake_clean_first=False, cmake_force_configure=False, ament_cmake_args=None, catkin_cmake_args=None, catkin_skip_building_tests=False, verb_parser=<colcon_defaults.argument_parser.defaults.DefaultArgumentsDecorator object at 0x7f007a3543d0>, verb_extension=<colcon_core.verb.build.BuildVerb object at 0x7f007a354c70>, main=<bound method BuildVerb.main of <colcon_core.verb.build.BuildVerb object at 0x7f007a354c70>>)
[0.551s] Level 1:colcon.colcon_core.package_discovery:discover_packages(colcon_meta) check parameters
[0.551s] Level 1:colcon.colcon_core.package_discovery:discover_packages(recursive) check parameters
[0.551s] Level 1:colcon.colcon_core.package_discovery:discover_packages(ignore) check parameters
[0.551s] Level 1:colcon.colcon_core.package_discovery:discover_packages(path) check parameters
[0.551s] Level 1:colcon.colcon_core.package_discovery:discover_packages(colcon_meta) discover
[0.551s] Level 1:colcon.colcon_core.package_discovery:discover_packages(recursive) discover
[0.551s] INFO:colcon.colcon_core.package_discovery:Crawling recursively for packages in '/home/ashwin/ros2_ws'
[0.551s] Level 1:colcon.colcon_core.package_identification:_identify(.) by extensions ['ignore', 'ignore_ament_install']
[0.551s] Level 1:colcon.colcon_core.package_identification:_identify(.) by extension 'ignore'
[0.551s] Level 1:colcon.colcon_core.package_identification:_identify(.) by extension 'ignore_ament_install'
[0.551s] Level 1:colcon.colcon_core.package_identification:_identify(.) by extensions ['colcon_pkg']
[0.551s] Level 1:colcon.colcon_core.package_identification:_identify(.) by extension 'colcon_pkg'
[0.551s] Level 1:colcon.colcon_core.package_identification:_identify(.) by extensions ['colcon_meta']
[0.551s] Level 1:colcon.colcon_core.package_identification:_identify(.) by extension 'colcon_meta'
[0.551s] Level 1:colcon.colcon_core.package_identification:_identify(.) by extensions ['ros']
[0.551s] Level 1:colcon.colcon_core.package_identification:_identify(.) by extension 'ros'
[0.558s] Level 1:colcon.colcon_core.package_identification:_identify(.) by extensions ['cmake', 'python']
[0.558s] Level 1:colcon.colcon_core.package_identification:_identify(.) by extension 'cmake'
[0.558s] Level 1:colcon.colcon_core.package_identification:_identify(.) by extension 'python'
[0.558s] Level 1:colcon.colcon_core.package_identification:_identify(.) by extensions ['python_setup_py']
[0.558s] Level 1:colcon.colcon_core.package_identification:_identify(.) by extension 'python_setup_py'
[0.558s] Level 1:colcon.colcon_core.package_identification:_identify(build) by extensions ['ignore', 'ignore_ament_install']
[0.558s] Level 1:colcon.colcon_core.package_identification:_identify(build) by extension 'ignore'
[0.558s] Level 1:colcon.colcon_core.package_identification:_identify(build) ignored
[0.558s] Level 1:colcon.colcon_core.package_identification:_identify(install) by extensions ['ignore', 'ignore_ament_install']
[0.558s] Level 1:colcon.colcon_core.package_identification:_identify(install) by extension 'ignore'
[0.558s] Level 1:colcon.colcon_core.package_identification:_identify(install) ignored
[0.559s] Level 1:colcon.colcon_core.package_identification:_identify(log) by extensions ['ignore', 'ignore_ament_install']
[0.559s] Level 1:colcon.colcon_core.package_identification:_identify(log) by extension 'ignore'
[0.559s] Level 1:colcon.colcon_core.package_identification:_identify(log) ignored
[0.559s] Level 1:colcon.colcon_core.package_identification:_identify(src) by extensions ['ignore', 'ignore_ament_install']
[0.559s] Level 1:colcon.colcon_core.package_identification:_identify(src) by extension 'ignore'
[0.559s] Level 1:colcon.colcon_core.package_identification:_identify(src) by extension 'ignore_ament_install'
[0.559s] Level 1:colcon.colcon_core.package_identification:_identify(src) by extensions ['colcon_pkg']
[0.559s] Level 1:colcon.colcon_core.package_identification:_identify(src) by extension 'colcon_pkg'
[0.559s] Level 1:colcon.colcon_core.package_identification:_identify(src) by extensions ['colcon_meta']
[0.559s] Level 1:colcon.colcon_core.package_identification:_identify(src) by extension 'colcon_meta'
[0.559s] Level 1:colcon.colcon_core.package_identification:_identify(src) by extensions ['ros']
[0.559s] Level 1:colcon.colcon_core.package_identification:_identify(src) by extension 'ros'
[0.559s] Level 1:colcon.colcon_core.package_identification:_identify(src) by extensions ['cmake', 'python']
[0.559s] Level 1:colcon.colcon_core.package_identification:_identify(src) by extension 'cmake'
[0.559s] Level 1:colcon.colcon_core.package_identification:_identify(src) by extension 'python'
[0.559s] Level 1:colcon.colcon_core.package_identification:_identify(src) by extensions ['python_setup_py']
[0.559s] Level 1:colcon.colcon_core.package_identification:_identify(src) by extension 'python_setup_py'
[0.559s] Level 1:colcon.colcon_core.package_identification:_identify(src/build) by extensions ['ignore', 'ignore_ament_install']
[0.559s] Level 1:colcon.colcon_core.package_identification:_identify(src/build) by extension 'ignore'
[0.559s] Level 1:colcon.colcon_core.package_identification:_identify(src/build) ignored
[0.559s] Level 1:colcon.colcon_core.package_identification:_identify(src/install) by extensions ['ignore', 'ignore_ament_install']
[0.559s] Level 1:colcon.colcon_core.package_identification:_identify(src/install) by extension 'ignore'
[0.559s] Level 1:colcon.colcon_core.package_identification:_identify(src/install) ignored
[0.559s] Level 1:colcon.colcon_core.package_identification:_identify(src/log) by extensions ['ignore', 'ignore_ament_install']
[0.559s] Level 1:colcon.colcon_core.package_identification:_identify(src/log) by extension 'ignore'
[0.559s] Level 1:colcon.colcon_core.package_identification:_identify(src/log) ignored
[0.559s] Level 1:colcon.colcon_core.package_identification:_identify(src/my_robot_controller) by extensions ['ignore', 'ignore_ament_install']
[0.559s] Level 1:colcon.colcon_core.package_identification:_identify(src/my_robot_controller) by extension 'ignore'
[0.559s] Level 1:colcon.colcon_core.package_identification:_identify(src/my_robot_controller) by extension 'ignore_ament_install'
[0.559s] Level 1:colcon.colcon_core.package_identification:_identify(src/my_robot_controller) by extensions ['colcon_pkg']
[0.560s] Level 1:colcon.colcon_core.package_identification:_identify(src/my_robot_controller) by extension 'colcon_pkg'
[0.560s] Level 1:colcon.colcon_core.package_identification:_identify(src/my_robot_controller) by extensions ['colcon_meta']
[0.560s] Level 1:colcon.colcon_core.package_identification:_identify(src/my_robot_controller) by extension 'colcon_meta'
[0.560s] Level 1:colcon.colcon_core.package_identification:_identify(src/my_robot_controller) by extensions ['ros']
[0.560s] Level 1:colcon.colcon_core.package_identification:_identify(src/my_robot_controller) by extension 'ros'
[0.561s] DEBUG:colcon.colcon_core.package_identification:Package 'src/my_robot_controller' with type 'ros.ament_python' and name 'my_robot_controller'
[0.561s] Level 1:colcon.colcon_core.package_identification:_identify(src/my_robot_interfaces) by extensions ['ignore', 'ignore_ament_install']
[0.561s] Level 1:colcon.colcon_core.package_identification:_identify(src/my_robot_interfaces) by extension 'ignore'
[0.561s] Level 1:colcon.colcon_core.package_identification:_identify(src/my_robot_interfaces) by extension 'ignore_ament_install'
[0.561s] Level 1:colcon.colcon_core.package_identification:_identify(src/my_robot_interfaces) by extensions ['colcon_pkg']
[0.561s] Level 1:colcon.colcon_core.package_identification:_identify(src/my_robot_interfaces) by extension 'colcon_pkg'
[0.561s] Level 1:colcon.colcon_core.package_identification:_identify(src/my_robot_interfaces) by extensions ['colcon_meta']
[0.561s] Level 1:colcon.colcon_core.package_identification:_identify(src/my_robot_interfaces) by extension 'colcon_meta'
[0.561s] Level 1:colcon.colcon_core.package_identification:_identify(src/my_robot_interfaces) by extensions ['ros']
[0.562s] Level 1:colcon.colcon_core.package_identification:_identify(src/my_robot_interfaces) by extension 'ros'
[0.562s] DEBUG:colcon.colcon_core.package_identification:Package 'src/my_robot_interfaces' with type 'ros.ament_cmake' and name 'my_robot_interfaces'
[0.562s] Level 1:colcon.colcon_core.package_identification:_identify(src/template_files) by extensions ['ignore', 'ignore_ament_install']
[0.562s] Level 1:colcon.colcon_core.package_identification:_identify(src/template_files) by extension 'ignore'
[0.562s] Level 1:colcon.colcon_core.package_identification:_identify(src/template_files) by extension 'ignore_ament_install'
[0.562s] Level 1:colcon.colcon_core.package_identification:_identify(src/template_files) by extensions ['colcon_pkg']
[0.562s] Level 1:colcon.colcon_core.package_identification:_identify(src/template_files) by extension 'colcon_pkg'
[0.562s] Level 1:colcon.colcon_core.package_identification:_identify(src/template_files) by extensions ['colcon_meta']
[0.562s] Level 1:colcon.colcon_core.package_identification:_identify(src/template_files) by extension 'colcon_meta'
[0.562s] Level 1:colcon.colcon_core.package_identification:_identify(src/template_files) by extensions ['ros']
[0.562s] Level 1:colcon.colcon_core.package_identification:_identify(src/template_files) by extension 'ros'
[0.563s] DEBUG:colcon.colcon_core.package_identification:Package 'src/template_files' with type 'ros.ament_python' and name 'template_files'
[0.563s] Level 1:colcon.colcon_core.package_identification:_identify(src/turtlebot_spawn_follower) by extensions ['ignore', 'ignore_ament_install']
[0.563s] Level 1:colcon.colcon_core.package_identification:_identify(src/turtlebot_spawn_follower) by extension 'ignore'
[0.563s] Level 1:colcon.colcon_core.package_identification:_identify(src/turtlebot_spawn_follower) by extension 'ignore_ament_install'
[0.563s] Level 1:colcon.colcon_core.package_identification:_identify(src/turtlebot_spawn_follower) by extensions ['colcon_pkg']
[0.563s] Level 1:colcon.colcon_core.package_identification:_identify(src/turtlebot_spawn_follower) by extension 'colcon_pkg'
[0.563s] Level 1:colcon.colcon_core.package_identification:_identify(src/turtlebot_spawn_follower) by extensions ['colcon_meta']
[0.563s] Level 1:colcon.colcon_core.package_identification:_identify(src/turtlebot_spawn_follower) by extension 'colcon_meta'
[0.563s] Level 1:colcon.colcon_core.package_identification:_identify(src/turtlebot_spawn_follower) by extensions ['ros']
[0.563s] Level 1:colcon.colcon_core.package_identification:_identify(src/turtlebot_spawn_follower) by extension 'ros'
[0.564s] DEBUG:colcon.colcon_core.package_identification:Package 'src/turtlebot_spawn_follower' with type 'ros.ament_python' and name 'turtlebot_spawn_follower'
[0.564s] Level 1:colcon.colcon_core.package_discovery:discover_packages(recursive) using defaults
[0.564s] Level 1:colcon.colcon_core.package_discovery:discover_packages(ignore) discover
[0.564s] Level 1:colcon.colcon_core.package_discovery:discover_packages(ignore) using defaults
[0.564s] Level 1:colcon.colcon_core.package_discovery:discover_packages(path) discover
[0.564s] Level 1:colcon.colcon_core.package_discovery:discover_packages(path) using defaults
[0.613s] Level 1:colcon.colcon_core.package_discovery:discover_packages(prefix_path) check parameters
[0.613s] Level 1:colcon.colcon_core.package_discovery:discover_packages(prefix_path) discover
[0.628s] DEBUG:colcon.colcon_installed_package_information.package_discovery:Found 4 installed packages in /home/ashwin/ros2_ws/install
[0.635s] DEBUG:colcon.colcon_installed_package_information.package_discovery:Found 270 installed packages in /opt/ros/humble
[0.636s] Level 1:colcon.colcon_core.package_discovery:discover_packages(prefix_path) using defaults
[0.686s] Level 5:colcon.colcon_core.verb:set package 'my_robot_controller' build argument 'cmake_args' from command line to 'None'
[0.686s] Level 5:colcon.colcon_core.verb:set package 'my_robot_controller' build argument 'cmake_target' from command line to 'None'
[0.686s] Level 5:colcon.colcon_core.verb:set package 'my_robot_controller' build argument 'cmake_target_skip_unavailable' from command line to 'False'
[0.686s] Level 5:colcon.colcon_core.verb:set package 'my_robot_controller' build argument 'cmake_clean_cache' from command line to 'False'
[0.686s] Level 5:colcon.colcon_core.verb:set package 'my_robot_controller' build argument 'cmake_clean_first' from command line to 'False'
[0.686s] Level 5:colcon.colcon_core.verb:set package 'my_robot_controller' build argument 'cmake_force_configure' from command line to 'False'
[0.686s] Level 5:colcon.colcon_core.verb:set package 'my_robot_controller' build argument 'ament_cmake_args' from command line to 'None'
[0.686s] Level 5:colcon.colcon_core.verb:set package 'my_robot_controller' build argument 'catkin_cmake_args' from command line to 'None'
[0.686s] Level 5:colcon.colcon_core.verb:set package 'my_robot_controller' build argument 'catkin_skip_building_tests' from command line to 'False'
[0.686s] DEBUG:colcon.colcon_core.verb:Building package 'my_robot_controller' with the following arguments: {'ament_cmake_args': None, 'build_base': '/home/ashwin/ros2_ws/build/my_robot_controller', 'catkin_cmake_args': None, 'catkin_skip_building_tests': False, 'cmake_args': None, 'cmake_clean_cache': False, 'cmake_clean_first': False, 'cmake_force_configure': False, 'cmake_target': None, 'cmake_target_skip_unavailable': False, 'install_base': '/home/ashwin/ros2_ws/install/my_robot_controller', 'merge_install': False, 'path': '/home/ashwin/ros2_ws/src/my_robot_controller', 'symlink_install': False, 'test_result_base': None}
[0.693s] Level 5:colcon.colcon_core.verb:set package 'my_robot_interfaces' build argument 'cmake_args' from command line to 'None'
[0.693s] Level 5:colcon.colcon_core.verb:set package 'my_robot_interfaces' build argument 'cmake_target' from command line to 'None'
[0.693s] Level 5:colcon.colcon_core.verb:set package 'my_robot_interfaces' build argument 'cmake_target_skip_unavailable' from command line to 'False'
[0.693s] Level 5:colcon.colcon_core.verb:set package 'my_robot_interfaces' build argument 'cmake_clean_cache' from command line to 'False'
[0.693s] Level 5:colcon.colcon_core.verb:set package 'my_robot_interfaces' build argument 'cmake_clean_first' from command line to 'False'
[0.693s] Level 5:colcon.colcon_core.verb:set package 'my_robot_interfaces' build argument 'cmake_force_configure' from command line to 'False'
[0.693s] Level 5:colcon.colcon_core.verb:set package 'my_robot_interfaces' build argument 'ament_cmake_args' from command line to 'None'
[0.693s] Level 5:colcon.colcon_core.verb:set package 'my_robot_interfaces' build argument 'catkin_cmake_args' from command line to 'None'
[0.693s] Level 5:colcon.colcon_core.verb:set package 'my_robot_interfaces' build argument 'catkin_skip_building_tests' from command line to 'False'
[0.693s] DEBUG:colcon.colcon_core.verb:Building package 'my_robot_interfaces' with the following arguments: {'ament_cmake_args': None, 'build_base': '/home/ashwin/ros2_ws/build/my_robot_interfaces', 'catkin_cmake_args': None, 'catkin_skip_building_tests': False, 'cmake_args': None, 'cmake_clean_cache': False, 'cmake_clean_first': False, 'cmake_force_configure': False, 'cmake_target': None, 'cmake_target_skip_unavailable': False, 'install_base': '/home/ashwin/ros2_ws/install/my_robot_interfaces', 'merge_install': False, 'path': '/home/ashwin/ros2_ws/src/my_robot_interfaces', 'symlink_install': False, 'test_result_base': None}
[0.700s] Level 5:colcon.colcon_core.verb:set package 'template_files' build argument 'cmake_args' from command line to 'None'
[0.700s] Level 5:colcon.colcon_core.verb:set package 'template_files' build argument 'cmake_target' from command line to 'None'
[0.700s] Level 5:colcon.colcon_core.verb:set package 'template_files' build argument 'cmake_target_skip_unavailable' from command line to 'False'
[0.700s] Level 5:colcon.colcon_core.verb:set package 'template_files' build argument 'cmake_clean_cache' from command line to 'False'
[0.700s] Level 5:colcon.colcon_core.verb:set package 'template_files' build argument 'cmake_clean_first' from command line to 'False'
[0.700s] Level 5:colcon.colcon_core.verb:set package 'template_files' build argument 'cmake_force_configure' from command line to 'False'
[0.701s] Level 5:colcon.colcon_core.verb:set package 'template_files' build argument 'ament_cmake_args' from command line to 'None'
[0.701s] Level 5:colcon.colcon_core.verb:set package 'template_files' build argument 'catkin_cmake_args' from command line to 'None'
[0.701s] Level 5:colcon.colcon_core.verb:set package 'template_files' build argument 'catkin_skip_building_tests' from command line to 'False'
[0.701s] DEBUG:colcon.colcon_core.verb:Building package 'template_files' with the following arguments: {'ament_cmake_args': None, 'build_base': '/home/ashwin/ros2_ws/build/template_files', 'catkin_cmake_args': None, 'catkin_skip_building_tests': False, 'cmake_args': None, 'cmake_clean_cache': False, 'cmake_clean_first': False, 'cmake_force_configure': False, 'cmake_target': None, 'cmake_target_skip_unavailable': False, 'install_base': '/home/ashwin/ros2_ws/install/template_files', 'merge_install': False, 'path': '/home/ashwin/ros2_ws/src/template_files', 'symlink_install': False, 'test_result_base': None}
[0.708s] Level 5:colcon.colcon_core.verb:set package 'turtlebot_spawn_follower' build argument 'cmake_args' from command line to 'None'
[0.708s] Level 5:colcon.colcon_core.verb:set package 'turtlebot_spawn_follower' build argument 'cmake_target' from command line to 'None'
[0.708s] Level 5:colcon.colcon_core.verb:set package 'turtlebot_spawn_follower' build argument 'cmake_target_skip_unavailable' from command line to 'False'
[0.708s] Level 5:colcon.colcon_core.verb:set package 'turtlebot_spawn_follower' build argument 'cmake_clean_cache' from command line to 'False'
[0.708s] Level 5:colcon.colcon_core.verb:set package 'turtlebot_spawn_follower' build argument 'cmake_clean_first' from command line to 'False'
[0.708s] Level 5:colcon.colcon_core.verb:set package 'turtlebot_spawn_follower' build argument 'cmake_force_configure' from command line to 'False'
[0.708s] Level 5:colcon.colcon_core.verb:set package 'turtlebot_spawn_follower' build argument 'ament_cmake_args' from command line to 'None'
[0.708s] Level 5:colcon.colcon_core.verb:set package 'turtlebot_spawn_follower' build argument 'catkin_cmake_args' from command line to 'None'
[0.708s] Level 5:colcon.colcon_core.verb:set package 'turtlebot_spawn_follower' build argument 'catkin_skip_building_tests' from command line to 'False'
[0.708s] DEBUG:colcon.colcon_core.verb:Building package 'turtlebot_spawn_follower' with the following arguments: {'ament_cmake_args': None, 'build_base': '/home/ashwin/ros2_ws/build/turtlebot_spawn_follower', 'catkin_cmake_args': None, 'catkin_skip_building_tests': False, 'cmake_args': None, 'cmake_clean_cache': False, 'cmake_clean_first': False, 'cmake_force_configure': False, 'cmake_target': None, 'cmake_target_skip_unavailable': False, 'install_base': '/home/ashwin/ros2_ws/install/turtlebot_spawn_follower', 'merge_install': False, 'path': '/home/ashwin/ros2_ws/src/turtlebot_spawn_follower', 'symlink_install': False, 'test_result_base': None}
[0.715s] INFO:colcon.colcon_core.executor:Executing jobs using 'parallel' executor
[0.723s] DEBUG:colcon.colcon_parallel_executor.executor.parallel:run_until_complete
[0.723s] INFO:colcon.colcon_ros.task.ament_python.build:Building ROS package in '/home/ashwin/ros2_ws/src/my_robot_controller' with build type 'ament_python'
[0.723s] Level 1:colcon.colcon_core.shell:create_environment_hook('my_robot_controller', 'ament_prefix_path')
[0.731s] INFO:colcon.colcon_core.plugin_system:Skipping extension 'colcon_core.shell.bat': Not used on non-Windows systems
[0.732s] INFO:colcon.colcon_core.shell:Creating environment hook '/home/ashwin/ros2_ws/install/my_robot_controller/share/my_robot_controller/hook/ament_prefix_path.ps1'
[0.732s] INFO:colcon.colcon_core.shell:Creating environment descriptor '/home/ashwin/ros2_ws/install/my_robot_controller/share/my_robot_controller/hook/ament_prefix_path.dsv'
[0.732s] INFO:colcon.colcon_core.shell:Creating environment hook '/home/ashwin/ros2_ws/install/my_robot_controller/share/my_robot_controller/hook/ament_prefix_path.sh'
[0.740s] INFO:colcon.colcon_core.shell:Skip shell extension 'powershell' for command environment: Not usable outside of PowerShell
[0.741s] DEBUG:colcon.colcon_core.shell:Skip shell extension 'dsv' for command environment
[0.766s] INFO:colcon.colcon_ros.task.ament_cmake.build:Building ROS package in '/home/ashwin/ros2_ws/src/my_robot_interfaces' with build type 'ament_cmake'
[0.766s] INFO:colcon.colcon_cmake.task.cmake.build:Building CMake package in '/home/ashwin/ros2_ws/src/my_robot_interfaces'
[0.775s] INFO:colcon.colcon_core.shell:Skip shell extension 'powershell' for command environment: Not usable outside of PowerShell
[0.775s] DEBUG:colcon.colcon_core.shell:Skip shell extension 'dsv' for command environment
[0.800s] INFO:colcon.colcon_ros.task.ament_python.build:Building ROS package in '/home/ashwin/ros2_ws/src/template_files' with build type 'ament_python'
[0.800s] Level 1:colcon.colcon_core.shell:create_environment_hook('template_files', 'ament_prefix_path')
[0.809s] INFO:colcon.colcon_core.shell:Creating environment hook '/home/ashwin/ros2_ws/install/template_files/share/template_files/hook/ament_prefix_path.ps1'
[0.809s] INFO:colcon.colcon_core.shell:Creating environment descriptor '/home/ashwin/ros2_ws/install/template_files/share/template_files/hook/ament_prefix_path.dsv'
[0.809s] INFO:colcon.colcon_core.shell:Creating environment hook '/home/ashwin/ros2_ws/install/template_files/share/template_files/hook/ament_prefix_path.sh'
[0.817s] INFO:colcon.colcon_core.shell:Skip shell extension 'powershell' for command environment: Not usable outside of PowerShell
[0.817s] DEBUG:colcon.colcon_core.shell:Skip shell extension 'dsv' for command environment
[0.843s] INFO:colcon.colcon_ros.task.ament_python.build:Building ROS package in '/home/ashwin/ros2_ws/src/turtlebot_spawn_follower' with build type 'ament_python'
[0.843s] Level 1:colcon.colcon_core.shell:create_environment_hook('turtlebot_spawn_follower', 'ament_prefix_path')
[0.852s] INFO:colcon.colcon_core.shell:Creating environment hook '/home/ashwin/ros2_ws/install/turtlebot_spawn_follower/share/turtlebot_spawn_follower/hook/ament_prefix_path.ps1'
[0.852s] INFO:colcon.colcon_core.shell:Creating environment descriptor '/home/ashwin/ros2_ws/install/turtlebot_spawn_follower/share/turtlebot_spawn_follower/hook/ament_prefix_path.dsv'
[0.852s] INFO:colcon.colcon_core.shell:Creating environment hook '/home/ashwin/ros2_ws/install/turtlebot_spawn_follower/share/turtlebot_spawn_follower/hook/ament_prefix_path.sh'
[0.861s] INFO:colcon.colcon_core.shell:Skip shell extension 'powershell' for command environment: Not usable outside of PowerShell
[0.862s] DEBUG:colcon.colcon_core.shell:Skip shell extension 'dsv' for command environment
[1.068s] INFO:colcon.colcon_core.task.python.build:Building Python package in '/home/ashwin/ros2_ws/src/my_robot_controller'
[1.081s] INFO:colcon.colcon_core.shell:Skip shell extension 'powershell' for command environment: Not usable outside of PowerShell
[1.081s] DEBUG:colcon.colcon_core.shell:Skip shell extension 'dsv' for command environment
[1.137s] DEBUG:colcon.colcon_core.event_handler.log_command:Invoking command in '/home/ashwin/ros2_ws/build/my_robot_interfaces': CMAKE_PREFIX_PATH=${CMAKE_PREFIX_PATH}:/home/ashwin/ros2_ws/install/my_robot_controller:/opt/ros/humble /usr/bin/cmake --build /home/ashwin/ros2_ws/build/my_robot_interfaces -- -j12 -l12
[1.322s] INFO:colcon.colcon_core.task.python.build:Building Python package in '/home/ashwin/ros2_ws/src/template_files'
[1.333s] INFO:colcon.colcon_core.shell:Skip shell extension 'powershell' for command environment: Not usable outside of PowerShell
[1.333s] DEBUG:colcon.colcon_core.shell:Skip shell extension 'dsv' for command environment
[1.546s] INFO:colcon.colcon_core.task.python.build:Building Python package in '/home/ashwin/ros2_ws/src/turtlebot_spawn_follower'
[1.554s] INFO:colcon.colcon_core.shell:Skip shell extension 'powershell' for command environment: Not usable outside of PowerShell
[1.554s] DEBUG:colcon.colcon_core.shell:Skip shell extension 'dsv' for command environment
[1.581s] DEBUG:colcon.colcon_core.event_handler.log_command:Invoked command in '/home/ashwin/ros2_ws/build/my_robot_interfaces' returned '0': CMAKE_PREFIX_PATH=${CMAKE_PREFIX_PATH}:/home/ashwin/ros2_ws/install/my_robot_controller:/opt/ros/humble /usr/bin/cmake --build /home/ashwin/ros2_ws/build/my_robot_interfaces -- -j12 -l12
[1.627s] DEBUG:colcon.colcon_core.event_handler.log_command:Invoking command in '/home/ashwin/ros2_ws/build/my_robot_interfaces': CMAKE_PREFIX_PATH=${CMAKE_PREFIX_PATH}:/home/ashwin/ros2_ws/install/my_robot_controller:/opt/ros/humble /usr/bin/cmake --install /home/ashwin/ros2_ws/build/my_robot_interfaces
[1.664s] Level 1:colcon.colcon_core.environment:create_environment_scripts_only(my_robot_interfaces)
[1.664s] DEBUG:colcon.colcon_core.event_handler.log_command:Invoked command in '/home/ashwin/ros2_ws/build/my_robot_interfaces' returned '0': CMAKE_PREFIX_PATH=${CMAKE_PREFIX_PATH}:/home/ashwin/ros2_ws/install/my_robot_controller:/opt/ros/humble /usr/bin/cmake --install /home/ashwin/ros2_ws/build/my_robot_interfaces
[1.674s] Level 1:colcon.colcon_core.environment:checking '/home/ashwin/ros2_ws/install/my_robot_interfaces' for CMake module files
[1.674s] Level 1:colcon.colcon_core.environment:checking '/home/ashwin/ros2_ws/install/my_robot_interfaces' for CMake config files
[1.675s] Level 1:colcon.colcon_core.shell:create_environment_hook('my_robot_interfaces', 'cmake_prefix_path')
[1.683s] INFO:colcon.colcon_core.shell:Creating environment hook '/home/ashwin/ros2_ws/install/my_robot_interfaces/share/my_robot_interfaces/hook/cmake_prefix_path.ps1'
[1.683s] INFO:colcon.colcon_core.shell:Creating environment descriptor '/home/ashwin/ros2_ws/install/my_robot_interfaces/share/my_robot_interfaces/hook/cmake_prefix_path.dsv'
[1.683s] INFO:colcon.colcon_core.shell:Creating environment hook '/home/ashwin/ros2_ws/install/my_robot_interfaces/share/my_robot_interfaces/hook/cmake_prefix_path.sh'
[1.683s] Level 1:colcon.colcon_core.environment:checking '/home/ashwin/ros2_ws/install/my_robot_interfaces/lib'
[1.684s] Level 1:colcon.colcon_core.shell:create_environment_hook('my_robot_interfaces', 'ld_library_path_lib')
[1.691s] INFO:colcon.colcon_core.shell:Creating environment hook '/home/ashwin/ros2_ws/install/my_robot_interfaces/share/my_robot_interfaces/hook/ld_library_path_lib.ps1'
[1.691s] INFO:colcon.colcon_core.shell:Creating environment descriptor '/home/ashwin/ros2_ws/install/my_robot_interfaces/share/my_robot_interfaces/hook/ld_library_path_lib.dsv'
[1.692s] INFO:colcon.colcon_core.shell:Creating environment hook '/home/ashwin/ros2_ws/install/my_robot_interfaces/share/my_robot_interfaces/hook/ld_library_path_lib.sh'
[1.692s] Level 1:colcon.colcon_core.environment:checking '/home/ashwin/ros2_ws/install/my_robot_interfaces/bin'
[1.692s] Level 1:colcon.colcon_core.environment:checking '/home/ashwin/ros2_ws/install/my_robot_interfaces/lib/pkgconfig/my_robot_interfaces.pc'
[1.692s] Level 1:colcon.colcon_core.environment:checking '/home/ashwin/ros2_ws/install/my_robot_interfaces/lib/python3.10/site-packages'
[1.692s] Level 1:colcon.colcon_core.environment:checking '/home/ashwin/ros2_ws/install/my_robot_interfaces/bin'
[1.700s] INFO:colcon.colcon_core.shell:Creating package script '/home/ashwin/ros2_ws/install/my_robot_interfaces/share/my_robot_interfaces/package.ps1'
[1.700s] INFO:colcon.colcon_core.shell:Creating package descriptor '/home/ashwin/ros2_ws/install/my_robot_interfaces/share/my_robot_interfaces/package.dsv'
[1.701s] INFO:colcon.colcon_core.shell:Creating package script '/home/ashwin/ros2_ws/install/my_robot_interfaces/share/my_robot_interfaces/package.sh'
[1.701s] INFO:colcon.colcon_core.shell:Creating package script '/home/ashwin/ros2_ws/install/my_robot_interfaces/share/my_robot_interfaces/package.bash'
[1.701s] INFO:colcon.colcon_core.shell:Creating package script '/home/ashwin/ros2_ws/install/my_robot_interfaces/share/my_robot_interfaces/package.zsh'
[1.702s] Level 1:colcon.colcon_core.environment:create_file_with_runtime_dependencies(/home/ashwin/ros2_ws/install/my_robot_interfaces/share/colcon-core/packages/my_robot_interfaces)
[1.752s] Level 1:colcon.colcon_core.environment:create_environment_scripts_only(my_robot_interfaces)
[1.760s] Level 1:colcon.colcon_core.environment:checking '/home/ashwin/ros2_ws/install/my_robot_interfaces' for CMake module files
[1.760s] Level 1:colcon.colcon_core.environment:checking '/home/ashwin/ros2_ws/install/my_robot_interfaces' for CMake config files
[1.761s] Level 1:colcon.colcon_core.shell:create_environment_hook('my_robot_interfaces', 'cmake_prefix_path')
[1.769s] INFO:colcon.colcon_core.shell:Creating environment hook '/home/ashwin/ros2_ws/install/my_robot_interfaces/share/my_robot_interfaces/hook/cmake_prefix_path.ps1'
[1.769s] INFO:colcon.colcon_core.shell:Creating environment descriptor '/home/ashwin/ros2_ws/install/my_robot_interfaces/share/my_robot_interfaces/hook/cmake_prefix_path.dsv'
[1.769s] INFO:colcon.colcon_core.shell:Creating environment hook '/home/ashwin/ros2_ws/install/my_robot_interfaces/share/my_robot_interfaces/hook/cmake_prefix_path.sh'
[1.770s] Level 1:colcon.colcon_core.environment:checking '/home/ashwin/ros2_ws/install/my_robot_interfaces/lib'
[1.770s] Level 1:colcon.colcon_core.shell:create_environment_hook('my_robot_interfaces', 'ld_library_path_lib')
[1.778s] INFO:colcon.colcon_core.shell:Creating environment hook '/home/ashwin/ros2_ws/install/my_robot_interfaces/share/my_robot_interfaces/hook/ld_library_path_lib.ps1'
[1.779s] INFO:colcon.colcon_core.shell:Creating environment descriptor '/home/ashwin/ros2_ws/install/my_robot_interfaces/share/my_robot_interfaces/hook/ld_library_path_lib.dsv'
[1.779s] INFO:colcon.colcon_core.shell:Creating environment hook '/home/ashwin/ros2_ws/install/my_robot_interfaces/share/my_robot_interfaces/hook/ld_library_path_lib.sh'
[1.779s] Level 1:colcon.colcon_core.environment:checking '/home/ashwin/ros2_ws/install/my_robot_interfaces/bin'
[1.779s] Level 1:colcon.colcon_core.environment:checking '/home/ashwin/ros2_ws/install/my_robot_interfaces/lib/pkgconfig/my_robot_interfaces.pc'
[1.779s] Level 1:colcon.colcon_core.environment:checking '/home/ashwin/ros2_ws/install/my_robot_interfaces/lib/python3.10/site-packages'
[1.779s] Level 1:colcon.colcon_core.environment:checking '/home/ashwin/ros2_ws/install/my_robot_interfaces/bin'
[1.788s] INFO:colcon.colcon_core.shell:Creating package script '/home/ashwin/ros2_ws/install/my_robot_interfaces/share/my_robot_interfaces/package.ps1'
[1.789s] INFO:colcon.colcon_core.shell:Creating package descriptor '/home/ashwin/ros2_ws/install/my_robot_interfaces/share/my_robot_interfaces/package.dsv'
[1.789s] INFO:colcon.colcon_core.shell:Creating package script '/home/ashwin/ros2_ws/install/my_robot_interfaces/share/my_robot_interfaces/package.sh'
[1.790s] INFO:colcon.colcon_core.shell:Creating package script '/home/ashwin/ros2_ws/install/my_robot_interfaces/share/my_robot_interfaces/package.bash'
[1.790s] INFO:colcon.colcon_core.shell:Creating package script '/home/ashwin/ros2_ws/install/my_robot_interfaces/share/my_robot_interfaces/package.zsh'
[1.790s] Level 1:colcon.colcon_core.environment:create_file_with_runtime_dependencies(/home/ashwin/ros2_ws/install/my_robot_interfaces/share/colcon-core/packages/my_robot_interfaces)
[1.808s] DEBUG:colcon.colcon_core.event_handler.log_command:Invoking command in '/home/ashwin/ros2_ws/src/my_robot_controller': PYTHONPATH=/home/ashwin/ros2_ws/build/my_robot_controller/prefix_override:/home/ashwin/ros2_ws/install/my_robot_controller/lib/python3.10/site-packages:${PYTHONPATH} /usr/bin/python3 setup.py egg_info --egg-base ../../build/my_robot_controller build --build-base /home/ashwin/ros2_ws/build/my_robot_controller/build install --record /home/ashwin/ros2_ws/build/my_robot_controller/install.log --single-version-externally-managed
[1.810s] DEBUG:colcon.colcon_core.event_handler.log_command:Invoking command in '/home/ashwin/ros2_ws/src/template_files': PYTHONPATH=/home/ashwin/ros2_ws/build/template_files/prefix_override:/home/ashwin/ros2_ws/install/template_files/lib/python3.10/site-packages:${PYTHONPATH} /usr/bin/python3 setup.py egg_info --egg-base ../../build/template_files build --build-base /home/ashwin/ros2_ws/build/template_files/build install --record /home/ashwin/ros2_ws/build/template_files/install.log --single-version-externally-managed
[1.812s] DEBUG:colcon.colcon_core.event_handler.log_command:Invoking command in '/home/ashwin/ros2_ws/src/turtlebot_spawn_follower': PYTHONPATH=/home/ashwin/ros2_ws/build/turtlebot_spawn_follower/prefix_override:/home/ashwin/ros2_ws/install/turtlebot_spawn_follower/lib/python3.10/site-packages:${PYTHONPATH} /usr/bin/python3 setup.py egg_info --egg-base ../../build/turtlebot_spawn_follower build --build-base /home/ashwin/ros2_ws/build/turtlebot_spawn_follower/build install --record /home/ashwin/ros2_ws/build/turtlebot_spawn_follower/install.log --single-version-externally-managed
[1.999s] DEBUG:colcon.colcon_core.event_handler.log_command:Invoked command in '/home/ashwin/ros2_ws/src/my_robot_controller' returned '0': PYTHONPATH=/home/ashwin/ros2_ws/build/my_robot_controller/prefix_override:/home/ashwin/ros2_ws/install/my_robot_controller/lib/python3.10/site-packages:${PYTHONPATH} /usr/bin/python3 setup.py egg_info --egg-base ../../build/my_robot_controller build --build-base /home/ashwin/ros2_ws/build/my_robot_controller/build install --record /home/ashwin/ros2_ws/build/my_robot_controller/install.log --single-version-externally-managed
[2.007s] Level 1:colcon.colcon_core.environment:checking '/home/ashwin/ros2_ws/install/my_robot_controller' for CMake module files
[2.008s] Level 1:colcon.colcon_core.environment:checking '/home/ashwin/ros2_ws/install/my_robot_controller' for CMake config files
[2.008s] Level 1:colcon.colcon_core.environment:checking '/home/ashwin/ros2_ws/install/my_robot_controller/lib'
[2.008s] Level 1:colcon.colcon_core.environment:checking '/home/ashwin/ros2_ws/install/my_robot_controller/bin'
[2.008s] Level 1:colcon.colcon_core.environment:checking '/home/ashwin/ros2_ws/install/my_robot_controller/lib/pkgconfig/my_robot_controller.pc'
[2.008s] Level 1:colcon.colcon_core.environment:checking '/home/ashwin/ros2_ws/install/my_robot_controller/lib/python3.10/site-packages'
[2.008s] Level 1:colcon.colcon_core.shell:create_environment_hook('my_robot_controller', 'pythonpath')
[2.015s] INFO:colcon.colcon_core.shell:Creating environment hook '/home/ashwin/ros2_ws/install/my_robot_controller/share/my_robot_controller/hook/pythonpath.ps1'
[2.016s] INFO:colcon.colcon_core.shell:Creating environment descriptor '/home/ashwin/ros2_ws/install/my_robot_controller/share/my_robot_controller/hook/pythonpath.dsv'
[2.016s] INFO:colcon.colcon_core.shell:Creating environment hook '/home/ashwin/ros2_ws/install/my_robot_controller/share/my_robot_controller/hook/pythonpath.sh'
[2.016s] Level 1:colcon.colcon_core.environment:checking '/home/ashwin/ros2_ws/install/my_robot_controller/bin'
[2.016s] Level 1:colcon.colcon_core.environment:create_environment_scripts_only(my_robot_controller)
[2.024s] INFO:colcon.colcon_core.shell:Creating package script '/home/ashwin/ros2_ws/install/my_robot_controller/share/my_robot_controller/package.ps1'
[2.024s] INFO:colcon.colcon_core.shell:Creating package descriptor '/home/ashwin/ros2_ws/install/my_robot_controller/share/my_robot_controller/package.dsv'
[2.024s] INFO:colcon.colcon_core.shell:Creating package script '/home/ashwin/ros2_ws/install/my_robot_controller/share/my_robot_controller/package.sh'
[2.024s] INFO:colcon.colcon_core.shell:Creating package script '/home/ashwin/ros2_ws/install/my_robot_controller/share/my_robot_controller/package.bash'
[2.024s] INFO:colcon.colcon_core.shell:Creating package script '/home/ashwin/ros2_ws/install/my_robot_controller/share/my_robot_controller/package.zsh'
[2.025s] Level 1:colcon.colcon_core.environment:create_file_with_runtime_dependencies(/home/ashwin/ros2_ws/install/my_robot_controller/share/colcon-core/packages/my_robot_controller)
[2.026s] DEBUG:colcon.colcon_core.event_handler.log_command:Invoked command in '/home/ashwin/ros2_ws/src/turtlebot_spawn_follower' returned '0': PYTHONPATH=/home/ashwin/ros2_ws/build/turtlebot_spawn_follower/prefix_override:/home/ashwin/ros2_ws/install/turtlebot_spawn_follower/lib/python3.10/site-packages:${PYTHONPATH} /usr/bin/python3 setup.py egg_info --egg-base ../../build/turtlebot_spawn_follower build --build-base /home/ashwin/ros2_ws/build/turtlebot_spawn_follower/build install --record /home/ashwin/ros2_ws/build/turtlebot_spawn_follower/install.log --single-version-externally-managed
[2.033s] Level 1:colcon.colcon_core.environment:checking '/home/ashwin/ros2_ws/install/turtlebot_spawn_follower' for CMake module files
[2.034s] Level 1:colcon.colcon_core.environment:checking '/home/ashwin/ros2_ws/install/turtlebot_spawn_follower' for CMake config files
[2.034s] Level 1:colcon.colcon_core.shell:create_environment_hook('turtlebot_spawn_follower', 'cmake_prefix_path')
[2.042s] INFO:colcon.colcon_core.shell:Creating environment hook '/home/ashwin/ros2_ws/install/turtlebot_spawn_follower/share/turtlebot_spawn_follower/hook/cmake_prefix_path.ps1'
[2.042s] INFO:colcon.colcon_core.shell:Creating environment descriptor '/home/ashwin/ros2_ws/install/turtlebot_spawn_follower/share/turtlebot_spawn_follower/hook/cmake_prefix_path.dsv'
[2.042s] INFO:colcon.colcon_core.shell:Creating environment hook '/home/ashwin/ros2_ws/install/turtlebot_spawn_follower/share/turtlebot_spawn_follower/hook/cmake_prefix_path.sh'
[2.042s] Level 1:colcon.colcon_core.environment:checking '/home/ashwin/ros2_ws/install/turtlebot_spawn_follower/lib'
[2.043s] Level 1:colcon.colcon_core.environment:checking '/home/ashwin/ros2_ws/install/turtlebot_spawn_follower/bin'
[2.043s] Level 1:colcon.colcon_core.environment:checking '/home/ashwin/ros2_ws/install/turtlebot_spawn_follower/lib/pkgconfig/turtlebot_spawn_follower.pc'
[2.043s] Level 1:colcon.colcon_core.environment:checking '/home/ashwin/ros2_ws/install/turtlebot_spawn_follower/lib/python3.10/site-packages'
[2.043s] Level 1:colcon.colcon_core.shell:create_environment_hook('turtlebot_spawn_follower', 'pythonpath')
[2.050s] INFO:colcon.colcon_core.shell:Creating environment hook '/home/ashwin/ros2_ws/install/turtlebot_spawn_follower/share/turtlebot_spawn_follower/hook/pythonpath.ps1'
[2.051s] INFO:colcon.colcon_core.shell:Creating environment descriptor '/home/ashwin/ros2_ws/install/turtlebot_spawn_follower/share/turtlebot_spawn_follower/hook/pythonpath.dsv'
[2.051s] INFO:colcon.colcon_core.shell:Creating environment hook '/home/ashwin/ros2_ws/install/turtlebot_spawn_follower/share/turtlebot_spawn_follower/hook/pythonpath.sh'
[2.051s] Level 1:colcon.colcon_core.environment:checking '/home/ashwin/ros2_ws/install/turtlebot_spawn_follower/bin'
[2.051s] Level 1:colcon.colcon_core.environment:create_environment_scripts_only(turtlebot_spawn_follower)
[2.059s] INFO:colcon.colcon_core.shell:Creating package script '/home/ashwin/ros2_ws/install/turtlebot_spawn_follower/share/turtlebot_spawn_follower/package.ps1'
[2.059s] INFO:colcon.colcon_core.shell:Creating package descriptor '/home/ashwin/ros2_ws/install/turtlebot_spawn_follower/share/turtlebot_spawn_follower/package.dsv'
[2.060s] INFO:colcon.colcon_core.shell:Creating package script '/home/ashwin/ros2_ws/install/turtlebot_spawn_follower/share/turtlebot_spawn_follower/package.sh'
[2.060s] INFO:colcon.colcon_core.shell:Creating package script '/home/ashwin/ros2_ws/install/turtlebot_spawn_follower/share/turtlebot_spawn_follower/package.bash'
[2.060s] INFO:colcon.colcon_core.shell:Creating package script '/home/ashwin/ros2_ws/install/turtlebot_spawn_follower/share/turtlebot_spawn_follower/package.zsh'
[2.060s] Level 1:colcon.colcon_core.environment:create_file_with_runtime_dependencies(/home/ashwin/ros2_ws/install/turtlebot_spawn_follower/share/colcon-core/packages/turtlebot_spawn_follower)
[2.061s] DEBUG:colcon.colcon_core.event_handler.log_command:Invoked command in '/home/ashwin/ros2_ws/src/template_files' returned '0': PYTHONPATH=/home/ashwin/ros2_ws/build/template_files/prefix_override:/home/ashwin/ros2_ws/install/template_files/lib/python3.10/site-packages:${PYTHONPATH} /usr/bin/python3 setup.py egg_info --egg-base ../../build/template_files build --build-base /home/ashwin/ros2_ws/build/template_files/build install --record /home/ashwin/ros2_ws/build/template_files/install.log --single-version-externally-managed
[2.068s] Level 1:colcon.colcon_core.environment:checking '/home/ashwin/ros2_ws/install/template_files' for CMake module files
[2.069s] Level 1:colcon.colcon_core.environment:checking '/home/ashwin/ros2_ws/install/template_files' for CMake config files
[2.069s] Level 1:colcon.colcon_core.shell:create_environment_hook('template_files', 'cmake_prefix_path')
[2.076s] INFO:colcon.colcon_core.shell:Creating environment hook '/home/ashwin/ros2_ws/install/template_files/share/template_files/hook/cmake_prefix_path.ps1'
[2.076s] INFO:colcon.colcon_core.shell:Creating environment descriptor '/home/ashwin/ros2_ws/install/template_files/share/template_files/hook/cmake_prefix_path.dsv'
[2.077s] INFO:colcon.colcon_core.shell:Creating environment hook '/home/ashwin/ros2_ws/install/template_files/share/template_files/hook/cmake_prefix_path.sh'
[2.077s] Level 1:colcon.colcon_core.environment:checking '/home/ashwin/ros2_ws/install/template_files/lib'
[2.077s] Level 1:colcon.colcon_core.environment:checking '/home/ashwin/ros2_ws/install/template_files/bin'
[2.077s] Level 1:colcon.colcon_core.environment:checking '/home/ashwin/ros2_ws/install/template_files/lib/pkgconfig/template_files.pc'
[2.077s] Level 1:colcon.colcon_core.environment:checking '/home/ashwin/ros2_ws/install/template_files/lib/python3.10/site-packages'
[2.077s] Level 1:colcon.colcon_core.shell:create_environment_hook('template_files', 'pythonpath')
[2.084s] INFO:colcon.colcon_core.shell:Creating environment hook '/home/ashwin/ros2_ws/install/template_files/share/template_files/hook/pythonpath.ps1'
[2.085s] INFO:colcon.colcon_core.shell:Creating environment descriptor '/home/ashwin/ros2_ws/install/template_files/share/template_files/hook/pythonpath.dsv'
[2.085s] INFO:colcon.colcon_core.shell:Creating environment hook '/home/ashwin/ros2_ws/install/template_files/share/template_files/hook/pythonpath.sh'
[2.085s] Level 1:colcon.colcon_core.environment:checking '/home/ashwin/ros2_ws/install/template_files/bin'
[2.085s] Level 1:colcon.colcon_core.environment:create_environment_scripts_only(template_files)
[2.093s] INFO:colcon.colcon_core.shell:Creating package script '/home/ashwin/ros2_ws/install/template_files/share/template_files/package.ps1'
[2.093s] INFO:colcon.colcon_core.shell:Creating package descriptor '/home/ashwin/ros2_ws/install/template_files/share/template_files/package.dsv'
[2.094s] INFO:colcon.colcon_core.shell:Creating package script '/home/ashwin/ros2_ws/install/template_files/share/template_files/package.sh'
[2.094s] INFO:colcon.colcon_core.shell:Creating package script '/home/ashwin/ros2_ws/install/template_files/share/template_files/package.bash'
[2.094s] INFO:colcon.colcon_core.shell:Creating package script '/home/ashwin/ros2_ws/install/template_files/share/template_files/package.zsh'
[2.094s] Level 1:colcon.colcon_core.environment:create_file_with_runtime_dependencies(/home/ashwin/ros2_ws/install/template_files/share/colcon-core/packages/template_files)
[2.094s] DEBUG:colcon.colcon_parallel_executor.executor.parallel:closing loop
[2.094s] DEBUG:colcon.colcon_parallel_executor.executor.parallel:loop closed
[2.094s] DEBUG:colcon.colcon_parallel_executor.executor.parallel:run_until_complete finished with '0'
[2.095s] DEBUG:colcon.colcon_core.event_reactor:joining thread
[2.106s] INFO:colcon.colcon_core.plugin_system:Skipping extension 'colcon_notification.desktop_notification.terminal_notifier': Not used on non-Darwin systems
[2.106s] INFO:colcon.colcon_core.plugin_system:Skipping extension 'colcon_notification.desktop_notification.win32': Not used on non-Windows systems
[2.106s] INFO:colcon.colcon_notification.desktop_notification:Sending desktop notification using 'notify2'
[2.114s] DEBUG:colcon.colcon_core.event_reactor:joined thread
[2.122s] INFO:colcon.colcon_core.shell:Creating prefix script '/home/ashwin/ros2_ws/install/local_setup.ps1'
[2.122s] INFO:colcon.colcon_core.shell:Creating prefix util module '/home/ashwin/ros2_ws/install/_local_setup_util_ps1.py'
[2.123s] INFO:colcon.colcon_core.shell:Creating prefix chain script '/home/ashwin/ros2_ws/install/setup.ps1'
[2.131s] INFO:colcon.colcon_core.shell:Creating prefix script '/home/ashwin/ros2_ws/install/local_setup.sh'
[2.131s] INFO:colcon.colcon_core.shell:Creating prefix util module '/home/ashwin/ros2_ws/install/_local_setup_util_sh.py'
[2.132s] INFO:colcon.colcon_core.shell:Creating prefix chain script '/home/ashwin/ros2_ws/install/setup.sh'
[2.140s] INFO:colcon.colcon_core.shell:Creating prefix script '/home/ashwin/ros2_ws/install/local_setup.bash'
[2.140s] INFO:colcon.colcon_core.shell:Creating prefix chain script '/home/ashwin/ros2_ws/install/setup.bash'
[2.148s] INFO:colcon.colcon_core.shell:Creating prefix script '/home/ashwin/ros2_ws/install/local_setup.zsh'
[2.148s] INFO:colcon.colcon_core.shell:Creating prefix chain script '/home/ashwin/ros2_ws/install/setup.zsh'
