[0.445s] Invoking command in '/home/ashwin/ros2_ws/src/my_robot_controller': PYTHONPATH=/home/ashwin/ros2_ws/src/build/my_robot_controller/prefix_override:/home/ashwin/ros2_ws/src/install/my_robot_controller/lib/python3.10/site-packages:${PYTHONPATH} /usr/bin/python3 setup.py egg_info --egg-base ../build/my_robot_controller build --build-base /home/ashwin/ros2_ws/src/build/my_robot_controller/build install --record /home/ashwin/ros2_ws/src/build/my_robot_controller/install.log --single-version-externally-managed
[0.589s] running egg_info
[0.589s] creating ../build/my_robot_controller/my_robot_controller.egg-info
[0.590s] writing ../build/my_robot_controller/my_robot_controller.egg-info/PKG-INFO
[0.590s] writing dependency_links to ../build/my_robot_controller/my_robot_controller.egg-info/dependency_links.txt
[0.590s] writing entry points to ../build/my_robot_controller/my_robot_controller.egg-info/entry_points.txt
[0.590s] writing requirements to ../build/my_robot_controller/my_robot_controller.egg-info/requires.txt
[0.590s] writing top-level names to ../build/my_robot_controller/my_robot_controller.egg-info/top_level.txt
[0.590s] writing manifest file '../build/my_robot_controller/my_robot_controller.egg-info/SOURCES.txt'
[0.591s] reading manifest file '../build/my_robot_controller/my_robot_controller.egg-info/SOURCES.txt'
[0.591s] writing manifest file '../build/my_robot_controller/my_robot_controller.egg-info/SOURCES.txt'
[0.591s] running build
[0.591s] running build_py
[0.591s] creating /home/ashwin/ros2_ws/src/build/my_robot_controller/build
[0.591s] creating /home/ashwin/ros2_ws/src/build/my_robot_controller/build/lib
[0.591s] creating /home/ashwin/ros2_ws/src/build/my_robot_controller/build/lib/my_robot_controller
[0.592s] copying my_robot_controller/__init__.py -> /home/ashwin/ros2_ws/src/build/my_robot_controller/build/lib/my_robot_controller
[0.592s] copying my_robot_controller/my_first_node.py -> /home/ashwin/ros2_ws/src/build/my_robot_controller/build/lib/my_robot_controller
[0.592s] running install
[0.592s] running install_lib
[0.592s] creating /home/ashwin/ros2_ws/src/install/my_robot_controller/lib/python3.10/site-packages/my_robot_controller
[0.592s] copying /home/ashwin/ros2_ws/src/build/my_robot_controller/build/lib/my_robot_controller/__init__.py -> /home/ashwin/ros2_ws/src/install/my_robot_controller/lib/python3.10/site-packages/my_robot_controller
[0.592s] copying /home/ashwin/ros2_ws/src/build/my_robot_controller/build/lib/my_robot_controller/my_first_node.py -> /home/ashwin/ros2_ws/src/install/my_robot_controller/lib/python3.10/site-packages/my_robot_controller
[0.592s] byte-compiling /home/ashwin/ros2_ws/src/install/my_robot_controller/lib/python3.10/site-packages/my_robot_controller/__init__.py to __init__.cpython-310.pyc
[0.592s] byte-compiling /home/ashwin/ros2_ws/src/install/my_robot_controller/lib/python3.10/site-packages/my_robot_controller/my_first_node.py to my_first_node.cpython-310.pyc
[0.593s] running install_data
[0.593s] creating /home/ashwin/ros2_ws/src/install/my_robot_controller/share/ament_index
[0.593s] creating /home/ashwin/ros2_ws/src/install/my_robot_controller/share/ament_index/resource_index
[0.593s] creating /home/ashwin/ros2_ws/src/install/my_robot_controller/share/ament_index/resource_index/packages
[0.593s] copying resource/my_robot_controller -> /home/ashwin/ros2_ws/src/install/my_robot_controller/share/ament_index/resource_index/packages
[0.593s] copying package.xml -> /home/ashwin/ros2_ws/src/install/my_robot_controller/share/my_robot_controller
[0.593s] running install_egg_info
[0.594s] Copying ../build/my_robot_controller/my_robot_controller.egg-info to /home/ashwin/ros2_ws/src/install/my_robot_controller/lib/python3.10/site-packages/my_robot_controller-0.0.0-py3.10.egg-info
[0.594s] running install_scripts
[0.606s] Installing test_node script to /home/ashwin/ros2_ws/src/install/my_robot_controller/lib/my_robot_controller
[0.607s] writing list of installed files to '/home/ashwin/ros2_ws/src/build/my_robot_controller/install.log'
[0.624s] Invoked command in '/home/ashwin/ros2_ws/src/my_robot_controller' returned '0': PYTHONPATH=/home/ashwin/ros2_ws/src/build/my_robot_controller/prefix_override:/home/ashwin/ros2_ws/src/install/my_robot_controller/lib/python3.10/site-packages:${PYTHONPATH} /usr/bin/python3 setup.py egg_info --egg-base ../build/my_robot_controller build --build-base /home/ashwin/ros2_ws/src/build/my_robot_controller/build install --record /home/ashwin/ros2_ws/src/build/my_robot_controller/install.log --single-version-externally-managed
