[0.734s] Invoking command in '/home/ashwin/ros2_ws/src/turtlebot_spawn_follower': PYTHONPATH=/home/ashwin/ros2_ws/build/turtlebot_spawn_follower/prefix_override:/home/ashwin/ros2_ws/install/turtlebot_spawn_follower/lib/python3.10/site-packages:${PYTHONPATH} /usr/bin/python3 setup.py egg_info --egg-base ../../build/turtlebot_spawn_follower build --build-base /home/ashwin/ros2_ws/build/turtlebot_spawn_follower/build install --record /home/ashwin/ros2_ws/build/turtlebot_spawn_follower/install.log --single-version-externally-managed
[0.911s] running egg_info
[0.912s] writing ../../build/turtlebot_spawn_follower/turtlebot_spawn_follower.egg-info/PKG-INFO
[0.912s] writing dependency_links to ../../build/turtlebot_spawn_follower/turtlebot_spawn_follower.egg-info/dependency_links.txt
[0.912s] writing entry points to ../../build/turtlebot_spawn_follower/turtlebot_spawn_follower.egg-info/entry_points.txt
[0.912s] writing requirements to ../../build/turtlebot_spawn_follower/turtlebot_spawn_follower.egg-info/requires.txt
[0.912s] writing top-level names to ../../build/turtlebot_spawn_follower/turtlebot_spawn_follower.egg-info/top_level.txt
[0.914s] reading manifest file '../../build/turtlebot_spawn_follower/turtlebot_spawn_follower.egg-info/SOURCES.txt'
[0.914s] writing manifest file '../../build/turtlebot_spawn_follower/turtlebot_spawn_follower.egg-info/SOURCES.txt'
[0.914s] running build
[0.914s] running build_py
[0.915s] copying turtlebot_spawn_follower/robot_controller.py -> /home/ashwin/ros2_ws/build/turtlebot_spawn_follower/build/lib/turtlebot_spawn_follower
[0.915s] running install
[0.915s] running install_lib
[0.915s] copying /home/ashwin/ros2_ws/build/turtlebot_spawn_follower/build/lib/turtlebot_spawn_follower/robot_controller.py -> /home/ashwin/ros2_ws/install/turtlebot_spawn_follower/lib/python3.10/site-packages/turtlebot_spawn_follower
[0.916s] byte-compiling /home/ashwin/ros2_ws/install/turtlebot_spawn_follower/lib/python3.10/site-packages/turtlebot_spawn_follower/robot_controller.py to robot_controller.cpython-310.pyc
[0.917s] running install_data
[0.918s] running install_egg_info
[0.919s] removing '/home/ashwin/ros2_ws/install/turtlebot_spawn_follower/lib/python3.10/site-packages/turtlebot_spawn_follower-0.0.0-py3.10.egg-info' (and everything under it)
[0.919s] Copying ../../build/turtlebot_spawn_follower/turtlebot_spawn_follower.egg-info to /home/ashwin/ros2_ws/install/turtlebot_spawn_follower/lib/python3.10/site-packages/turtlebot_spawn_follower-0.0.0-py3.10.egg-info
[0.920s] running install_scripts
[0.935s] Installing robot_controller script to /home/ashwin/ros2_ws/install/turtlebot_spawn_follower/lib/turtlebot_spawn_follower
[0.936s] writing list of installed files to '/home/ashwin/ros2_ws/build/turtlebot_spawn_follower/install.log'
[0.959s] Invoked command in '/home/ashwin/ros2_ws/src/turtlebot_spawn_follower' returned '0': PYTHONPATH=/home/ashwin/ros2_ws/build/turtlebot_spawn_follower/prefix_override:/home/ashwin/ros2_ws/install/turtlebot_spawn_follower/lib/python3.10/site-packages:${PYTHONPATH} /usr/bin/python3 setup.py egg_info --egg-base ../../build/turtlebot_spawn_follower build --build-base /home/ashwin/ros2_ws/build/turtlebot_spawn_follower/build install --record /home/ashwin/ros2_ws/build/turtlebot_spawn_follower/install.log --single-version-externally-managed
