running egg_info
creating ../../build/template_files/my_robot_controller.egg-info
writing ../../build/template_files/my_robot_controller.egg-info/PKG-INFO
writing dependency_links to ../../build/template_files/my_robot_controller.egg-info/dependency_links.txt
writing entry points to ../../build/template_files/my_robot_controller.egg-info/entry_points.txt
writing requirements to ../../build/template_files/my_robot_controller.egg-info/requires.txt
writing top-level names to ../../build/template_files/my_robot_controller.egg-info/top_level.txt
writing manifest file '../../build/template_files/my_robot_controller.egg-info/SOURCES.txt'
reading manifest file '../../build/template_files/my_robot_controller.egg-info/SOURCES.txt'
writing manifest file '../../build/template_files/my_robot_controller.egg-info/SOURCES.txt'
running build
running build_py
creating /home/ashwin/ros2_ws/build/template_files/build
creating /home/ashwin/ros2_ws/build/template_files/build/lib
creating /home/ashwin/ros2_ws/build/template_files/build/lib/template_files
copying template_files/__init__.py -> /home/ashwin/ros2_ws/build/template_files/build/lib/template_files
copying template_files/complete_pub_sub_service.py -> /home/ashwin/ros2_ws/build/template_files/build/lib/template_files
running install
running install_lib
creating /home/ashwin/ros2_ws/install/template_files/lib/python3.10/site-packages/template_files
copying /home/ashwin/ros2_ws/build/template_files/build/lib/template_files/__init__.py -> /home/ashwin/ros2_ws/install/template_files/lib/python3.10/site-packages/template_files
copying /home/ashwin/ros2_ws/build/template_files/build/lib/template_files/complete_pub_sub_service.py -> /home/ashwin/ros2_ws/install/template_files/lib/python3.10/site-packages/template_files
byte-compiling /home/ashwin/ros2_ws/install/template_files/lib/python3.10/site-packages/template_files/__init__.py to __init__.cpython-310.pyc
byte-compiling /home/ashwin/ros2_ws/install/template_files/lib/python3.10/site-packages/template_files/complete_pub_sub_service.py to complete_pub_sub_service.cpython-310.pyc
running install_data
