-- The C compiler identification is GNU 11.4.0
-- The CXX compiler identification is GNU 11.4.0
-- Detecting C compiler ABI info
-- Detecting C compiler ABI info - done
-- Check for working C compiler: /usr/bin/cc - skipped
-- Detecting C compile features
-- Detecting C compile features - done
-- Detecting CXX compiler ABI info
-- Detecting CXX compiler ABI info - done
-- Check for working CXX compiler: /usr/bin/c++ - skipped
-- Detecting CXX compile features
-- Detecting CXX compile features - done
-- Found ament_cmake: 1.3.6 (/opt/ros/humble/share/ament_cmake/cmake)
-- Found Python3: /usr/bin/python3.10 (found version "3.10.12") found components: Interpreter 
-- Override CMake install command with custom implementation using symlinks instead of copying resources
-- Found ament_lint_auto: 0.12.9 (/opt/ros/humble/share/ament_lint_auto/cmake)
-- Added test 'lint_cmake' to check CMake code style
-- Added test 'xmllint' to check XML markup files
-- Configuring done
-- Generating done
-- Build files have been written to: /home/ashwin/ros2_ws/build/turtlebot_spawn_follower
-- Install configuration: ""
-- Execute custom install script
-- Symlinking: /home/ashwin/ros2_ws/install/turtlebot_spawn_follower/share/ament_index/resource_index/package_run_dependencies/turtlebot_spawn_follower
-- Symlinking: /home/ashwin/ros2_ws/install/turtlebot_spawn_follower/share/ament_index/resource_index/parent_prefix_path/turtlebot_spawn_follower
-- Symlinking: /home/ashwin/ros2_ws/install/turtlebot_spawn_follower/share/turtlebot_spawn_follower/environment/ament_prefix_path.sh
-- Symlinking: /home/ashwin/ros2_ws/install/turtlebot_spawn_follower/share/turtlebot_spawn_follower/environment/ament_prefix_path.dsv
-- Symlinking: /home/ashwin/ros2_ws/install/turtlebot_spawn_follower/share/turtlebot_spawn_follower/environment/path.sh
-- Symlinking: /home/ashwin/ros2_ws/install/turtlebot_spawn_follower/share/turtlebot_spawn_follower/environment/path.dsv
-- Symlinking: /home/ashwin/ros2_ws/install/turtlebot_spawn_follower/share/turtlebot_spawn_follower/local_setup.bash
-- Symlinking: /home/ashwin/ros2_ws/install/turtlebot_spawn_follower/share/turtlebot_spawn_follower/local_setup.sh
-- Symlinking: /home/ashwin/ros2_ws/install/turtlebot_spawn_follower/share/turtlebot_spawn_follower/local_setup.zsh
-- Symlinking: /home/ashwin/ros2_ws/install/turtlebot_spawn_follower/share/turtlebot_spawn_follower/local_setup.dsv
-- Symlinking: /home/ashwin/ros2_ws/install/turtlebot_spawn_follower/share/turtlebot_spawn_follower/package.dsv
-- Symlinking: /home/ashwin/ros2_ws/install/turtlebot_spawn_follower/share/ament_index/resource_index/packages/turtlebot_spawn_follower
-- Symlinking: /home/ashwin/ros2_ws/install/turtlebot_spawn_follower/share/turtlebot_spawn_follower/cmake/turtlebot_spawn_followerConfig.cmake
-- Symlinking: /home/ashwin/ros2_ws/install/turtlebot_spawn_follower/share/turtlebot_spawn_follower/cmake/turtlebot_spawn_followerConfig-version.cmake
-- Symlinking: /home/ashwin/ros2_ws/install/turtlebot_spawn_follower/share/turtlebot_spawn_follower/package.xml
