[0.277s] Invoking command in '/home/ashwin/ros2_ws/build/turtlebot_spawn_follower': CMAKE_PREFIX_PATH=/home/ashwin/ros2_ws/install/my_robot_controller:/opt/ros/humble /usr/bin/cmake /home/ashwin/ros2_ws/src/turtlebot_spawn_follower -DAMENT_CMAKE_SYMLINK_INSTALL=1 -DCMAKE_INSTALL_PREFIX=/home/ashwin/ros2_ws/install/turtlebot_spawn_follower
[0.351s] -- The C compiler identification is GNU 11.4.0
[0.409s] -- The CXX compiler identification is GNU 11.4.0
[0.417s] -- Detecting C compiler ABI info
[0.482s] -- Detecting C compiler ABI info - done
[0.489s] -- Check for working C compiler: /usr/bin/cc - skipped
[0.489s] -- Detecting C compile features
[0.489s] -- Detecting C compile features - done
[0.492s] -- Detecting CXX compiler ABI info
[0.565s] -- Detecting CXX compiler ABI info - done
[0.572s] -- Check for working CXX compiler: /usr/bin/c++ - skipped
[0.572s] -- Detecting CXX compile features
[0.573s] -- Detecting CXX compile features - done
[0.576s] -- Found ament_cmake: 1.3.6 (/opt/ros/humble/share/ament_cmake/cmake)
[0.732s] -- Found Python3: /usr/bin/python3.10 (found version "3.10.12") found components: Interpreter 
[0.793s] -- Override CMake install command with custom implementation using symlinks instead of copying resources
[0.817s] -- Found ament_lint_auto: 0.12.9 (/opt/ros/humble/share/ament_lint_auto/cmake)
[0.887s] -- Added test 'lint_cmake' to check CMake code style
[0.888s] -- Added test 'xmllint' to check XML markup files
[0.889s] -- Configuring done
[0.891s] -- Generating done
[0.892s] -- Build files have been written to: /home/ashwin/ros2_ws/build/turtlebot_spawn_follower
[0.895s] Invoked command in '/home/ashwin/ros2_ws/build/turtlebot_spawn_follower' returned '0': CMAKE_PREFIX_PATH=/home/ashwin/ros2_ws/install/my_robot_controller:/opt/ros/humble /usr/bin/cmake /home/ashwin/ros2_ws/src/turtlebot_spawn_follower -DAMENT_CMAKE_SYMLINK_INSTALL=1 -DCMAKE_INSTALL_PREFIX=/home/ashwin/ros2_ws/install/turtlebot_spawn_follower
[0.897s] Invoking command in '/home/ashwin/ros2_ws/build/turtlebot_spawn_follower': CMAKE_PREFIX_PATH=/home/ashwin/ros2_ws/install/my_robot_controller:/opt/ros/humble /usr/bin/cmake --build /home/ashwin/ros2_ws/build/turtlebot_spawn_follower -- -j12 -l12
[0.933s] Invoked command in '/home/ashwin/ros2_ws/build/turtlebot_spawn_follower' returned '0': CMAKE_PREFIX_PATH=/home/ashwin/ros2_ws/install/my_robot_controller:/opt/ros/humble /usr/bin/cmake --build /home/ashwin/ros2_ws/build/turtlebot_spawn_follower -- -j12 -l12
[0.963s] Invoking command in '/home/ashwin/ros2_ws/build/turtlebot_spawn_follower': CMAKE_PREFIX_PATH=/home/ashwin/ros2_ws/install/my_robot_controller:/opt/ros/humble /usr/bin/cmake --install /home/ashwin/ros2_ws/build/turtlebot_spawn_follower
[0.969s] -- Install configuration: ""
[0.970s] -- Execute custom install script
[0.970s] -- Symlinking: /home/ashwin/ros2_ws/install/turtlebot_spawn_follower/share/ament_index/resource_index/package_run_dependencies/turtlebot_spawn_follower
[0.979s] -- Symlinking: /home/ashwin/ros2_ws/install/turtlebot_spawn_follower/share/ament_index/resource_index/parent_prefix_path/turtlebot_spawn_follower
[0.987s] -- Symlinking: /home/ashwin/ros2_ws/install/turtlebot_spawn_follower/share/turtlebot_spawn_follower/environment/ament_prefix_path.sh
[0.995s] -- Symlinking: /home/ashwin/ros2_ws/install/turtlebot_spawn_follower/share/turtlebot_spawn_follower/environment/ament_prefix_path.dsv
[1.003s] -- Symlinking: /home/ashwin/ros2_ws/install/turtlebot_spawn_follower/share/turtlebot_spawn_follower/environment/path.sh
[1.011s] -- Symlinking: /home/ashwin/ros2_ws/install/turtlebot_spawn_follower/share/turtlebot_spawn_follower/environment/path.dsv
[1.019s] -- Symlinking: /home/ashwin/ros2_ws/install/turtlebot_spawn_follower/share/turtlebot_spawn_follower/local_setup.bash
[1.026s] -- Symlinking: /home/ashwin/ros2_ws/install/turtlebot_spawn_follower/share/turtlebot_spawn_follower/local_setup.sh
[1.034s] -- Symlinking: /home/ashwin/ros2_ws/install/turtlebot_spawn_follower/share/turtlebot_spawn_follower/local_setup.zsh
[1.042s] -- Symlinking: /home/ashwin/ros2_ws/install/turtlebot_spawn_follower/share/turtlebot_spawn_follower/local_setup.dsv
[1.051s] -- Symlinking: /home/ashwin/ros2_ws/install/turtlebot_spawn_follower/share/turtlebot_spawn_follower/package.dsv
[1.059s] -- Symlinking: /home/ashwin/ros2_ws/install/turtlebot_spawn_follower/share/ament_index/resource_index/packages/turtlebot_spawn_follower
[1.066s] -- Symlinking: /home/ashwin/ros2_ws/install/turtlebot_spawn_follower/share/turtlebot_spawn_follower/cmake/turtlebot_spawn_followerConfig.cmake
[1.075s] -- Symlinking: /home/ashwin/ros2_ws/install/turtlebot_spawn_follower/share/turtlebot_spawn_follower/cmake/turtlebot_spawn_followerConfig-version.cmake
[1.086s] -- Symlinking: /home/ashwin/ros2_ws/install/turtlebot_spawn_follower/share/turtlebot_spawn_follower/package.xml
[1.097s] Invoked command in '/home/ashwin/ros2_ws/build/turtlebot_spawn_follower' returned '0': CMAKE_PREFIX_PATH=/home/ashwin/ros2_ws/install/my_robot_controller:/opt/ros/humble /usr/bin/cmake --install /home/ashwin/ros2_ws/build/turtlebot_spawn_follower
